#
# A fatal error has been detected by the Java Runtime Environment:
#
#  SIGSEGV (0xb) at pc=0x00007eff18fbef58, pid=6503, tid=139634239710976
#
# JRE version: 6.0_24-b24
# Java VM: OpenJDK 64-Bit Server VM (20.0-b12 mixed mode linux-amd64 compressed oops)
# Derivative: IcedTea6 1.11.1
# Distribution: Debian GNU/Linux unstable (sid), package 6b24-1.11.1-3
# Problematic frame:
# C  [libX11.so.6+0x3cf58]  XQueryExtension+0x28
#
# If you would like to submit a bug report, please include
# instructions how to reproduce the bug and visit:
#   http://icedtea.classpath.org/bugzilla
#

---------------  T H R E A D  ---------------

Current thread is native thread

siginfo:si_signo=SIGSEGV: si_errno=0, si_code=1 (SEGV_MAPERR), si_addr=0x000000000c074ee8

Registers:
RAX=0x00000000009cd5d0, RBX=0x000000000c074580, RCX=0x00007fffc01f27e8, RDX=0x00007fffc01f27e4
RSP=0x00007fffc01f2780, RBP=0x00007eff12c63952, RSI=0x00007eff12c63952, RDI=0x000000000c074580
R8 =0x00007fffc01f27ec, R9 =0x0000000000000000, R10=0x00007eff209de768, R11=0x00007eff206910d0
R12=0x00007fffc01f27e4, R13=0x00007eff12c63952, R14=0x00000000009cd5d0, R15=0x0000000000000000
RIP=0x00007eff18fbef58, EFLAGS=0x0000000000010202, CSGSFS=0x0000000000000033, ERR=0x0000000000000004
  TRAPNO=0x000000000000000e

Top of Stack: (sp=0x00007fffc01f2780)
0x00007fffc01f2780:   0000000000000020 0000000000000000
0x00007fffc01f2790:   00007eff206685c8 00007eff2141c000
0x00007fffc01f27a0:   00007eff206685c8 000000000c074580
0x00007fffc01f27b0:   00007eff12c63952 0000000000000000
0x00007fffc01f27c0:   00007eff12c63952 00000000009cd5d0
0x00007fffc01f27d0:   0000000000000000 00007eff18fb2905
0x00007fffc01f27e0:   00007eff0c065770 00007eff12d9c540
0x00007fffc01f27f0:   00007eff12d9c540 000000000c074580
0x00007fffc01f2800:   00007eff0c00b7f0 00007eff192cfb8b
0x00007fffc01f2810:   0101010101010101 00000011206685c8
0x00007fffc01f2820:   00007fffc01f28a0 0000000000000000
0x00007fffc01f2830:   00007fffc01f28a0 000000000c074580
0x00007fffc01f2840:   00007eff2143b048 00007eff0c065770
0x00007fffc01f2850:   00007eff12db5d70 00007eff12c0a129
0x00007fffc01f2860:   0000000000000000 000000000000002b
0x00007fffc01f2870:   00007fffc01f28a0 0000000000000000
0x00007fffc01f2880:   00007eff2143b048 00007eff0c065770
0x00007fffc01f2890:   000000000000001b 00007eff12c00b42
0x00007fffc01f28a0:   00007fffc01f2aa0 00007eff12c638c1
0x00007fffc01f28b0:   00007fffc01f2aa0 00007eff2122923c
0x00007fffc01f28c0:   00007eff2143c1c8 00007eff2143c758
0x00007fffc01f28d0:   00007eff2141d508 00000000009d4550
0x00007fffc01f28e0:   00000000009d4a30 00000000009d4f30
0x00007fffc01f28f0:   00000000009d9c30 00007eff141054d0
0x00007fffc01f2900:   00007eff141059b0 00007eff214397f8
0x00007fffc01f2910:   00007eff0c060300 00007eff0c05fe30
0x00007fffc01f2920:   00007eff0c058360 00007eff0c058800
0x00007fffc01f2930:   00007eff14092060 00007eff1408ffe0
0x00007fffc01f2940:   00007eff14090480 00007eff1408d3d0
0x00007fffc01f2950:   00000000009d0570 00000000009d0b50
0x00007fffc01f2960:   00000000009cfeb0 00000000009cb5f0
0x00007fffc01f2970:   00000000009cbb60 00000000009cc570 

Instructions: (pc=0x00007eff18fbef58)
0x00007eff18fbef38:   24 d8 48 89 fb 4c 89 64 24 e0 4c 89 6c 24 e8 49
0x00007eff18fbef48:   89 d4 4c 89 74 24 f0 4c 89 7c 24 f8 48 83 ec 58
0x00007eff18fbef58:   48 8b 87 68 09 00 00 49 89 f5 48 89 cd 4d 89 c6
0x00007eff18fbef68:   48 85 c0 74 02 ff 10 4c 8b bb b0 00 00 00 49 8d 

Register to memory mapping:

RAX=0x00000000009cd5d0 is an unknown value
RBX=0x000000000c074580 is an unknown value
RCX=0x00007fffc01f27e8 is an unknown value
RDX=0x00007fffc01f27e4 is an unknown value
RSP=0x00007fffc01f2780 is an unknown value
RBP=0x00007eff12c63952: <offset 0x96952> in /usr/lib/x86_64-linux-gnu/libGL.so.1 at 0x00007eff12bcd000
RSI=0x00007eff12c63952: <offset 0x96952> in /usr/lib/x86_64-linux-gnu/libGL.so.1 at 0x00007eff12bcd000
RDI=0x000000000c074580 is an unknown value
R8 =0x00007fffc01f27ec is an unknown value
R9 =0x0000000000000000 is an unknown value
R10=0x00007eff209de768: <offset 0x384768> in /lib/x86_64-linux-gnu/libc.so.6 at 0x00007eff2065a000
R11=0x00007eff206910d0: __cxa_finalize+0 in /lib/x86_64-linux-gnu/libc.so.6 at 0x00007eff2065a000
R12=0x00007fffc01f27e4 is an unknown value
R13=0x00007eff12c63952: <offset 0x96952> in /usr/lib/x86_64-linux-gnu/libGL.so.1 at 0x00007eff12bcd000
R14=0x00000000009cd5d0 is an unknown value
R15=0x0000000000000000 is an unknown value


Stack: [0x00007fffc00f4000,0x00007fffc01f4000],  sp=0x00007fffc01f2780,  free space=1017k
Native frames: (J=compiled Java code, j=interpreted, Vv=VM code, C=native code)
C  [libX11.so.6+0x3cf58]  XQueryExtension+0x28


---------------  P R O C E S S  ---------------

VM state:at safepoint (shutting down)

VM Mutex/Monitor currently owned by a thread:  ([mutex/lock_event])
[0x00000000009d2920] Threads_lock - owner thread: 0x0000000000a3d000

Heap
 PSYoungGen      total 18496K, used 9582K [0x00000000eb560000, 0x00000000eca00000, 0x0000000100000000)
  eden space 15872K, 60% used [0x00000000eb560000,0x00000000ebebbb40,0x00000000ec4e0000)
  from space 2624K, 0% used [0x00000000ec770000,0x00000000ec770000,0x00000000eca00000)
  to   space 2624K, 0% used [0x00000000ec4e0000,0x00000000ec4e0000,0x00000000ec770000)
 PSOldGen        total 42368K, used 0K [0x00000000c2000000, 0x00000000c4960000, 0x00000000eb560000)
  object space 42368K, 0% used [0x00000000c2000000,0x00000000c2000000,0x00000000c4960000)
 PSPermGen       total 21248K, used 9960K [0x00000000b7a00000, 0x00000000b8ec0000, 0x00000000c2000000)
  object space 21248K, 46% used [0x00000000b7a00000,0x00000000b83ba0d8,0x00000000b8ec0000)

Code Cache  [0x00007eff1b272000, 0x00007eff1b4e2000, 0x00007eff1e272000)
 total_blobs=509 nmethods=53 adapters=410 free_code_cache=49667328 largest_free_block=8064

Dynamic libraries:
00400000-00408000 r-xp 00000000 08:05 3622879                            /usr/lib/jvm/java-6-openjdk-amd64/jre/bin/java
00608000-00609000 rw-p 00008000 08:05 3622879                            /usr/lib/jvm/java-6-openjdk-amd64/jre/bin/java
009cb000-00c8a000 rw-p 00000000 00:00 0                                  [heap]
b7a00000-b8ec0000 rw-p 00000000 00:00 0 
b8ec0000-c2000000 rw-p 00000000 00:00 0 
c2000000-c4960000 rw-p 00000000 00:00 0 
c4960000-eb560000 rw-p 00000000 00:00 0 
eb560000-eca00000 rw-p 00000000 00:00 0 
eca00000-100000000 rw-p 00000000 00:00 0 
7eff0b900000-7eff0c000000 rw-s 00006000 00:05 1847                       /dev/ati/card0
7eff0c000000-7eff0ceec000 rw-p 00000000 00:00 0 
7eff0ceec000-7eff10000000 ---p 00000000 00:00 0 
7eff10245000-7eff1048d000 rw-p 00000000 00:00 0 
7eff1048d000-7eff1048f000 r-xp 00000000 08:05 3598954                    /usr/lib/x86_64-linux-gnu/libXinerama.so.1.0.0
7eff1048f000-7eff1068e000 ---p 00002000 08:05 3598954                    /usr/lib/x86_64-linux-gnu/libXinerama.so.1.0.0
7eff1068e000-7eff1068f000 rw-p 00001000 08:05 3598954                    /usr/lib/x86_64-linux-gnu/libXinerama.so.1.0.0
7eff1068f000-7eff106ca000 r-xp 00000000 08:05 3597428                    /usr/lib/x86_64-linux-gnu/libatiadlxx.so
7eff106ca000-7eff107c9000 ---p 0003b000 08:05 3597428                    /usr/lib/x86_64-linux-gnu/libatiadlxx.so
7eff107c9000-7eff107d3000 rw-p 0003a000 08:05 3597428                    /usr/lib/x86_64-linux-gnu/libatiadlxx.so
7eff107d3000-7eff107e3000 rw-p 00000000 00:00 0 
7eff107fd000-7eff10804000 r-xp 00000000 08:05 3597940                    /usr/lib/x86_64-linux-gnu/libatiuki.so.1.0
7eff10804000-7eff10904000 ---p 00007000 08:05 3597940                    /usr/lib/x86_64-linux-gnu/libatiuki.so.1.0
7eff10904000-7eff10905000 rw-p 00007000 08:05 3597940                    /usr/lib/x86_64-linux-gnu/libatiuki.so.1.0
7eff10905000-7eff10906000 rw-p 00000000 00:00 0 
7eff10906000-7eff1285a000 r-xp 00000000 08:05 3719191                    /usr/lib/x86_64-linux-gnu/dri/fglrx_dri.so
7eff1285a000-7eff12959000 ---p 01f54000 08:05 3719191                    /usr/lib/x86_64-linux-gnu/dri/fglrx_dri.so
7eff12959000-7eff12aa7000 rwxp 01f53000 08:05 3719191                    /usr/lib/x86_64-linux-gnu/dri/fglrx_dri.so
7eff12aa7000-7eff12bcd000 rwxp 00000000 00:00 0 
7eff12bcd000-7eff12c90000 r-xp 00000000 08:05 3719192                    /usr/lib/x86_64-linux-gnu/fglrx/fglrx-libGL.so.1.2
7eff12c90000-7eff12d8f000 ---p 000c3000 08:05 3719192                    /usr/lib/x86_64-linux-gnu/fglrx/fglrx-libGL.so.1.2
7eff12d8f000-7eff12db6000 rwxp 000c2000 08:05 3719192                    /usr/lib/x86_64-linux-gnu/fglrx/fglrx-libGL.so.1.2
7eff12db6000-7eff12dd6000 rwxp 00000000 00:00 0 
7eff12dd6000-7eff12dd9000 ---p 00000000 00:00 0 
7eff12dd9000-7eff12ed7000 rw-p 00000000 00:00 0 
7eff12ed7000-7eff12edc000 r-xp 00000000 08:05 3598966                    /usr/lib/x86_64-linux-gnu/libXxf86vm.so.1.0.0
7eff12edc000-7eff130db000 ---p 00005000 08:05 3598966                    /usr/lib/x86_64-linux-gnu/libXxf86vm.so.1.0.0
7eff130db000-7eff130dc000 rw-p 00004000 08:05 3598966                    /usr/lib/x86_64-linux-gnu/libXxf86vm.so.1.0.0
7eff130dc000-7eff130e4000 r-xp 00000000 08:05 3598958                    /usr/lib/x86_64-linux-gnu/libXrandr.so.2.2.0
7eff130e4000-7eff132e3000 ---p 00008000 08:05 3598958                    /usr/lib/x86_64-linux-gnu/libXrandr.so.2.2.0
7eff132e3000-7eff132e4000 rw-p 00007000 08:05 3598958                    /usr/lib/x86_64-linux-gnu/libXrandr.so.2.2.0
7eff132e4000-7eff1334b000 r-xp 00000000 08:05 2089394                    /home/plato/lwjgl-2.8.3/native/linux/liblwjgl64.so
7eff1334b000-7eff1354b000 ---p 00067000 08:05 2089394                    /home/plato/lwjgl-2.8.3/native/linux/liblwjgl64.so
7eff1354b000-7eff1354d000 r--p 00067000 08:05 2089394                    /home/plato/lwjgl-2.8.3/native/linux/liblwjgl64.so
7eff1354d000-7eff1354e000 rw-p 00069000 08:05 2089394                    /home/plato/lwjgl-2.8.3/native/linux/liblwjgl64.so
7eff1354e000-7eff1354f000 r-xp 00000000 08:05 3811454                    /usr/lib/jvm/java-6-openjdk-amd64/jre/lib/amd64/libjawt.so
7eff1354f000-7eff1374e000 ---p 00001000 08:05 3811454                    /usr/lib/jvm/java-6-openjdk-amd64/jre/lib/amd64/libjawt.so
7eff1374e000-7eff1374f000 rw-p 00000000 08:05 3811454                    /usr/lib/jvm/java-6-openjdk-amd64/jre/lib/amd64/libjawt.so
7eff1374f000-7eff13752000 ---p 00000000 00:00 0 
7eff13752000-7eff13850000 rw-p 00000000 00:00 0 
7eff13850000-7eff13855000 r-xp 00000000 08:05 3598942                    /usr/lib/x86_64-linux-gnu/libXfixes.so.3.1.0
7eff13855000-7eff13a55000 ---p 00005000 08:05 3598942                    /usr/lib/x86_64-linux-gnu/libXfixes.so.3.1.0
7eff13a55000-7eff13a56000 rw-p 00005000 08:05 3598942                    /usr/lib/x86_64-linux-gnu/libXfixes.so.3.1.0
7eff13a56000-7eff13a5f000 r-xp 00000000 08:05 3597931                    /usr/lib/x86_64-linux-gnu/libXcursor.so.1.0.2
7eff13a5f000-7eff13c5f000 ---p 00009000 08:05 3597931                    /usr/lib/x86_64-linux-gnu/libXcursor.so.1.0.2
7eff13c5f000-7eff13c60000 rw-p 00009000 08:05 3597931                    /usr/lib/x86_64-linux-gnu/libXcursor.so.1.0.2
7eff13c60000-7eff13c63000 ---p 00000000 00:00 0 
7eff13c63000-7eff13d61000 rw-p 00000000 00:00 0 
7eff13d61000-7eff13dfa000 r-xp 00000000 08:05 3597483                    /usr/lib/x86_64-linux-gnu/libfreetype.so.6.8.1
7eff13dfa000-7eff13ff9000 ---p 00099000 08:05 3597483                    /usr/lib/x86_64-linux-gnu/libfreetype.so.6.8.1
7eff13ff9000-7eff13fff000 r--p 00098000 08:05 3597483                    /usr/lib/x86_64-linux-gnu/libfreetype.so.6.8.1
7eff13fff000-7eff14000000 rw-p 0009e000 08:05 3597483                    /usr/lib/x86_64-linux-gnu/libfreetype.so.6.8.1
7eff14000000-7eff14626000 rw-p 00000000 00:00 0 
7eff14626000-7eff18000000 ---p 00000000 00:00 0 
7eff18016000-7eff18017000 rw-s 00005000 00:05 1847                       /dev/ati/card0
7eff18017000-7eff18037000 rw-s fe9e0000 00:05 1847                       /dev/ati/card0
7eff18037000-7eff18039000 rw-s 00002000 00:05 1847                       /dev/ati/card0
7eff18039000-7eff18044000 r--s 00093000 08:05 1942205                    /home/plato/Downloads/slick.jar
7eff18044000-7eff18048000 r--s 00027000 08:05 2089386                    /home/plato/lwjgl-2.8.3/jar/lwjgl_util.jar
7eff18048000-7eff1804f000 r--s 000fb000 08:05 3457045                    /usr/lib/jvm/java-6-openjdk-common/jre/lib/resources.jar
7eff1804f000-7eff18050000 r--s 00000000 08:05 524688                     /var/cache/fontconfig/c05880de57d1f5e948fdfacc138775d9-le64.cache-3
7eff18050000-7eff18059000 r--s 00000000 08:05 524687                     /var/cache/fontconfig/945677eb7aeaf62f1d50efc3fb3ec7d8-le64.cache-3
7eff18059000-7eff1805e000 r--s 00000000 08:05 524685                     /var/cache/fontconfig/6eb3985aa4124903f6ff08ba781cd364-le64.cache-3
7eff1805e000-7eff18067000 r--s 00000000 08:05 524684                     /var/cache/fontconfig/6d41288fd70b0be22e8c3a91e032eec0-le64.cache-3
7eff18067000-7eff18068000 r--s 00000000 08:05 524683                     /var/cache/fontconfig/4794a0821666d79190d59a36cb4f44b5-le64.cache-3
7eff18068000-7eff18096000 r--s 00000000 08:05 524682                     /var/cache/fontconfig/365b55f210c0a22e9a19e35191240f32-le64.cache-3
7eff18096000-7eff18099000 r--s 00000000 08:05 524681                     /var/cache/fontconfig/c57959a16110560c8d0fcea73374aeeb-le64.cache-3
7eff18099000-7eff1809e000 r--s 00000000 08:05 524680                     /var/cache/fontconfig/3047814df9a2f067bd2d96a2b9c36e5a-le64.cache-3
7eff1809e000-7eff180a1000 r--s 00000000 08:05 524679                     /var/cache/fontconfig/e49e89034d371f0f9de17aab02136486-le64.cache-3
7eff180a1000-7eff180b1000 r--s 00000000 08:05 524606                     /var/cache/fontconfig/d52a8644073d54c13679302ca1180695-le64.cache-3
7eff180b1000-7eff180b8000 r--s 00000000 08:05 524677                     /var/cache/fontconfig/3f7329c5293ffd510edef78f73874cfd-le64.cache-3
7eff180b8000-7eff180b9000 r--s 00000000 08:05 524688                     /var/cache/fontconfig/c05880de57d1f5e948fdfacc138775d9-le64.cache-3
7eff180b9000-7eff180c2000 r--s 00000000 08:05 524687                     /var/cache/fontconfig/945677eb7aeaf62f1d50efc3fb3ec7d8-le64.cache-3
7eff180c2000-7eff180c7000 r--s 00000000 08:05 524685                     /var/cache/fontconfig/6eb3985aa4124903f6ff08ba781cd364-le64.cache-3
7eff180c7000-7eff180d0000 r--s 00000000 08:05 524684                     /var/cache/fontconfig/6d41288fd70b0be22e8c3a91e032eec0-le64.cache-3
7eff180d0000-7eff180d1000 r--s 00000000 08:05 524683                     /var/cache/fontconfig/4794a0821666d79190d59a36cb4f44b5-le64.cache-3
7eff180d1000-7eff180ff000 r--s 00000000 08:05 524682                     /var/cache/fontconfig/365b55f210c0a22e9a19e35191240f32-le64.cache-3
7eff180ff000-7eff18139000 r-xp 00000000 08:05 3811453                    /usr/lib/jvm/java-6-openjdk-amd64/jre/lib/amd64/libfontmanager.so
7eff18139000-7eff18338000 ---p 0003a000 08:05 3811453                    /usr/lib/jvm/java-6-openjdk-amd64/jre/lib/amd64/libfontmanager.so
7eff18338000-7eff1833a000 rw-p 00039000 08:05 3811453                    /usr/lib/jvm/java-6-openjdk-amd64/jre/lib/amd64/libfontmanager.so
7eff1833a000-7eff1833b000 rw-p 00000000 00:00 0 
7eff1833b000-7eff18340000 r-xp 00000000 08:05 3597207                    /usr/lib/x86_64-linux-gnu/libXdmcp.so.6.0.0
7eff18340000-7eff1853f000 ---p 00005000 08:05 3597207                    /usr/lib/x86_64-linux-gnu/libXdmcp.so.6.0.0
7eff1853f000-7eff18540000 rw-p 00004000 08:05 3597207                    /usr/lib/x86_64-linux-gnu/libXdmcp.so.6.0.0
7eff18540000-7eff18542000 r-xp 00000000 08:05 3597205                    /usr/lib/x86_64-linux-gnu/libXau.so.6.0.0
7eff18542000-7eff18742000 ---p 00002000 08:05 3597205                    /usr/lib/x86_64-linux-gnu/libXau.so.6.0.0
7eff18742000-7eff18743000 rw-p 00002000 08:05 3597205                    /usr/lib/x86_64-linux-gnu/libXau.so.6.0.0
7eff18743000-7eff18762000 r-xp 00000000 08:05 3597447                    /usr/lib/x86_64-linux-gnu/libxcb.so.1.1.0
7eff18762000-7eff18961000 ---p 0001f000 08:05 3597447                    /usr/lib/x86_64-linux-gnu/libxcb.so.1.1.0
7eff18961000-7eff18962000 r--p 0001e000 08:05 3597447                    /usr/lib/x86_64-linux-gnu/libxcb.so.1.1.0
7eff18962000-7eff18963000 rw-p 0001f000 08:05 3597447                    /usr/lib/x86_64-linux-gnu/libxcb.so.1.1.0
7eff18963000-7eff18972000 r-xp 00000000 08:05 3597444                    /usr/lib/x86_64-linux-gnu/libXi.so.6.1.0
7eff18972000-7eff18b71000 ---p 0000f000 08:05 3597444                    /usr/lib/x86_64-linux-gnu/libXi.so.6.1.0
7eff18b71000-7eff18b72000 rw-p 0000e000 08:05 3597444                    /usr/lib/x86_64-linux-gnu/libXi.so.6.1.0
7eff18b72000-7eff18b77000 r-xp 00000000 08:05 3598962                    /usr/lib/x86_64-linux-gnu/libXtst.so.6.1.0
7eff18b77000-7eff18d77000 ---p 00005000 08:05 3598962                    /usr/lib/x86_64-linux-gnu/libXtst.so.6.1.0
7eff18d77000-7eff18d78000 rw-p 00005000 08:05 3598962                    /usr/lib/x86_64-linux-gnu/libXtst.so.6.1.0
7eff18d78000-7eff18d82000 r-xp 00000000 08:05 3598944                    /usr/lib/x86_64-linux-gnu/libXrender.so.1.3.0
7eff18d82000-7eff18f81000 ---p 0000a000 08:05 3598944                    /usr/lib/x86_64-linux-gnu/libXrender.so.1.3.0
7eff18f81000-7eff18f82000 rw-p 00009000 08:05 3598944                    /usr/lib/x86_64-linux-gnu/libXrender.so.1.3.0
7eff18f82000-7eff190bb000 r-xp 00000000 08:05 3597441                    /usr/lib/x86_64-linux-gnu/libX11.so.6.3.0
7eff190bb000-7eff192bb000 ---p 00139000 08:05 3597441                    /usr/lib/x86_64-linux-gnu/libX11.so.6.3.0
7eff192bb000-7eff192c1000 rw-p 00139000 08:05 3597441                    /usr/lib/x86_64-linux-gnu/libX11.so.6.3.0
7eff192c1000-7eff192d3000 r-xp 00000000 08:05 3597735                    /usr/lib/x86_64-linux-gnu/libXext.so.6.4.0
7eff192d3000-7eff194d3000 ---p 00012000 08:05 3597735                    /usr/lib/x86_64-linux-gnu/libXext.so.6.4.0
7eff194d3000-7eff194d4000 rw-p 00012000 08:05 3597735                    /usr/lib/x86_64-linux-gnu/libXext.so.6.4.0
7eff194d4000-7eff19521000 r-xp 00000000 08:05 3817527                    /usr/lib/jvm/java-6-openjdk-amd64/jre/lib/amd64/xawt/libmawt.so
7eff19521000-7eff19720000 ---p 0004d000 08:05 3817527                    /usr/lib/jvm/java-6-openjdk-amd64/jre/lib/amd64/xawt/libmawt.so
7eff19720000-7eff19723000 rw-p 0004c000 08:05 3817527                    /usr/lib/jvm/java-6-openjdk-amd64/jre/lib/amd64/xawt/libmawt.so
7eff19723000-7eff19725000 rw-p 00000000 00:00 0 
7eff19725000-7eff197d0000 r-xp 00000000 08:05 3811464                    /usr/lib/jvm/java-6-openjdk-amd64/jre/lib/amd64/libawt.so
7eff197d0000-7eff199cf000 ---p 000ab000 08:05 3811464                    /usr/lib/jvm/java-6-openjdk-amd64/jre/lib/amd64/libawt.so
7eff199cf000-7eff199db000 rw-p 000aa000 08:05 3811464                    /usr/lib/jvm/java-6-openjdk-amd64/jre/lib/amd64/libawt.so
7eff199db000-7eff199ff000 rw-p 00000000 00:00 0 
7eff199ff000-7eff19a02000 r--s 0007d000 08:05 3457063                    /usr/lib/jvm/java-6-openjdk-common/jre/lib/jsse.jar
7eff19a02000-7eff19a0e000 r--s 000d8000 08:05 2089384                    /home/plato/lwjgl-2.8.3/jar/lwjgl.jar
7eff19a0e000-7eff19a10000 r--s 00001000 08:05 3457049                    /usr/lib/jvm/java-6-openjdk-common/jre/lib/ext/dnsns.jar
7eff19a10000-7eff19a13000 r--s 00031000 08:05 3457047                    /usr/lib/jvm/java-6-openjdk-common/jre/lib/ext/sunjce_provider.jar
7eff19a13000-7eff19a16000 r--s 00077000 08:05 3457050                    /usr/lib/jvm/java-6-openjdk-common/jre/lib/ext/localedata.jar
7eff19a16000-7eff19a1a000 r--s 00038000 08:05 3457051                    /usr/lib/jvm/java-6-openjdk-common/jre/lib/ext/sunpkcs11.jar
7eff19a1a000-7eff19a1c000 r--s 0000f000 08:05 3457048                    /usr/lib/jvm/java-6-openjdk-common/jre/lib/ext/pulse-java.jar
7eff19a1c000-7eff19a1d000 r--s 00007000 08:05 3393499                    /usr/share/java/java-atk-wrapper.jar
7eff19a1d000-7eff19a1e000 ---p 00000000 00:00 0 
7eff19a1e000-7eff19b1e000 rw-p 00000000 00:00 0 
7eff19b1e000-7eff19b21000 ---p 00000000 00:00 0 
7eff19b21000-7eff19c1f000 rw-p 00000000 00:00 0 
7eff19c1f000-7eff19c22000 ---p 00000000 00:00 0 
7eff19c22000-7eff19d20000 rw-p 00000000 00:00 0 
7eff19d20000-7eff19d23000 ---p 00000000 00:00 0 
7eff19d23000-7eff19e21000 rw-p 00000000 00:00 0 
7eff19e21000-7eff19e24000 ---p 00000000 00:00 0 
7eff19e24000-7eff19f22000 rw-p 00000000 00:00 0 
7eff19f22000-7eff1a099000 r--p 00000000 08:05 3342755                    /usr/lib/locale/locale-archive
7eff1a099000-7eff1a09c000 ---p 00000000 00:00 0 
7eff1a09c000-7eff1a19a000 rw-p 00000000 00:00 0 
7eff1a19a000-7eff1a19d000 ---p 00000000 00:00 0 
7eff1a19d000-7eff1a29b000 rw-p 00000000 00:00 0 
7eff1a29b000-7eff1a29c000 ---p 00000000 00:00 0 
7eff1a29c000-7eff1a8d4000 rw-p 00000000 00:00 0 
7eff1a8d4000-7eff1aa64000 r--s 037ba000 08:05 3622889                    /usr/lib/jvm/java-6-openjdk-amd64/jre/lib/rt.jar
7eff1aa64000-7eff1aa8c000 rw-p 00000000 00:00 0 
7eff1aa8c000-7eff1aa8d000 ---p 00000000 00:00 0 
7eff1aa8d000-7eff1ab8d000 rw-p 00000000 00:00 0 
7eff1ab8d000-7eff1ab8e000 ---p 00000000 00:00 0 
7eff1ab8e000-7eff1ac8e000 rw-p 00000000 00:00 0 
7eff1ac8e000-7eff1ac8f000 ---p 00000000 00:00 0 
7eff1ac8f000-7eff1ad8f000 rw-p 00000000 00:00 0 
7eff1ad8f000-7eff1ad90000 ---p 00000000 00:00 0 
7eff1ad90000-7eff1ae9b000 rw-p 00000000 00:00 0 
7eff1ae9b000-7eff1aee3000 rw-p 00000000 00:00 0 
7eff1aee3000-7eff1aef8000 rw-p 00000000 00:00 0 
7eff1aef8000-7eff1b02e000 rw-p 00000000 00:00 0 
7eff1b02e000-7eff1b039000 rw-p 00000000 00:00 0 
7eff1b039000-7eff1b081000 rw-p 00000000 00:00 0 
7eff1b081000-7eff1b096000 rw-p 00000000 00:00 0 
7eff1b096000-7eff1b1cb000 rw-p 00000000 00:00 0 
7eff1b1cb000-7eff1b1d6000 rw-p 00000000 00:00 0 
7eff1b1d6000-7eff1b271000 rw-p 00000000 00:00 0 
7eff1b271000-7eff1b272000 rw-p 00000000 00:00 0 
7eff1b272000-7eff1b4e2000 rwxp 00000000 00:00 0 
7eff1b4e2000-7eff1e272000 rw-p 00000000 00:00 0 
7eff1e272000-7eff1e279000 r-xp 00000000 08:05 3811443                    /usr/lib/jvm/java-6-openjdk-amd64/jre/lib/amd64/libzip.so
7eff1e279000-7eff1e478000 ---p 00007000 08:05 3811443                    /usr/lib/jvm/java-6-openjdk-amd64/jre/lib/amd64/libzip.so
7eff1e478000-7eff1e479000 rw-p 00006000 08:05 3811443                    /usr/lib/jvm/java-6-openjdk-amd64/jre/lib/amd64/libzip.so
7eff1e479000-7eff1e484000 r-xp 00000000 08:05 5194066                    /lib/x86_64-linux-gnu/libnss_files-2.13.so
7eff1e484000-7eff1e683000 ---p 0000b000 08:05 5194066                    /lib/x86_64-linux-gnu/libnss_files-2.13.so
7eff1e683000-7eff1e684000 r--p 0000a000 08:05 5194066                    /lib/x86_64-linux-gnu/libnss_files-2.13.so
7eff1e684000-7eff1e685000 rw-p 0000b000 08:05 5194066                    /lib/x86_64-linux-gnu/libnss_files-2.13.so
7eff1e685000-7eff1e68f000 r-xp 00000000 08:05 5193832                    /lib/x86_64-linux-gnu/libnss_nis-2.13.so
7eff1e68f000-7eff1e88e000 ---p 0000a000 08:05 5193832                    /lib/x86_64-linux-gnu/libnss_nis-2.13.so
7eff1e88e000-7eff1e88f000 r--p 00009000 08:05 5193832                    /lib/x86_64-linux-gnu/libnss_nis-2.13.so
7eff1e88f000-7eff1e890000 rw-p 0000a000 08:05 5193832                    /lib/x86_64-linux-gnu/libnss_nis-2.13.so
7eff1e890000-7eff1e897000 r-xp 00000000 08:05 5194060                    /lib/x86_64-linux-gnu/libnss_compat-2.13.so
7eff1e897000-7eff1ea96000 ---p 00007000 08:05 5194060                    /lib/x86_64-linux-gnu/libnss_compat-2.13.so
7eff1ea96000-7eff1ea97000 r--p 00006000 08:05 5194060                    /lib/x86_64-linux-gnu/libnss_compat-2.13.so
7eff1ea97000-7eff1ea98000 rw-p 00007000 08:05 5194060                    /lib/x86_64-linux-gnu/libnss_compat-2.13.so
7eff1ea98000-7eff1eaad000 r-xp 00000000 08:05 5194056                    /lib/x86_64-linux-gnu/libnsl-2.13.so
7eff1eaad000-7eff1ecac000 ---p 00015000 08:05 5194056                    /lib/x86_64-linux-gnu/libnsl-2.13.so
7eff1ecac000-7eff1ecad000 r--p 00014000 08:05 5194056                    /lib/x86_64-linux-gnu/libnsl-2.13.so
7eff1ecad000-7eff1ecae000 rw-p 00015000 08:05 5194056                    /lib/x86_64-linux-gnu/libnsl-2.13.so
7eff1ecae000-7eff1ecb0000 rw-p 00000000 00:00 0 
7eff1ecb0000-7eff1ecdd000 r-xp 00000000 08:05 3811445                    /usr/lib/jvm/java-6-openjdk-amd64/jre/lib/amd64/libjava.so
7eff1ecdd000-7eff1eedc000 ---p 0002d000 08:05 3811445                    /usr/lib/jvm/java-6-openjdk-amd64/jre/lib/amd64/libjava.so
7eff1eedc000-7eff1eee0000 rw-p 0002c000 08:05 3811445                    /usr/lib/jvm/java-6-openjdk-amd64/jre/lib/amd64/libjava.so
7eff1eee0000-7eff1eeee000 r-xp 00000000 08:05 3811450                    /usr/lib/jvm/java-6-openjdk-amd64/jre/lib/amd64/libverify.so
7eff1eeee000-7eff1f0ed000 ---p 0000e000 08:05 3811450                    /usr/lib/jvm/java-6-openjdk-amd64/jre/lib/amd64/libverify.so
7eff1f0ed000-7eff1f0ef000 rw-p 0000d000 08:05 3811450                    /usr/lib/jvm/java-6-openjdk-amd64/jre/lib/amd64/libverify.so
7eff1f0ef000-7eff1f0f6000 r-xp 00000000 08:05 5194063                    /lib/x86_64-linux-gnu/librt-2.13.so
7eff1f0f6000-7eff1f2f5000 ---p 00007000 08:05 5194063                    /lib/x86_64-linux-gnu/librt-2.13.so
7eff1f2f5000-7eff1f2f6000 r--p 00006000 08:05 5194063                    /lib/x86_64-linux-gnu/librt-2.13.so
7eff1f2f6000-7eff1f2f7000 rw-p 00007000 08:05 5194063                    /lib/x86_64-linux-gnu/librt-2.13.so
7eff1f2f7000-7eff1f30c000 r-xp 00000000 08:05 5193796                    /lib/x86_64-linux-gnu/libgcc_s.so.1
7eff1f30c000-7eff1f50c000 ---p 00015000 08:05 5193796                    /lib/x86_64-linux-gnu/libgcc_s.so.1
7eff1f50c000-7eff1f50d000 rw-p 00015000 08:05 5193796                    /lib/x86_64-linux-gnu/libgcc_s.so.1
7eff1f50d000-7eff1f58e000 r-xp 00000000 08:05 5193831                    /lib/x86_64-linux-gnu/libm-2.13.so
7eff1f58e000-7eff1f78d000 ---p 00081000 08:05 5193831                    /lib/x86_64-linux-gnu/libm-2.13.so
7eff1f78d000-7eff1f78e000 r--p 00080000 08:05 5193831                    /lib/x86_64-linux-gnu/libm-2.13.so
7eff1f78e000-7eff1f78f000 rw-p 00081000 08:05 5193831                    /lib/x86_64-linux-gnu/libm-2.13.so
7eff1f78f000-7eff1f874000 r-xp 00000000 08:05 3599050                    /usr/lib/x86_64-linux-gnu/libstdc++.so.6.0.16
7eff1f874000-7eff1fa74000 ---p 000e5000 08:05 3599050                    /usr/lib/x86_64-linux-gnu/libstdc++.so.6.0.16
7eff1fa74000-7eff1fa7c000 r--p 000e5000 08:05 3599050                    /usr/lib/x86_64-linux-gnu/libstdc++.so.6.0.16
7eff1fa7c000-7eff1fa7e000 rw-p 000ed000 08:05 3599050                    /usr/lib/x86_64-linux-gnu/libstdc++.so.6.0.16
7eff1fa7e000-7eff1fa93000 rw-p 00000000 00:00 0 
7eff1fa93000-7eff20396000 r-xp 00000000 08:05 3811439                    /usr/lib/jvm/java-6-openjdk-amd64/jre/lib/amd64/server/libjvm.so
7eff20396000-7eff20596000 ---p 00903000 08:05 3811439                    /usr/lib/jvm/java-6-openjdk-amd64/jre/lib/amd64/server/libjvm.so
7eff20596000-7eff20631000 rw-p 00903000 08:05 3811439                    /usr/lib/jvm/java-6-openjdk-amd64/jre/lib/amd64/server/libjvm.so
7eff20631000-7eff2065a000 rw-p 00000000 00:00 0 
7eff2065a000-7eff207d7000 r-xp 00000000 08:05 5194051                    /lib/x86_64-linux-gnu/libc-2.13.so
7eff207d7000-7eff209d7000 ---p 0017d000 08:05 5194051                    /lib/x86_64-linux-gnu/libc-2.13.so
7eff209d7000-7eff209db000 r--p 0017d000 08:05 5194051                    /lib/x86_64-linux-gnu/libc-2.13.so
7eff209db000-7eff209dc000 rw-p 00181000 08:05 5194051                    /lib/x86_64-linux-gnu/libc-2.13.so
7eff209dc000-7eff209e1000 rw-p 00000000 00:00 0 
7eff209e1000-7eff209e3000 r-xp 00000000 08:05 5194062                    /lib/x86_64-linux-gnu/libdl-2.13.so
7eff209e3000-7eff20be3000 ---p 00002000 08:05 5194062                    /lib/x86_64-linux-gnu/libdl-2.13.so
7eff20be3000-7eff20be4000 r--p 00002000 08:05 5194062                    /lib/x86_64-linux-gnu/libdl-2.13.so
7eff20be4000-7eff20be5000 rw-p 00003000 08:05 5194062                    /lib/x86_64-linux-gnu/libdl-2.13.so
7eff20be5000-7eff20be9000 r-xp 00000000 08:05 3817478                    /usr/lib/jvm/java-6-openjdk-amd64/jre/lib/amd64/jli/libjli.so
7eff20be9000-7eff20de8000 ---p 00004000 08:05 3817478                    /usr/lib/jvm/java-6-openjdk-amd64/jre/lib/amd64/jli/libjli.so
7eff20de8000-7eff20de9000 rw-p 00003000 08:05 3817478                    /usr/lib/jvm/java-6-openjdk-amd64/jre/lib/amd64/jli/libjli.so
7eff20de9000-7eff20e00000 r-xp 00000000 08:05 5194069                    /lib/x86_64-linux-gnu/libpthread-2.13.so
7eff20e00000-7eff20fff000 ---p 00017000 08:05 5194069                    /lib/x86_64-linux-gnu/libpthread-2.13.so
7eff20fff000-7eff21000000 r--p 00016000 08:05 5194069                    /lib/x86_64-linux-gnu/libpthread-2.13.so
7eff21000000-7eff21001000 rw-p 00017000 08:05 5194069                    /lib/x86_64-linux-gnu/libpthread-2.13.so
7eff21001000-7eff21005000 rw-p 00000000 00:00 0 
7eff21005000-7eff2101b000 r-xp 00000000 08:05 3597430                    /usr/lib/x86_64-linux-gnu/libz.so.1.2.6
7eff2101b000-7eff2121a000 ---p 00016000 08:05 3597430                    /usr/lib/x86_64-linux-gnu/libz.so.1.2.6
7eff2121a000-7eff2121b000 rw-p 00015000 08:05 3597430                    /usr/lib/x86_64-linux-gnu/libz.so.1.2.6
7eff2121b000-7eff2123a000 r-xp 00000000 08:05 5193965                    /lib/x86_64-linux-gnu/ld-2.13.so
7eff2123a000-7eff2123c000 r--s 00000000 08:05 524678                     /var/cache/fontconfig/4b14b093aebc79c320de5e86ae1d3314-le64.cache-3
7eff2123c000-7eff2123d000 r--s 00000000 08:05 524403                     /var/cache/fontconfig/62f91419b9ebdb6975e7e41ab6412357-le64.cache-3
7eff2123d000-7eff21240000 r--s 00000000 08:05 524670                     /var/cache/fontconfig/e13b20fdb08344e0e664864cc2ede53d-le64.cache-3
7eff21240000-7eff21243000 r--s 00000000 08:05 524681                     /var/cache/fontconfig/c57959a16110560c8d0fcea73374aeeb-le64.cache-3
7eff21243000-7eff21248000 r--s 00000000 08:05 524680                     /var/cache/fontconfig/3047814df9a2f067bd2d96a2b9c36e5a-le64.cache-3
7eff21248000-7eff21258000 r--s 00000000 08:05 524606                     /var/cache/fontconfig/d52a8644073d54c13679302ca1180695-le64.cache-3
7eff21258000-7eff21262000 rw-p 00000000 00:00 0 
7eff21262000-7eff21318000 rw-p 00000000 00:00 0 
7eff21318000-7eff2131b000 ---p 00000000 00:00 0 
7eff2131b000-7eff2141e000 rw-p 00000000 00:00 0 
7eff2141e000-7eff21421000 r--s 00000000 08:05 524679                     /var/cache/fontconfig/e49e89034d371f0f9de17aab02136486-le64.cache-3
7eff21421000-7eff21423000 r--s 00000000 08:05 524678                     /var/cache/fontconfig/4b14b093aebc79c320de5e86ae1d3314-le64.cache-3
7eff21423000-7eff2142a000 r--s 00000000 08:05 524677                     /var/cache/fontconfig/3f7329c5293ffd510edef78f73874cfd-le64.cache-3
7eff2142a000-7eff2142b000 r--s 00000000 08:05 524403                     /var/cache/fontconfig/62f91419b9ebdb6975e7e41ab6412357-le64.cache-3
7eff2142b000-7eff2142e000 r--s 00000000 08:05 524670                     /var/cache/fontconfig/e13b20fdb08344e0e664864cc2ede53d-le64.cache-3
7eff2142e000-7eff21436000 rw-s 00000000 00:11 22152                      /tmp/hsperfdata_plato/6503 (deleted)
7eff21436000-7eff21437000 rw-p 00000000 00:00 0 
7eff21437000-7eff21438000 ---p 00000000 00:00 0 
7eff21438000-7eff2143a000 rw-p 00000000 00:00 0 
7eff2143a000-7eff2143b000 r--p 0001f000 08:05 5193965                    /lib/x86_64-linux-gnu/ld-2.13.so
7eff2143b000-7eff2143c000 rw-p 00020000 08:05 5193965                    /lib/x86_64-linux-gnu/ld-2.13.so
7eff2143c000-7eff2143d000 rw-p 00000000 00:00 0 
7fffc01d3000-7fffc01f4000 rw-p 00000000 00:00 0                          [stack]
7fffc01ff000-7fffc0200000 r-xp 00000000 00:00 0                          [vdso]
ffffffffff600000-ffffffffff601000 r-xp 00000000 00:00 0                  [vsyscall]

VM Arguments:
jvm_args: -Djava.library.path=/home/plato/lwjgl-2.8.3/native/linux:/home/plato/lwjgl-2.8.3/native/linux -Dfile.encoding=UTF-8 
java_command: core.Engine
Launcher Type: SUN_STANDARD

Environment Variables:
PATH=/usr/local/bin:/usr/bin:/bin:/usr/local/games:/usr/games
USERNAME=plato
LD_LIBRARY_PATH=/usr/lib/jvm/java-6-openjdk-amd64/jre/lib/amd64/server:/usr/lib/jvm/java-6-openjdk-amd64/jre/lib/amd64:/usr/lib/jvm/java-6-openjdk-amd64/jre/../lib/amd64
SHELL=/bin/bash
DISPLAY=:0

Signal Handlers:
SIGSEGV: [libjvm.so+0x781f30], sa_mask[0]=0x7ffbfeff, sa_flags=0x10000004
SIGBUS: [libjvm.so+0x781f30], sa_mask[0]=0x7ffbfeff, sa_flags=0x10000004
SIGFPE: [libjvm.so+0x646b60], sa_mask[0]=0x7ffbfeff, sa_flags=0x10000004
SIGPIPE: [libjvm.so+0x646b60], sa_mask[0]=0x7ffbfeff, sa_flags=0x10000004
SIGXFSZ: [libjvm.so+0x646b60], sa_mask[0]=0x7ffbfeff, sa_flags=0x10000004
SIGILL: [libjvm.so+0x646b60], sa_mask[0]=0x7ffbfeff, sa_flags=0x10000004
SIGUSR1: SIG_DFL, sa_mask[0]=0x00000000, sa_flags=0x00000000
SIGUSR2: [libjvm.so+0x646cf0], sa_mask[0]=0x00000004, sa_flags=0x10000004
SIGHUP: [libjvm.so+0x6496a0], sa_mask[0]=0x7ffbfeff, sa_flags=0x10000004
SIGINT: [libjvm.so+0x6496a0], sa_mask[0]=0x7ffbfeff, sa_flags=0x10000004
SIGTERM: [libjvm.so+0x6496a0], sa_mask[0]=0x7ffbfeff, sa_flags=0x10000004
SIGQUIT: [libjvm.so+0x6496a0], sa_mask[0]=0x7ffbfeff, sa_flags=0x10000004


---------------  S Y S T E M  ---------------

OS:wheezy/sid

uname:Linux 3.2.0-2-amd64 #1 SMP Sun Apr 15 16:47:38 UTC 2012 x86_64
libc:glibc 2.13 NPTL 2.13 
rlimit: STACK 8192k, CORE 0k, NPROC 31118, NOFILE 4096, AS infinity
load average:0.24 0.08 0.06

/proc/meminfo:
MemTotal:        4061164 kB
MemFree:         2778060 kB
Buffers:           22708 kB
Cached:           435996 kB
SwapCached:            0 kB
Active:           679636 kB
Inactive:         341580 kB
Active(anon):     563088 kB
Inactive(anon):     2700 kB
Active(file):     116548 kB
Inactive(file):   338880 kB
Unevictable:           0 kB
Mlocked:               0 kB
SwapTotal:       4188156 kB
SwapFree:        4188156 kB
Dirty:                68 kB
Writeback:             0 kB
AnonPages:        562512 kB
Mapped:           217396 kB
Shmem:              3276 kB
Slab:              45592 kB
SReclaimable:      20276 kB
SUnreclaim:        25316 kB
KernelStack:        2816 kB
PageTables:        20908 kB
NFS_Unstable:          0 kB
Bounce:                0 kB
WritebackTmp:          0 kB
CommitLimit:     6218736 kB
Committed_AS:    1568896 kB
VmallocTotal:   34359738367 kB
VmallocUsed:      299204 kB
VmallocChunk:   34359434907 kB
HardwareCorrupted:     0 kB
AnonHugePages:         0 kB
HugePages_Total:       0
HugePages_Free:        0
HugePages_Rsvd:        0
HugePages_Surp:        0
Hugepagesize:       2048 kB
DirectMap4k:       95872 kB
DirectMap2M:     3049472 kB
DirectMap1G:     1048576 kB


CPU:total 4 (4 cores per cpu, 1 threads per core) family 16 model 4 stepping 3, cmov, cx8, fxsr, mmx, sse, sse2, sse3, popcnt, mmxext, 3dnowpref, lzcnt, sse4a

Memory: 4k page, physical 4061164k(2778060k free), swap 4188156k(4188156k free)

vm_info: OpenJDK 64-Bit Server VM (20.0-b12) for linux-amd64 JRE (1.6.0_24-b24), built on Feb 27 2012 00:20:15 by "doko" with gcc 4.6.2

time: Wed May  9 21:49:30 2012
elapsed time: 3 seconds

