#
# A fatal error has been detected by the Java Runtime Environment:
#
#  SIGSEGV (0xb) at pc=0x00007f7d39dd7f58, pid=6573, tid=140175957243648
#
# JRE version: 6.0_24-b24
# Java VM: OpenJDK 64-Bit Server VM (20.0-b12 mixed mode linux-amd64 compressed oops)
# Derivative: IcedTea6 1.11.1
# Distribution: Debian GNU/Linux unstable (sid), package 6b24-1.11.1-3
# Problematic frame:
# C  [libX11.so.6+0x3cf58]  XQueryExtension+0x28
#
# If you would like to submit a bug report, please include
# instructions how to reproduce the bug and visit:
#   http://icedtea.classpath.org/bugzilla
#

---------------  T H R E A D  ---------------

Current thread is native thread

siginfo:si_signo=SIGSEGV: si_errno=0, si_code=1 (SEGV_MAPERR), si_addr=0x000000003424c0f8

Registers:
RAX=0x0000000000f385d0, RBX=0x000000003424b790, RCX=0x00007fffc30afa48, RDX=0x00007fffc30afa44
RSP=0x00007fffc30af9e0, RBP=0x00007f7d3397f952, RSI=0x00007f7d3397f952, RDI=0x000000003424b790
R8 =0x00007fffc30afa4c, R9 =0x0000000000000000, R10=0x00007f7d417f7768, R11=0x00007f7d414aa0d0
R12=0x00007fffc30afa44, R13=0x00007f7d3397f952, R14=0x0000000000f385d0, R15=0x0000000000000000
RIP=0x00007f7d39dd7f58, EFLAGS=0x0000000000010202, CSGSFS=0x0000000000000033, ERR=0x0000000000000004
  TRAPNO=0x000000000000000e

Top of Stack: (sp=0x00007fffc30af9e0)
0x00007fffc30af9e0:   0000000000000020 0000000000000000
0x00007fffc30af9f0:   00007f7d414815c8 00007f7d42235000
0x00007fffc30afa00:   00007f7d414815c8 000000003424b790
0x00007fffc30afa10:   00007f7d3397f952 0000000000000000
0x00007fffc30afa20:   00007f7d3397f952 0000000000f385d0
0x00007fffc30afa30:   0000000000000000 00007f7d39dcb905
0x00007fffc30afa40:   00007f7d3423ce00 00007f7d33ab8540
0x00007fffc30afa50:   00007f7d33ab8540 000000003424b790
0x00007fffc30afa60:   00007f7d3416bc30 00007f7d3a0e8b8b
0x00007fffc30afa70:   0101010101010101 00000011414815c8
0x00007fffc30afa80:   00007fffc30afb00 0000000000000000
0x00007fffc30afa90:   00007fffc30afb00 000000003424b790
0x00007fffc30afaa0:   00007f7d42254048 00007f7d3423ce00
0x00007fffc30afab0:   00007f7d33ad1d70 00007f7d33926129
0x00007fffc30afac0:   0000000000000000 000000000000002b
0x00007fffc30afad0:   00007fffc30afb00 0000000000000000
0x00007fffc30afae0:   00007f7d42254048 00007f7d3423ce00
0x00007fffc30afaf0:   000000000000001b 00007f7d3391cb42
0x00007fffc30afb00:   00007fffc30afd00 00007f7d3397f8c1
0x00007fffc30afb10:   00007fffc30afd00 00007f7d4204223c
0x00007fffc30afb20:   00007f7d422551c8 00007f7d42255758
0x00007fffc30afb30:   00007f7d42236508 0000000000f3f550
0x00007fffc30afb40:   0000000000f3fa30 0000000000f3ff30
0x00007fffc30afb50:   0000000000f44c30 00007f7d3411c600
0x00007fffc30afb60:   00007f7d3411cae0 00007f7d422527f8
0x00007fffc30afb70:   00007f7d3423bde0 00007f7d3423b910
0x00007fffc30afb80:   00007f7d34234030 00007f7d342344d0
0x00007fffc30afb90:   0000000001024230 000000000102e250
0x00007fffc30afba0:   000000000102e6f0 0000000001023b60
0x00007fffc30afbb0:   0000000000f3b570 0000000000f3bb50
0x00007fffc30afbc0:   0000000000f3aeb0 0000000000f365f0
0x00007fffc30afbd0:   0000000000f36b60 0000000000f37570 

Instructions: (pc=0x00007f7d39dd7f58)
0x00007f7d39dd7f38:   24 d8 48 89 fb 4c 89 64 24 e0 4c 89 6c 24 e8 49
0x00007f7d39dd7f48:   89 d4 4c 89 74 24 f0 4c 89 7c 24 f8 48 83 ec 58
0x00007f7d39dd7f58:   48 8b 87 68 09 00 00 49 89 f5 48 89 cd 4d 89 c6
0x00007f7d39dd7f68:   48 85 c0 74 02 ff 10 4c 8b bb b0 00 00 00 49 8d 

Register to memory mapping:

RAX=0x0000000000f385d0 is an unknown value
RBX=0x000000003424b790 is an unknown value
RCX=0x00007fffc30afa48 is an unknown value
RDX=0x00007fffc30afa44 is an unknown value
RSP=0x00007fffc30af9e0 is an unknown value
RBP=0x00007f7d3397f952: <offset 0x96952> in /usr/lib/x86_64-linux-gnu/libGL.so.1 at 0x00007f7d338e9000
RSI=0x00007f7d3397f952: <offset 0x96952> in /usr/lib/x86_64-linux-gnu/libGL.so.1 at 0x00007f7d338e9000
RDI=0x000000003424b790 is an unknown value
R8 =0x00007fffc30afa4c is an unknown value
R9 =0x0000000000000000 is an unknown value
R10=0x00007f7d417f7768: <offset 0x384768> in /lib/x86_64-linux-gnu/libc.so.6 at 0x00007f7d41473000
R11=0x00007f7d414aa0d0: __cxa_finalize+0 in /lib/x86_64-linux-gnu/libc.so.6 at 0x00007f7d41473000
R12=0x00007fffc30afa44 is an unknown value
R13=0x00007f7d3397f952: <offset 0x96952> in /usr/lib/x86_64-linux-gnu/libGL.so.1 at 0x00007f7d338e9000
R14=0x0000000000f385d0 is an unknown value
R15=0x0000000000000000 is an unknown value


Stack: [0x00007fffc2fb2000,0x00007fffc30b2000],  sp=0x00007fffc30af9e0,  free space=1014k
Native frames: (J=compiled Java code, j=interpreted, Vv=VM code, C=native code)
C  [libX11.so.6+0x3cf58]  XQueryExtension+0x28


---------------  P R O C E S S  ---------------

VM state:at safepoint (shutting down)

VM Mutex/Monitor currently owned by a thread:  ([mutex/lock_event])
[0x0000000000f3d920] Threads_lock - owner thread: 0x0000000000fa8000

Heap
 PSYoungGen      total 18496K, used 5724K [0x00000000eb560000, 0x00000000eca00000, 0x0000000100000000)
  eden space 15872K, 30% used [0x00000000eb560000,0x00000000eba07318,0x00000000ec4e0000)
  from space 2624K, 36% used [0x00000000ec4e0000,0x00000000ec5d0000,0x00000000ec770000)
  to   space 2624K, 0% used [0x00000000ec770000,0x00000000ec770000,0x00000000eca00000)
 PSOldGen        total 42368K, used 0K [0x00000000c2000000, 0x00000000c4960000, 0x00000000eb560000)
  object space 42368K, 0% used [0x00000000c2000000,0x00000000c2000000,0x00000000c4960000)
 PSPermGen       total 21248K, used 10027K [0x00000000b7a00000, 0x00000000b8ec0000, 0x00000000c2000000)
  object space 21248K, 47% used [0x00000000b7a00000,0x00000000b83cae70,0x00000000b8ec0000)

Code Cache  [0x00007f7d3c08b000, 0x00007f7d3c2fb000, 0x00007f7d3f08b000)
 total_blobs=606 nmethods=150 adapters=410 free_code_cache=49473280 largest_free_block=7232

Dynamic libraries:
00400000-00408000 r-xp 00000000 08:05 3622879                            /usr/lib/jvm/java-6-openjdk-amd64/jre/bin/java
00608000-00609000 rw-p 00008000 08:05 3622879                            /usr/lib/jvm/java-6-openjdk-amd64/jre/bin/java
00f36000-016ac000 rw-p 00000000 00:00 0                                  [heap]
b7a00000-b8ec0000 rw-p 00000000 00:00 0 
b8ec0000-c2000000 rw-p 00000000 00:00 0 
c2000000-c4960000 rw-p 00000000 00:00 0 
c4960000-eb560000 rw-p 00000000 00:00 0 
eb560000-eca00000 rw-p 00000000 00:00 0 
eca00000-100000000 rw-p 00000000 00:00 0 
7f7d30943000-7f7d31043000 rw-s 00006000 00:05 1847                       /dev/ati/card0
7f7d31043000-7f7d311c3000 rw-p 00000000 00:00 0 
7f7d311c3000-7f7d311c5000 r-xp 00000000 08:05 3598954                    /usr/lib/x86_64-linux-gnu/libXinerama.so.1.0.0
7f7d311c5000-7f7d313c4000 ---p 00002000 08:05 3598954                    /usr/lib/x86_64-linux-gnu/libXinerama.so.1.0.0
7f7d313c4000-7f7d313c5000 rw-p 00001000 08:05 3598954                    /usr/lib/x86_64-linux-gnu/libXinerama.so.1.0.0
7f7d313c5000-7f7d31400000 r-xp 00000000 08:05 3597428                    /usr/lib/x86_64-linux-gnu/libatiadlxx.so
7f7d31400000-7f7d314ff000 ---p 0003b000 08:05 3597428                    /usr/lib/x86_64-linux-gnu/libatiadlxx.so
7f7d314ff000-7f7d31509000 rw-p 0003a000 08:05 3597428                    /usr/lib/x86_64-linux-gnu/libatiadlxx.so
7f7d31509000-7f7d31519000 rw-p 00000000 00:00 0 
7f7d31519000-7f7d31520000 r-xp 00000000 08:05 3597940                    /usr/lib/x86_64-linux-gnu/libatiuki.so.1.0
7f7d31520000-7f7d31620000 ---p 00007000 08:05 3597940                    /usr/lib/x86_64-linux-gnu/libatiuki.so.1.0
7f7d31620000-7f7d31621000 rw-p 00007000 08:05 3597940                    /usr/lib/x86_64-linux-gnu/libatiuki.so.1.0
7f7d31621000-7f7d31622000 rw-p 00000000 00:00 0 
7f7d31622000-7f7d33576000 r-xp 00000000 08:05 3719191                    /usr/lib/x86_64-linux-gnu/dri/fglrx_dri.so
7f7d33576000-7f7d33675000 ---p 01f54000 08:05 3719191                    /usr/lib/x86_64-linux-gnu/dri/fglrx_dri.so
7f7d33675000-7f7d337c3000 rwxp 01f53000 08:05 3719191                    /usr/lib/x86_64-linux-gnu/dri/fglrx_dri.so
7f7d337c3000-7f7d338e9000 rwxp 00000000 00:00 0 
7f7d338e9000-7f7d339ac000 r-xp 00000000 08:05 3719192                    /usr/lib/x86_64-linux-gnu/fglrx/fglrx-libGL.so.1.2
7f7d339ac000-7f7d33aab000 ---p 000c3000 08:05 3719192                    /usr/lib/x86_64-linux-gnu/fglrx/fglrx-libGL.so.1.2
7f7d33aab000-7f7d33ad2000 rwxp 000c2000 08:05 3719192                    /usr/lib/x86_64-linux-gnu/fglrx/fglrx-libGL.so.1.2
7f7d33ad2000-7f7d33af2000 rwxp 00000000 00:00 0 
7f7d33af2000-7f7d33af5000 ---p 00000000 00:00 0 
7f7d33af5000-7f7d33bf3000 rw-p 00000000 00:00 0 
7f7d33bf3000-7f7d33bf8000 r-xp 00000000 08:05 3598966                    /usr/lib/x86_64-linux-gnu/libXxf86vm.so.1.0.0
7f7d33bf8000-7f7d33df7000 ---p 00005000 08:05 3598966                    /usr/lib/x86_64-linux-gnu/libXxf86vm.so.1.0.0
7f7d33df7000-7f7d33df8000 rw-p 00004000 08:05 3598966                    /usr/lib/x86_64-linux-gnu/libXxf86vm.so.1.0.0
7f7d33df8000-7f7d33e00000 r-xp 00000000 08:05 3598958                    /usr/lib/x86_64-linux-gnu/libXrandr.so.2.2.0
7f7d33e00000-7f7d33fff000 ---p 00008000 08:05 3598958                    /usr/lib/x86_64-linux-gnu/libXrandr.so.2.2.0
7f7d33fff000-7f7d34000000 rw-p 00007000 08:05 3598958                    /usr/lib/x86_64-linux-gnu/libXrandr.so.2.2.0
7f7d34000000-7f7d35ab4000 rw-p 00000000 00:00 0 
7f7d35ab4000-7f7d38000000 ---p 00000000 00:00 0 
7f7d3801a000-7f7d38062000 rw-p 00000000 00:00 0 
7f7d38062000-7f7d380c9000 r-xp 00000000 08:05 2089394                    /home/plato/lwjgl-2.8.3/native/linux/liblwjgl64.so
7f7d380c9000-7f7d382c9000 ---p 00067000 08:05 2089394                    /home/plato/lwjgl-2.8.3/native/linux/liblwjgl64.so
7f7d382c9000-7f7d382cb000 r--p 00067000 08:05 2089394                    /home/plato/lwjgl-2.8.3/native/linux/liblwjgl64.so
7f7d382cb000-7f7d382cc000 rw-p 00069000 08:05 2089394                    /home/plato/lwjgl-2.8.3/native/linux/liblwjgl64.so
7f7d382cc000-7f7d382cd000 r-xp 00000000 08:05 3811454                    /usr/lib/jvm/java-6-openjdk-amd64/jre/lib/amd64/libjawt.so
7f7d382cd000-7f7d384cc000 ---p 00001000 08:05 3811454                    /usr/lib/jvm/java-6-openjdk-amd64/jre/lib/amd64/libjawt.so
7f7d384cc000-7f7d384cd000 rw-p 00000000 08:05 3811454                    /usr/lib/jvm/java-6-openjdk-amd64/jre/lib/amd64/libjawt.so
7f7d384cd000-7f7d384d2000 r-xp 00000000 08:05 3598942                    /usr/lib/x86_64-linux-gnu/libXfixes.so.3.1.0
7f7d384d2000-7f7d386d2000 ---p 00005000 08:05 3598942                    /usr/lib/x86_64-linux-gnu/libXfixes.so.3.1.0
7f7d386d2000-7f7d386d3000 rw-p 00005000 08:05 3598942                    /usr/lib/x86_64-linux-gnu/libXfixes.so.3.1.0
7f7d386d3000-7f7d386d4000 r--s 00000000 08:05 524688                     /var/cache/fontconfig/c05880de57d1f5e948fdfacc138775d9-le64.cache-3
7f7d386d4000-7f7d386dd000 r--s 00000000 08:05 524687                     /var/cache/fontconfig/945677eb7aeaf62f1d50efc3fb3ec7d8-le64.cache-3
7f7d386dd000-7f7d386e2000 r--s 00000000 08:05 524685                     /var/cache/fontconfig/6eb3985aa4124903f6ff08ba781cd364-le64.cache-3
7f7d386e2000-7f7d386eb000 r--s 00000000 08:05 524684                     /var/cache/fontconfig/6d41288fd70b0be22e8c3a91e032eec0-le64.cache-3
7f7d386eb000-7f7d38719000 r--s 00000000 08:05 524682                     /var/cache/fontconfig/365b55f210c0a22e9a19e35191240f32-le64.cache-3
7f7d38737000-7f7d387b7000 rw-p 00000000 00:00 0 
7f7d387b7000-7f7d387d7000 rw-s fe9e0000 00:05 1847                       /dev/ati/card0
7f7d387d7000-7f7d387da000 ---p 00000000 00:00 0 
7f7d387da000-7f7d388d8000 rw-p 00000000 00:00 0 
7f7d388d8000-7f7d388d9000 r--s 00000000 08:05 524688                     /var/cache/fontconfig/c05880de57d1f5e948fdfacc138775d9-le64.cache-3
7f7d388d9000-7f7d388e2000 r--s 00000000 08:05 524687                     /var/cache/fontconfig/945677eb7aeaf62f1d50efc3fb3ec7d8-le64.cache-3
7f7d388e2000-7f7d388e7000 r--s 00000000 08:05 524685                     /var/cache/fontconfig/6eb3985aa4124903f6ff08ba781cd364-le64.cache-3
7f7d388e7000-7f7d388f0000 r--s 00000000 08:05 524684                     /var/cache/fontconfig/6d41288fd70b0be22e8c3a91e032eec0-le64.cache-3
7f7d388f0000-7f7d3891e000 r--s 00000000 08:05 524682                     /var/cache/fontconfig/365b55f210c0a22e9a19e35191240f32-le64.cache-3
7f7d3891e000-7f7d38921000 r--s 00000000 08:05 524681                     /var/cache/fontconfig/c57959a16110560c8d0fcea73374aeeb-le64.cache-3
7f7d38921000-7f7d38926000 r--s 00000000 08:05 524680                     /var/cache/fontconfig/3047814df9a2f067bd2d96a2b9c36e5a-le64.cache-3
7f7d38926000-7f7d38929000 r--s 00000000 08:05 524679                     /var/cache/fontconfig/e49e89034d371f0f9de17aab02136486-le64.cache-3
7f7d38934000-7f7d3893d000 r-xp 00000000 08:05 3597931                    /usr/lib/x86_64-linux-gnu/libXcursor.so.1.0.2
7f7d3893d000-7f7d38b3d000 ---p 00009000 08:05 3597931                    /usr/lib/x86_64-linux-gnu/libXcursor.so.1.0.2
7f7d38b3d000-7f7d38b3e000 rw-p 00009000 08:05 3597931                    /usr/lib/x86_64-linux-gnu/libXcursor.so.1.0.2
7f7d38b46000-7f7d38b47000 rw-s 00005000 00:05 1847                       /dev/ati/card0
7f7d38b47000-7f7d38b49000 rw-s 00002000 00:05 1847                       /dev/ati/card0
7f7d38b49000-7f7d38b54000 r--s 00093000 08:05 1942205                    /home/plato/Downloads/slick.jar
7f7d38b54000-7f7d38b58000 r--s 00027000 08:05 2089386                    /home/plato/lwjgl-2.8.3/jar/lwjgl_util.jar
7f7d38b58000-7f7d38b5f000 r--s 000fb000 08:05 3457045                    /usr/lib/jvm/java-6-openjdk-common/jre/lib/resources.jar
7f7d38b5f000-7f7d38b61000 r--s 00000000 08:05 524678                     /var/cache/fontconfig/4b14b093aebc79c320de5e86ae1d3314-le64.cache-3
7f7d38b61000-7f7d38b71000 r--s 00000000 08:05 524606                     /var/cache/fontconfig/d52a8644073d54c13679302ca1180695-le64.cache-3
7f7d38b71000-7f7d38b78000 r--s 00000000 08:05 524677                     /var/cache/fontconfig/3f7329c5293ffd510edef78f73874cfd-le64.cache-3
7f7d38b78000-7f7d38b7b000 ---p 00000000 00:00 0 
7f7d38b7b000-7f7d38c79000 rw-p 00000000 00:00 0 
7f7d38c79000-7f7d38d12000 r-xp 00000000 08:05 3597483                    /usr/lib/x86_64-linux-gnu/libfreetype.so.6.8.1
7f7d38d12000-7f7d38f11000 ---p 00099000 08:05 3597483                    /usr/lib/x86_64-linux-gnu/libfreetype.so.6.8.1
7f7d38f11000-7f7d38f17000 r--p 00098000 08:05 3597483                    /usr/lib/x86_64-linux-gnu/libfreetype.so.6.8.1
7f7d38f17000-7f7d38f18000 rw-p 0009e000 08:05 3597483                    /usr/lib/x86_64-linux-gnu/libfreetype.so.6.8.1
7f7d38f18000-7f7d38f52000 r-xp 00000000 08:05 3811453                    /usr/lib/jvm/java-6-openjdk-amd64/jre/lib/amd64/libfontmanager.so
7f7d38f52000-7f7d39151000 ---p 0003a000 08:05 3811453                    /usr/lib/jvm/java-6-openjdk-amd64/jre/lib/amd64/libfontmanager.so
7f7d39151000-7f7d39153000 rw-p 00039000 08:05 3811453                    /usr/lib/jvm/java-6-openjdk-amd64/jre/lib/amd64/libfontmanager.so
7f7d39153000-7f7d39154000 rw-p 00000000 00:00 0 
7f7d39154000-7f7d39159000 r-xp 00000000 08:05 3597207                    /usr/lib/x86_64-linux-gnu/libXdmcp.so.6.0.0
7f7d39159000-7f7d39358000 ---p 00005000 08:05 3597207                    /usr/lib/x86_64-linux-gnu/libXdmcp.so.6.0.0
7f7d39358000-7f7d39359000 rw-p 00004000 08:05 3597207                    /usr/lib/x86_64-linux-gnu/libXdmcp.so.6.0.0
7f7d39359000-7f7d3935b000 r-xp 00000000 08:05 3597205                    /usr/lib/x86_64-linux-gnu/libXau.so.6.0.0
7f7d3935b000-7f7d3955b000 ---p 00002000 08:05 3597205                    /usr/lib/x86_64-linux-gnu/libXau.so.6.0.0
7f7d3955b000-7f7d3955c000 rw-p 00002000 08:05 3597205                    /usr/lib/x86_64-linux-gnu/libXau.so.6.0.0
7f7d3955c000-7f7d3957b000 r-xp 00000000 08:05 3597447                    /usr/lib/x86_64-linux-gnu/libxcb.so.1.1.0
7f7d3957b000-7f7d3977a000 ---p 0001f000 08:05 3597447                    /usr/lib/x86_64-linux-gnu/libxcb.so.1.1.0
7f7d3977a000-7f7d3977b000 r--p 0001e000 08:05 3597447                    /usr/lib/x86_64-linux-gnu/libxcb.so.1.1.0
7f7d3977b000-7f7d3977c000 rw-p 0001f000 08:05 3597447                    /usr/lib/x86_64-linux-gnu/libxcb.so.1.1.0
7f7d3977c000-7f7d3978b000 r-xp 00000000 08:05 3597444                    /usr/lib/x86_64-linux-gnu/libXi.so.6.1.0
7f7d3978b000-7f7d3998a000 ---p 0000f000 08:05 3597444                    /usr/lib/x86_64-linux-gnu/libXi.so.6.1.0
7f7d3998a000-7f7d3998b000 rw-p 0000e000 08:05 3597444                    /usr/lib/x86_64-linux-gnu/libXi.so.6.1.0
7f7d3998b000-7f7d39990000 r-xp 00000000 08:05 3598962                    /usr/lib/x86_64-linux-gnu/libXtst.so.6.1.0
7f7d39990000-7f7d39b90000 ---p 00005000 08:05 3598962                    /usr/lib/x86_64-linux-gnu/libXtst.so.6.1.0
7f7d39b90000-7f7d39b91000 rw-p 00005000 08:05 3598962                    /usr/lib/x86_64-linux-gnu/libXtst.so.6.1.0
7f7d39b91000-7f7d39b9b000 r-xp 00000000 08:05 3598944                    /usr/lib/x86_64-linux-gnu/libXrender.so.1.3.0
7f7d39b9b000-7f7d39d9a000 ---p 0000a000 08:05 3598944                    /usr/lib/x86_64-linux-gnu/libXrender.so.1.3.0
7f7d39d9a000-7f7d39d9b000 rw-p 00009000 08:05 3598944                    /usr/lib/x86_64-linux-gnu/libXrender.so.1.3.0
7f7d39d9b000-7f7d39ed4000 r-xp 00000000 08:05 3597441                    /usr/lib/x86_64-linux-gnu/libX11.so.6.3.0
7f7d39ed4000-7f7d3a0d4000 ---p 00139000 08:05 3597441                    /usr/lib/x86_64-linux-gnu/libX11.so.6.3.0
7f7d3a0d4000-7f7d3a0da000 rw-p 00139000 08:05 3597441                    /usr/lib/x86_64-linux-gnu/libX11.so.6.3.0
7f7d3a0da000-7f7d3a0ec000 r-xp 00000000 08:05 3597735                    /usr/lib/x86_64-linux-gnu/libXext.so.6.4.0
7f7d3a0ec000-7f7d3a2ec000 ---p 00012000 08:05 3597735                    /usr/lib/x86_64-linux-gnu/libXext.so.6.4.0
7f7d3a2ec000-7f7d3a2ed000 rw-p 00012000 08:05 3597735                    /usr/lib/x86_64-linux-gnu/libXext.so.6.4.0
7f7d3a2ed000-7f7d3a33a000 r-xp 00000000 08:05 3817527                    /usr/lib/jvm/java-6-openjdk-amd64/jre/lib/amd64/xawt/libmawt.so
7f7d3a33a000-7f7d3a539000 ---p 0004d000 08:05 3817527                    /usr/lib/jvm/java-6-openjdk-amd64/jre/lib/amd64/xawt/libmawt.so
7f7d3a539000-7f7d3a53c000 rw-p 0004c000 08:05 3817527                    /usr/lib/jvm/java-6-openjdk-amd64/jre/lib/amd64/xawt/libmawt.so
7f7d3a53c000-7f7d3a53e000 rw-p 00000000 00:00 0 
7f7d3a53e000-7f7d3a5e9000 r-xp 00000000 08:05 3811464                    /usr/lib/jvm/java-6-openjdk-amd64/jre/lib/amd64/libawt.so
7f7d3a5e9000-7f7d3a7e8000 ---p 000ab000 08:05 3811464                    /usr/lib/jvm/java-6-openjdk-amd64/jre/lib/amd64/libawt.so
7f7d3a7e8000-7f7d3a7f4000 rw-p 000aa000 08:05 3811464                    /usr/lib/jvm/java-6-openjdk-amd64/jre/lib/amd64/libawt.so
7f7d3a7f4000-7f7d3a818000 rw-p 00000000 00:00 0 
7f7d3a818000-7f7d3a81b000 r--s 0007d000 08:05 3457063                    /usr/lib/jvm/java-6-openjdk-common/jre/lib/jsse.jar
7f7d3a81b000-7f7d3a827000 r--s 000d8000 08:05 2089384                    /home/plato/lwjgl-2.8.3/jar/lwjgl.jar
7f7d3a827000-7f7d3a829000 r--s 00001000 08:05 3457049                    /usr/lib/jvm/java-6-openjdk-common/jre/lib/ext/dnsns.jar
7f7d3a829000-7f7d3a82c000 r--s 00031000 08:05 3457047                    /usr/lib/jvm/java-6-openjdk-common/jre/lib/ext/sunjce_provider.jar
7f7d3a82c000-7f7d3a82f000 r--s 00077000 08:05 3457050                    /usr/lib/jvm/java-6-openjdk-common/jre/lib/ext/localedata.jar
7f7d3a82f000-7f7d3a833000 r--s 00038000 08:05 3457051                    /usr/lib/jvm/java-6-openjdk-common/jre/lib/ext/sunpkcs11.jar
7f7d3a833000-7f7d3a835000 r--s 0000f000 08:05 3457048                    /usr/lib/jvm/java-6-openjdk-common/jre/lib/ext/pulse-java.jar
7f7d3a835000-7f7d3a836000 r--s 00007000 08:05 3393499                    /usr/share/java/java-atk-wrapper.jar
7f7d3a836000-7f7d3a837000 ---p 00000000 00:00 0 
7f7d3a837000-7f7d3a937000 rw-p 00000000 00:00 0 
7f7d3a937000-7f7d3a93a000 ---p 00000000 00:00 0 
7f7d3a93a000-7f7d3aa38000 rw-p 00000000 00:00 0 
7f7d3aa38000-7f7d3aa3b000 ---p 00000000 00:00 0 
7f7d3aa3b000-7f7d3ab39000 rw-p 00000000 00:00 0 
7f7d3ab39000-7f7d3ab3c000 ---p 00000000 00:00 0 
7f7d3ab3c000-7f7d3ac3a000 rw-p 00000000 00:00 0 
7f7d3ac3a000-7f7d3ac3d000 ---p 00000000 00:00 0 
7f7d3ac3d000-7f7d3ad3b000 rw-p 00000000 00:00 0 
7f7d3ad3b000-7f7d3aeb2000 r--p 00000000 08:05 3342755                    /usr/lib/locale/locale-archive
7f7d3aeb2000-7f7d3aeb5000 ---p 00000000 00:00 0 
7f7d3aeb5000-7f7d3afb3000 rw-p 00000000 00:00 0 
7f7d3afb3000-7f7d3afb6000 ---p 00000000 00:00 0 
7f7d3afb6000-7f7d3b0b4000 rw-p 00000000 00:00 0 
7f7d3b0b4000-7f7d3b0b5000 ---p 00000000 00:00 0 
7f7d3b0b5000-7f7d3b6ed000 rw-p 00000000 00:00 0 
7f7d3b6ed000-7f7d3b87d000 r--s 037ba000 08:05 3622889                    /usr/lib/jvm/java-6-openjdk-amd64/jre/lib/rt.jar
7f7d3b87d000-7f7d3b8a5000 rw-p 00000000 00:00 0 
7f7d3b8a5000-7f7d3b8a6000 ---p 00000000 00:00 0 
7f7d3b8a6000-7f7d3b9a6000 rw-p 00000000 00:00 0 
7f7d3b9a6000-7f7d3b9a7000 ---p 00000000 00:00 0 
7f7d3b9a7000-7f7d3baa7000 rw-p 00000000 00:00 0 
7f7d3baa7000-7f7d3baa8000 ---p 00000000 00:00 0 
7f7d3baa8000-7f7d3bba8000 rw-p 00000000 00:00 0 
7f7d3bba8000-7f7d3bba9000 ---p 00000000 00:00 0 
7f7d3bba9000-7f7d3bcb4000 rw-p 00000000 00:00 0 
7f7d3bcb4000-7f7d3bcfc000 rw-p 00000000 00:00 0 
7f7d3bcfc000-7f7d3bd11000 rw-p 00000000 00:00 0 
7f7d3bd11000-7f7d3be47000 rw-p 00000000 00:00 0 
7f7d3be47000-7f7d3be52000 rw-p 00000000 00:00 0 
7f7d3be52000-7f7d3be9a000 rw-p 00000000 00:00 0 
7f7d3be9a000-7f7d3beaf000 rw-p 00000000 00:00 0 
7f7d3beaf000-7f7d3bfe4000 rw-p 00000000 00:00 0 
7f7d3bfe4000-7f7d3bfef000 rw-p 00000000 00:00 0 
7f7d3bfef000-7f7d3c08a000 rw-p 00000000 00:00 0 
7f7d3c08a000-7f7d3c08b000 rw-p 00000000 00:00 0 
7f7d3c08b000-7f7d3c2fb000 rwxp 00000000 00:00 0 
7f7d3c2fb000-7f7d3f08b000 rw-p 00000000 00:00 0 
7f7d3f08b000-7f7d3f092000 r-xp 00000000 08:05 3811443                    /usr/lib/jvm/java-6-openjdk-amd64/jre/lib/amd64/libzip.so
7f7d3f092000-7f7d3f291000 ---p 00007000 08:05 3811443                    /usr/lib/jvm/java-6-openjdk-amd64/jre/lib/amd64/libzip.so
7f7d3f291000-7f7d3f292000 rw-p 00006000 08:05 3811443                    /usr/lib/jvm/java-6-openjdk-amd64/jre/lib/amd64/libzip.so
7f7d3f292000-7f7d3f29d000 r-xp 00000000 08:05 5194066                    /lib/x86_64-linux-gnu/libnss_files-2.13.so
7f7d3f29d000-7f7d3f49c000 ---p 0000b000 08:05 5194066                    /lib/x86_64-linux-gnu/libnss_files-2.13.so
7f7d3f49c000-7f7d3f49d000 r--p 0000a000 08:05 5194066                    /lib/x86_64-linux-gnu/libnss_files-2.13.so
7f7d3f49d000-7f7d3f49e000 rw-p 0000b000 08:05 5194066                    /lib/x86_64-linux-gnu/libnss_files-2.13.so
7f7d3f49e000-7f7d3f4a8000 r-xp 00000000 08:05 5193832                    /lib/x86_64-linux-gnu/libnss_nis-2.13.so
7f7d3f4a8000-7f7d3f6a7000 ---p 0000a000 08:05 5193832                    /lib/x86_64-linux-gnu/libnss_nis-2.13.so
7f7d3f6a7000-7f7d3f6a8000 r--p 00009000 08:05 5193832                    /lib/x86_64-linux-gnu/libnss_nis-2.13.so
7f7d3f6a8000-7f7d3f6a9000 rw-p 0000a000 08:05 5193832                    /lib/x86_64-linux-gnu/libnss_nis-2.13.so
7f7d3f6a9000-7f7d3f6b0000 r-xp 00000000 08:05 5194060                    /lib/x86_64-linux-gnu/libnss_compat-2.13.so
7f7d3f6b0000-7f7d3f8af000 ---p 00007000 08:05 5194060                    /lib/x86_64-linux-gnu/libnss_compat-2.13.so
7f7d3f8af000-7f7d3f8b0000 r--p 00006000 08:05 5194060                    /lib/x86_64-linux-gnu/libnss_compat-2.13.so
7f7d3f8b0000-7f7d3f8b1000 rw-p 00007000 08:05 5194060                    /lib/x86_64-linux-gnu/libnss_compat-2.13.so
7f7d3f8b1000-7f7d3f8c6000 r-xp 00000000 08:05 5194056                    /lib/x86_64-linux-gnu/libnsl-2.13.so
7f7d3f8c6000-7f7d3fac5000 ---p 00015000 08:05 5194056                    /lib/x86_64-linux-gnu/libnsl-2.13.so
7f7d3fac5000-7f7d3fac6000 r--p 00014000 08:05 5194056                    /lib/x86_64-linux-gnu/libnsl-2.13.so
7f7d3fac6000-7f7d3fac7000 rw-p 00015000 08:05 5194056                    /lib/x86_64-linux-gnu/libnsl-2.13.so
7f7d3fac7000-7f7d3fac9000 rw-p 00000000 00:00 0 
7f7d3fac9000-7f7d3faf6000 r-xp 00000000 08:05 3811445                    /usr/lib/jvm/java-6-openjdk-amd64/jre/lib/amd64/libjava.so
7f7d3faf6000-7f7d3fcf5000 ---p 0002d000 08:05 3811445                    /usr/lib/jvm/java-6-openjdk-amd64/jre/lib/amd64/libjava.so
7f7d3fcf5000-7f7d3fcf9000 rw-p 0002c000 08:05 3811445                    /usr/lib/jvm/java-6-openjdk-amd64/jre/lib/amd64/libjava.so
7f7d3fcf9000-7f7d3fd07000 r-xp 00000000 08:05 3811450                    /usr/lib/jvm/java-6-openjdk-amd64/jre/lib/amd64/libverify.so
7f7d3fd07000-7f7d3ff06000 ---p 0000e000 08:05 3811450                    /usr/lib/jvm/java-6-openjdk-amd64/jre/lib/amd64/libverify.so
7f7d3ff06000-7f7d3ff08000 rw-p 0000d000 08:05 3811450                    /usr/lib/jvm/java-6-openjdk-amd64/jre/lib/amd64/libverify.so
7f7d3ff08000-7f7d3ff0f000 r-xp 00000000 08:05 5194063                    /lib/x86_64-linux-gnu/librt-2.13.so
7f7d3ff0f000-7f7d4010e000 ---p 00007000 08:05 5194063                    /lib/x86_64-linux-gnu/librt-2.13.so
7f7d4010e000-7f7d4010f000 r--p 00006000 08:05 5194063                    /lib/x86_64-linux-gnu/librt-2.13.so
7f7d4010f000-7f7d40110000 rw-p 00007000 08:05 5194063                    /lib/x86_64-linux-gnu/librt-2.13.so
7f7d40110000-7f7d40125000 r-xp 00000000 08:05 5193796                    /lib/x86_64-linux-gnu/libgcc_s.so.1
7f7d40125000-7f7d40325000 ---p 00015000 08:05 5193796                    /lib/x86_64-linux-gnu/libgcc_s.so.1
7f7d40325000-7f7d40326000 rw-p 00015000 08:05 5193796                    /lib/x86_64-linux-gnu/libgcc_s.so.1
7f7d40326000-7f7d403a7000 r-xp 00000000 08:05 5193831                    /lib/x86_64-linux-gnu/libm-2.13.so
7f7d403a7000-7f7d405a6000 ---p 00081000 08:05 5193831                    /lib/x86_64-linux-gnu/libm-2.13.so
7f7d405a6000-7f7d405a7000 r--p 00080000 08:05 5193831                    /lib/x86_64-linux-gnu/libm-2.13.so
7f7d405a7000-7f7d405a8000 rw-p 00081000 08:05 5193831                    /lib/x86_64-linux-gnu/libm-2.13.so
7f7d405a8000-7f7d4068d000 r-xp 00000000 08:05 3599050                    /usr/lib/x86_64-linux-gnu/libstdc++.so.6.0.16
7f7d4068d000-7f7d4088d000 ---p 000e5000 08:05 3599050                    /usr/lib/x86_64-linux-gnu/libstdc++.so.6.0.16
7f7d4088d000-7f7d40895000 r--p 000e5000 08:05 3599050                    /usr/lib/x86_64-linux-gnu/libstdc++.so.6.0.16
7f7d40895000-7f7d40897000 rw-p 000ed000 08:05 3599050                    /usr/lib/x86_64-linux-gnu/libstdc++.so.6.0.16
7f7d40897000-7f7d408ac000 rw-p 00000000 00:00 0 
7f7d408ac000-7f7d411af000 r-xp 00000000 08:05 3811439                    /usr/lib/jvm/java-6-openjdk-amd64/jre/lib/amd64/server/libjvm.so
7f7d411af000-7f7d413af000 ---p 00903000 08:05 3811439                    /usr/lib/jvm/java-6-openjdk-amd64/jre/lib/amd64/server/libjvm.so
7f7d413af000-7f7d4144a000 rw-p 00903000 08:05 3811439                    /usr/lib/jvm/java-6-openjdk-amd64/jre/lib/amd64/server/libjvm.so
7f7d4144a000-7f7d41473000 rw-p 00000000 00:00 0 
7f7d41473000-7f7d415f0000 r-xp 00000000 08:05 5194051                    /lib/x86_64-linux-gnu/libc-2.13.so
7f7d415f0000-7f7d417f0000 ---p 0017d000 08:05 5194051                    /lib/x86_64-linux-gnu/libc-2.13.so
7f7d417f0000-7f7d417f4000 r--p 0017d000 08:05 5194051                    /lib/x86_64-linux-gnu/libc-2.13.so
7f7d417f4000-7f7d417f5000 rw-p 00181000 08:05 5194051                    /lib/x86_64-linux-gnu/libc-2.13.so
7f7d417f5000-7f7d417fa000 rw-p 00000000 00:00 0 
7f7d417fa000-7f7d417fc000 r-xp 00000000 08:05 5194062                    /lib/x86_64-linux-gnu/libdl-2.13.so
7f7d417fc000-7f7d419fc000 ---p 00002000 08:05 5194062                    /lib/x86_64-linux-gnu/libdl-2.13.so
7f7d419fc000-7f7d419fd000 r--p 00002000 08:05 5194062                    /lib/x86_64-linux-gnu/libdl-2.13.so
7f7d419fd000-7f7d419fe000 rw-p 00003000 08:05 5194062                    /lib/x86_64-linux-gnu/libdl-2.13.so
7f7d419fe000-7f7d41a02000 r-xp 00000000 08:05 3817478                    /usr/lib/jvm/java-6-openjdk-amd64/jre/lib/amd64/jli/libjli.so
7f7d41a02000-7f7d41c01000 ---p 00004000 08:05 3817478                    /usr/lib/jvm/java-6-openjdk-amd64/jre/lib/amd64/jli/libjli.so
7f7d41c01000-7f7d41c02000 rw-p 00003000 08:05 3817478                    /usr/lib/jvm/java-6-openjdk-amd64/jre/lib/amd64/jli/libjli.so
7f7d41c02000-7f7d41c19000 r-xp 00000000 08:05 5194069                    /lib/x86_64-linux-gnu/libpthread-2.13.so
7f7d41c19000-7f7d41e18000 ---p 00017000 08:05 5194069                    /lib/x86_64-linux-gnu/libpthread-2.13.so
7f7d41e18000-7f7d41e19000 r--p 00016000 08:05 5194069                    /lib/x86_64-linux-gnu/libpthread-2.13.so
7f7d41e19000-7f7d41e1a000 rw-p 00017000 08:05 5194069                    /lib/x86_64-linux-gnu/libpthread-2.13.so
7f7d41e1a000-7f7d41e1e000 rw-p 00000000 00:00 0 
7f7d41e1e000-7f7d41e34000 r-xp 00000000 08:05 3597430                    /usr/lib/x86_64-linux-gnu/libz.so.1.2.6
7f7d41e34000-7f7d42033000 ---p 00016000 08:05 3597430                    /usr/lib/x86_64-linux-gnu/libz.so.1.2.6
7f7d42033000-7f7d42034000 rw-p 00015000 08:05 3597430                    /usr/lib/x86_64-linux-gnu/libz.so.1.2.6
7f7d42034000-7f7d42053000 r-xp 00000000 08:05 5193965                    /lib/x86_64-linux-gnu/ld-2.13.so
7f7d42053000-7f7d42054000 r--s 00000000 08:05 524683                     /var/cache/fontconfig/4794a0821666d79190d59a36cb4f44b5-le64.cache-3
7f7d42054000-7f7d42055000 r--s 00000000 08:05 524403                     /var/cache/fontconfig/62f91419b9ebdb6975e7e41ab6412357-le64.cache-3
7f7d42055000-7f7d42058000 r--s 00000000 08:05 524670                     /var/cache/fontconfig/e13b20fdb08344e0e664864cc2ede53d-le64.cache-3
7f7d42058000-7f7d42059000 r--s 00000000 08:05 524683                     /var/cache/fontconfig/4794a0821666d79190d59a36cb4f44b5-le64.cache-3
7f7d42059000-7f7d4205c000 r--s 00000000 08:05 524681                     /var/cache/fontconfig/c57959a16110560c8d0fcea73374aeeb-le64.cache-3
7f7d4205c000-7f7d42061000 r--s 00000000 08:05 524680                     /var/cache/fontconfig/3047814df9a2f067bd2d96a2b9c36e5a-le64.cache-3
7f7d42061000-7f7d42071000 r--s 00000000 08:05 524606                     /var/cache/fontconfig/d52a8644073d54c13679302ca1180695-le64.cache-3
7f7d42071000-7f7d4207b000 rw-p 00000000 00:00 0 
7f7d4207b000-7f7d42131000 rw-p 00000000 00:00 0 
7f7d42131000-7f7d42134000 ---p 00000000 00:00 0 
7f7d42134000-7f7d42237000 rw-p 00000000 00:00 0 
7f7d42237000-7f7d4223a000 r--s 00000000 08:05 524679                     /var/cache/fontconfig/e49e89034d371f0f9de17aab02136486-le64.cache-3
7f7d4223a000-7f7d4223c000 r--s 00000000 08:05 524678                     /var/cache/fontconfig/4b14b093aebc79c320de5e86ae1d3314-le64.cache-3
7f7d4223c000-7f7d42243000 r--s 00000000 08:05 524677                     /var/cache/fontconfig/3f7329c5293ffd510edef78f73874cfd-le64.cache-3
7f7d42243000-7f7d42244000 r--s 00000000 08:05 524403                     /var/cache/fontconfig/62f91419b9ebdb6975e7e41ab6412357-le64.cache-3
7f7d42244000-7f7d42247000 r--s 00000000 08:05 524670                     /var/cache/fontconfig/e13b20fdb08344e0e664864cc2ede53d-le64.cache-3
7f7d42247000-7f7d4224f000 rw-s 00000000 00:11 23208                      /tmp/hsperfdata_plato/6573 (deleted)
7f7d4224f000-7f7d42250000 rw-p 00000000 00:00 0 
7f7d42250000-7f7d42251000 ---p 00000000 00:00 0 
7f7d42251000-7f7d42253000 rw-p 00000000 00:00 0 
7f7d42253000-7f7d42254000 r--p 0001f000 08:05 5193965                    /lib/x86_64-linux-gnu/ld-2.13.so
7f7d42254000-7f7d42255000 rw-p 00020000 08:05 5193965                    /lib/x86_64-linux-gnu/ld-2.13.so
7f7d42255000-7f7d42256000 rw-p 00000000 00:00 0 
7fffc3091000-7fffc30b2000 rw-p 00000000 00:00 0                          [stack]
7fffc31ff000-7fffc3200000 r-xp 00000000 00:00 0                          [vdso]
ffffffffff600000-ffffffffff601000 r-xp 00000000 00:00 0                  [vsyscall]

VM Arguments:
jvm_args: -Djava.library.path=/home/plato/lwjgl-2.8.3/native/linux:/home/plato/lwjgl-2.8.3/native/linux -Dfile.encoding=UTF-8 
java_command: core.Engine
Launcher Type: SUN_STANDARD

Environment Variables:
PATH=/usr/local/bin:/usr/bin:/bin:/usr/local/games:/usr/games
USERNAME=plato
LD_LIBRARY_PATH=/usr/lib/jvm/java-6-openjdk-amd64/jre/lib/amd64/server:/usr/lib/jvm/java-6-openjdk-amd64/jre/lib/amd64:/usr/lib/jvm/java-6-openjdk-amd64/jre/../lib/amd64
SHELL=/bin/bash
DISPLAY=:0

Signal Handlers:
SIGSEGV: [libjvm.so+0x781f30], sa_mask[0]=0x7ffbfeff, sa_flags=0x10000004
SIGBUS: [libjvm.so+0x781f30], sa_mask[0]=0x7ffbfeff, sa_flags=0x10000004
SIGFPE: [libjvm.so+0x646b60], sa_mask[0]=0x7ffbfeff, sa_flags=0x10000004
SIGPIPE: [libjvm.so+0x646b60], sa_mask[0]=0x7ffbfeff, sa_flags=0x10000004
SIGXFSZ: [libjvm.so+0x646b60], sa_mask[0]=0x7ffbfeff, sa_flags=0x10000004
SIGILL: [libjvm.so+0x646b60], sa_mask[0]=0x7ffbfeff, sa_flags=0x10000004
SIGUSR1: SIG_DFL, sa_mask[0]=0x00000000, sa_flags=0x00000000
SIGUSR2: [libjvm.so+0x646cf0], sa_mask[0]=0x00000004, sa_flags=0x10000004
SIGHUP: [libjvm.so+0x6496a0], sa_mask[0]=0x7ffbfeff, sa_flags=0x10000004
SIGINT: [libjvm.so+0x6496a0], sa_mask[0]=0x7ffbfeff, sa_flags=0x10000004
SIGTERM: [libjvm.so+0x6496a0], sa_mask[0]=0x7ffbfeff, sa_flags=0x10000004
SIGQUIT: [libjvm.so+0x6496a0], sa_mask[0]=0x7ffbfeff, sa_flags=0x10000004


---------------  S Y S T E M  ---------------

OS:wheezy/sid

uname:Linux 3.2.0-2-amd64 #1 SMP Sun Apr 15 16:47:38 UTC 2012 x86_64
libc:glibc 2.13 NPTL 2.13 
rlimit: STACK 8192k, CORE 0k, NPROC 31118, NOFILE 4096, AS infinity
load average:0.05 0.06 0.05

/proc/meminfo:
MemTotal:        4061164 kB
MemFree:         2765596 kB
Buffers:           22756 kB
Cached:           436052 kB
SwapCached:            0 kB
Active:           691432 kB
Inactive:         341660 kB
Active(anon):     574860 kB
Inactive(anon):     2700 kB
Active(file):     116572 kB
Inactive(file):   338960 kB
Unevictable:           0 kB
Mlocked:               0 kB
SwapTotal:       4188156 kB
SwapFree:        4188156 kB
Dirty:               148 kB
Writeback:             0 kB
AnonPages:        574020 kB
Mapped:           217744 kB
Shmem:              3276 kB
Slab:              45476 kB
SReclaimable:      20268 kB
SUnreclaim:        25208 kB
KernelStack:        2824 kB
PageTables:        20948 kB
NFS_Unstable:          0 kB
Bounce:                0 kB
WritebackTmp:          0 kB
CommitLimit:     6218736 kB
Committed_AS:    1571092 kB
VmallocTotal:   34359738367 kB
VmallocUsed:      299204 kB
VmallocChunk:   34359434907 kB
HardwareCorrupted:     0 kB
AnonHugePages:         0 kB
HugePages_Total:       0
HugePages_Free:        0
HugePages_Rsvd:        0
HugePages_Surp:        0
Hugepagesize:       2048 kB
DirectMap4k:       95872 kB
DirectMap2M:     3049472 kB
DirectMap1G:     1048576 kB


CPU:total 4 (4 cores per cpu, 1 threads per core) family 16 model 4 stepping 3, cmov, cx8, fxsr, mmx, sse, sse2, sse3, popcnt, mmxext, 3dnowpref, lzcnt, sse4a

Memory: 4k page, physical 4061164k(2765596k free), swap 4188156k(4188156k free)

vm_info: OpenJDK 64-Bit Server VM (20.0-b12) for linux-amd64 JRE (1.6.0_24-b24), built on Feb 27 2012 00:20:15 by "doko" with gcc 4.6.2

time: Wed May  9 21:51:02 2012
elapsed time: 10 seconds

