#
# A fatal error has been detected by the Java Runtime Environment:
#
#  SIGSEGV (0xb) at pc=0x00007f81d1a8af58, pid=6464, tid=140195683788544
#
# JRE version: 6.0_24-b24
# Java VM: OpenJDK 64-Bit Server VM (20.0-b12 mixed mode linux-amd64 compressed oops)
# Derivative: IcedTea6 1.11.1
# Distribution: Debian GNU/Linux unstable (sid), package 6b24-1.11.1-3
# Problematic frame:
# C  [libX11.so.6+0x3cf58]  XQueryExtension+0x28
#
# If you would like to submit a bug report, please include
# instructions how to reproduce the bug and visit:
#   http://icedtea.classpath.org/bugzilla
#

---------------  T H R E A D  ---------------

Current thread is native thread

siginfo:si_signo=SIGSEGV: si_errno=0, si_code=1 (SEGV_MAPERR), si_addr=0xffffffffcc21f568

Registers:
RAX=0x0000000001c2a5d0, RBX=0xffffffffcc21ec00, RCX=0x00007fff05ec62f8, RDX=0x00007fff05ec62f4
RSP=0x00007fff05ec6290, RBP=0x00007f81cb615952, RSI=0x00007f81cb615952, RDI=0xffffffffcc21ec00
R8 =0x00007fff05ec62fc, R9 =0x0000000000000000, R10=0x00007f81d94aa768, R11=0x00007f81d915d0d0
R12=0x00007fff05ec62f4, R13=0x00007f81cb615952, R14=0x0000000001c2a5d0, R15=0x0000000000000000
RIP=0x00007f81d1a8af58, EFLAGS=0x0000000000010206, CSGSFS=0x0000000000000033, ERR=0x0000000000000005
  TRAPNO=0x000000000000000e

Top of Stack: (sp=0x00007fff05ec6290)
0x00007fff05ec6290:   0000000000000020 0000000000000000
0x00007fff05ec62a0:   00007f81d91345c8 00007f81d9ee8000
0x00007fff05ec62b0:   00007f81d91345c8 ffffffffcc21ec00
0x00007fff05ec62c0:   00007f81cb615952 0000000000000000
0x00007fff05ec62d0:   00007f81cb615952 0000000001c2a5d0
0x00007fff05ec62e0:   0000000000000000 00007f81d1a7e905
0x00007fff05ec62f0:   00007f81cc20fd40 00007f81cb74e540
0x00007fff05ec6300:   00007f81cb74e540 ffffffffcc21ec00
0x00007fff05ec6310:   00007f81cc165870 00007f81d1d9bb8b
0x00007fff05ec6320:   0101010101010101 00000011d91345c8
0x00007fff05ec6330:   00007fff05ec63b0 0000000000000000
0x00007fff05ec6340:   00007fff05ec63b0 ffffffffcc21ec00
0x00007fff05ec6350:   00007f81d9f07048 00007f81cc20fd40
0x00007fff05ec6360:   00007f81cb767d70 00007f81cb5bc129
0x00007fff05ec6370:   0000000000000000 000000000000002b
0x00007fff05ec6380:   00007fff05ec63b0 0000000000000000
0x00007fff05ec6390:   00007f81d9f07048 00007f81cc20fd40
0x00007fff05ec63a0:   000000000000001b 00007f81cb5b2b42
0x00007fff05ec63b0:   00007fff05ec65b0 00007f81cb6158c1
0x00007fff05ec63c0:   00007fff05ec65b0 00007f81d9cf523c
0x00007fff05ec63d0:   00007f81d9f081c8 00007f81d9f08758
0x00007fff05ec63e0:   00007f81d9ee9508 0000000001c31550
0x00007fff05ec63f0:   0000000001c31a30 0000000001c31f30
0x00007fff05ec6400:   0000000001c36c30 00007f81cc132f00
0x00007fff05ec6410:   00007f81cc1333e0 00007f81d9f057f8
0x00007fff05ec6420:   00007f81cc20a8d0 00007f81cc20a400
0x00007fff05ec6430:   00007f81cc202740 00007f81cc202be0
0x00007fff05ec6440:   00007f81cc0eb430 00007f81cc0ed940
0x00007fff05ec6450:   00007f81cc0edde0 00007f81cc0ead30
0x00007fff05ec6460:   0000000001c2d570 0000000001c2db50
0x00007fff05ec6470:   0000000001c2ceb0 0000000001c285f0
0x00007fff05ec6480:   0000000001c28b60 0000000001c29570 

Instructions: (pc=0x00007f81d1a8af58)
0x00007f81d1a8af38:   24 d8 48 89 fb 4c 89 64 24 e0 4c 89 6c 24 e8 49
0x00007f81d1a8af48:   89 d4 4c 89 74 24 f0 4c 89 7c 24 f8 48 83 ec 58
0x00007f81d1a8af58:   48 8b 87 68 09 00 00 49 89 f5 48 89 cd 4d 89 c6
0x00007f81d1a8af68:   48 85 c0 74 02 ff 10 4c 8b bb b0 00 00 00 49 8d 

Register to memory mapping:

RAX=0x0000000001c2a5d0 is an unknown value
RBX=0xffffffffcc21ec00 is an unknown value
RCX=0x00007fff05ec62f8 is an unknown value
RDX=0x00007fff05ec62f4 is an unknown value
RSP=0x00007fff05ec6290 is an unknown value
RBP=0x00007f81cb615952: <offset 0x96952> in /usr/lib/x86_64-linux-gnu/libGL.so.1 at 0x00007f81cb57f000
RSI=0x00007f81cb615952: <offset 0x96952> in /usr/lib/x86_64-linux-gnu/libGL.so.1 at 0x00007f81cb57f000
RDI=0xffffffffcc21ec00 is an unknown value
R8 =0x00007fff05ec62fc is an unknown value
R9 =0x0000000000000000 is an unknown value
R10=0x00007f81d94aa768: <offset 0x384768> in /lib/x86_64-linux-gnu/libc.so.6 at 0x00007f81d9126000
R11=0x00007f81d915d0d0: __cxa_finalize+0 in /lib/x86_64-linux-gnu/libc.so.6 at 0x00007f81d9126000
R12=0x00007fff05ec62f4 is an unknown value
R13=0x00007f81cb615952: <offset 0x96952> in /usr/lib/x86_64-linux-gnu/libGL.so.1 at 0x00007f81cb57f000
R14=0x0000000001c2a5d0 is an unknown value
R15=0x0000000000000000 is an unknown value


Stack: [0x00007fff05dc7000,0x00007fff05ec7000],  sp=0x00007fff05ec6290,  free space=1020k
Native frames: (J=compiled Java code, j=interpreted, Vv=VM code, C=native code)
C  [libX11.so.6+0x3cf58]  XQueryExtension+0x28


---------------  P R O C E S S  ---------------

VM state:at safepoint (shutting down)

VM Mutex/Monitor currently owned by a thread:  ([mutex/lock_event])
[0x0000000001c2f920] Threads_lock - owner thread: 0x00007f81cc055800

Heap
 PSYoungGen      total 18496K, used 14919K [0x00000000eb560000, 0x00000000eca00000, 0x0000000100000000)
  eden space 15872K, 88% used [0x00000000eb560000,0x00000000ec321cb8,0x00000000ec4e0000)
  from space 2624K, 31% used [0x00000000ec770000,0x00000000ec840000,0x00000000eca00000)
  to   space 2624K, 0% used [0x00000000ec4e0000,0x00000000ec4e0000,0x00000000ec770000)
 PSOldGen        total 42368K, used 0K [0x00000000c2000000, 0x00000000c4960000, 0x00000000eb560000)
  object space 42368K, 0% used [0x00000000c2000000,0x00000000c2000000,0x00000000c4960000)
 PSPermGen       total 21248K, used 10057K [0x00000000b7a00000, 0x00000000b8ec0000, 0x00000000c2000000)
  object space 21248K, 47% used [0x00000000b7a00000,0x00000000b83d2460,0x00000000b8ec0000)

Code Cache  [0x00007f81d3d3e000, 0x00007f81d3fae000, 0x00007f81d6d3e000)
 total_blobs=638 nmethods=182 adapters=410 free_code_cache=49427264 largest_free_block=15168

Dynamic libraries:
00400000-00408000 r-xp 00000000 08:05 3622879                            /usr/lib/jvm/java-6-openjdk-amd64/jre/bin/java
00608000-00609000 rw-p 00008000 08:05 3622879                            /usr/lib/jvm/java-6-openjdk-amd64/jre/bin/java
01c28000-02263000 rw-p 00000000 00:00 0                                  [heap]
b7a00000-b8ec0000 rw-p 00000000 00:00 0 
b8ec0000-c2000000 rw-p 00000000 00:00 0 
c2000000-c4960000 rw-p 00000000 00:00 0 
c4960000-eb560000 rw-p 00000000 00:00 0 
eb560000-eca00000 rw-p 00000000 00:00 0 
eca00000-100000000 rw-p 00000000 00:00 0 
7f81c85d9000-7f81c8cd9000 rw-s 00006000 00:05 1847                       /dev/ati/card0
7f81c8cd9000-7f81c8e59000 rw-p 00000000 00:00 0 
7f81c8e59000-7f81c8e5b000 r-xp 00000000 08:05 3598954                    /usr/lib/x86_64-linux-gnu/libXinerama.so.1.0.0
7f81c8e5b000-7f81c905a000 ---p 00002000 08:05 3598954                    /usr/lib/x86_64-linux-gnu/libXinerama.so.1.0.0
7f81c905a000-7f81c905b000 rw-p 00001000 08:05 3598954                    /usr/lib/x86_64-linux-gnu/libXinerama.so.1.0.0
7f81c905b000-7f81c9096000 r-xp 00000000 08:05 3597428                    /usr/lib/x86_64-linux-gnu/libatiadlxx.so
7f81c9096000-7f81c9195000 ---p 0003b000 08:05 3597428                    /usr/lib/x86_64-linux-gnu/libatiadlxx.so
7f81c9195000-7f81c919f000 rw-p 0003a000 08:05 3597428                    /usr/lib/x86_64-linux-gnu/libatiadlxx.so
7f81c919f000-7f81c91af000 rw-p 00000000 00:00 0 
7f81c91af000-7f81c91b6000 r-xp 00000000 08:05 3597940                    /usr/lib/x86_64-linux-gnu/libatiuki.so.1.0
7f81c91b6000-7f81c92b6000 ---p 00007000 08:05 3597940                    /usr/lib/x86_64-linux-gnu/libatiuki.so.1.0
7f81c92b6000-7f81c92b7000 rw-p 00007000 08:05 3597940                    /usr/lib/x86_64-linux-gnu/libatiuki.so.1.0
7f81c92b7000-7f81c92b8000 rw-p 00000000 00:00 0 
7f81c92b8000-7f81cb20c000 r-xp 00000000 08:05 3719191                    /usr/lib/x86_64-linux-gnu/dri/fglrx_dri.so
7f81cb20c000-7f81cb30b000 ---p 01f54000 08:05 3719191                    /usr/lib/x86_64-linux-gnu/dri/fglrx_dri.so
7f81cb30b000-7f81cb459000 rwxp 01f53000 08:05 3719191                    /usr/lib/x86_64-linux-gnu/dri/fglrx_dri.so
7f81cb459000-7f81cb57f000 rwxp 00000000 00:00 0 
7f81cb57f000-7f81cb642000 r-xp 00000000 08:05 3719192                    /usr/lib/x86_64-linux-gnu/fglrx/fglrx-libGL.so.1.2
7f81cb642000-7f81cb741000 ---p 000c3000 08:05 3719192                    /usr/lib/x86_64-linux-gnu/fglrx/fglrx-libGL.so.1.2
7f81cb741000-7f81cb768000 rwxp 000c2000 08:05 3719192                    /usr/lib/x86_64-linux-gnu/fglrx/fglrx-libGL.so.1.2
7f81cb768000-7f81cb788000 rwxp 00000000 00:00 0 
7f81cb788000-7f81cb78d000 r-xp 00000000 08:05 3598966                    /usr/lib/x86_64-linux-gnu/libXxf86vm.so.1.0.0
7f81cb78d000-7f81cb98c000 ---p 00005000 08:05 3598966                    /usr/lib/x86_64-linux-gnu/libXxf86vm.so.1.0.0
7f81cb98c000-7f81cb98d000 rw-p 00004000 08:05 3598966                    /usr/lib/x86_64-linux-gnu/libXxf86vm.so.1.0.0
7f81cb98d000-7f81cb995000 r-xp 00000000 08:05 3598958                    /usr/lib/x86_64-linux-gnu/libXrandr.so.2.2.0
7f81cb995000-7f81cbb94000 ---p 00008000 08:05 3598958                    /usr/lib/x86_64-linux-gnu/libXrandr.so.2.2.0
7f81cbb94000-7f81cbb95000 rw-p 00007000 08:05 3598958                    /usr/lib/x86_64-linux-gnu/libXrandr.so.2.2.0
7f81cbb95000-7f81cbbfc000 r-xp 00000000 08:05 2089394                    /home/plato/lwjgl-2.8.3/native/linux/liblwjgl64.so
7f81cbbfc000-7f81cbdfc000 ---p 00067000 08:05 2089394                    /home/plato/lwjgl-2.8.3/native/linux/liblwjgl64.so
7f81cbdfc000-7f81cbdfe000 r--p 00067000 08:05 2089394                    /home/plato/lwjgl-2.8.3/native/linux/liblwjgl64.so
7f81cbdfe000-7f81cbdff000 rw-p 00069000 08:05 2089394                    /home/plato/lwjgl-2.8.3/native/linux/liblwjgl64.so
7f81cbdff000-7f81cbe00000 r-xp 00000000 08:05 3811454                    /usr/lib/jvm/java-6-openjdk-amd64/jre/lib/amd64/libjawt.so
7f81cbe00000-7f81cbfff000 ---p 00001000 08:05 3811454                    /usr/lib/jvm/java-6-openjdk-amd64/jre/lib/amd64/libjawt.so
7f81cbfff000-7f81cc000000 rw-p 00000000 08:05 3811454                    /usr/lib/jvm/java-6-openjdk-amd64/jre/lib/amd64/libjawt.so
7f81cc000000-7f81cd13f000 rw-p 00000000 00:00 0 
7f81cd13f000-7f81d0000000 ---p 00000000 00:00 0 
7f81d0037000-7f81d007f000 rw-p 00000000 00:00 0 
7f81d007f000-7f81d0082000 ---p 00000000 00:00 0 
7f81d0082000-7f81d0180000 rw-p 00000000 00:00 0 
7f81d0180000-7f81d0185000 r-xp 00000000 08:05 3598942                    /usr/lib/x86_64-linux-gnu/libXfixes.so.3.1.0
7f81d0185000-7f81d0385000 ---p 00005000 08:05 3598942                    /usr/lib/x86_64-linux-gnu/libXfixes.so.3.1.0
7f81d0385000-7f81d0386000 rw-p 00005000 08:05 3598942                    /usr/lib/x86_64-linux-gnu/libXfixes.so.3.1.0
7f81d0386000-7f81d0387000 r--s 00000000 08:05 524688                     /var/cache/fontconfig/c05880de57d1f5e948fdfacc138775d9-le64.cache-3
7f81d0387000-7f81d0390000 r--s 00000000 08:05 524687                     /var/cache/fontconfig/945677eb7aeaf62f1d50efc3fb3ec7d8-le64.cache-3
7f81d0390000-7f81d0395000 r--s 00000000 08:05 524685                     /var/cache/fontconfig/6eb3985aa4124903f6ff08ba781cd364-le64.cache-3
7f81d0395000-7f81d039e000 r--s 00000000 08:05 524684                     /var/cache/fontconfig/6d41288fd70b0be22e8c3a91e032eec0-le64.cache-3
7f81d039e000-7f81d03cc000 r--s 00000000 08:05 524682                     /var/cache/fontconfig/365b55f210c0a22e9a19e35191240f32-le64.cache-3
7f81d03ea000-7f81d046a000 rw-p 00000000 00:00 0 
7f81d046a000-7f81d048a000 rw-s fe9e0000 00:05 1847                       /dev/ati/card0
7f81d048a000-7f81d048d000 ---p 00000000 00:00 0 
7f81d048d000-7f81d058b000 rw-p 00000000 00:00 0 
7f81d058b000-7f81d058c000 r--s 00000000 08:05 524688                     /var/cache/fontconfig/c05880de57d1f5e948fdfacc138775d9-le64.cache-3
7f81d058c000-7f81d0595000 r--s 00000000 08:05 524687                     /var/cache/fontconfig/945677eb7aeaf62f1d50efc3fb3ec7d8-le64.cache-3
7f81d0595000-7f81d059a000 r--s 00000000 08:05 524685                     /var/cache/fontconfig/6eb3985aa4124903f6ff08ba781cd364-le64.cache-3
7f81d059a000-7f81d05a3000 r--s 00000000 08:05 524684                     /var/cache/fontconfig/6d41288fd70b0be22e8c3a91e032eec0-le64.cache-3
7f81d05a3000-7f81d05d1000 r--s 00000000 08:05 524682                     /var/cache/fontconfig/365b55f210c0a22e9a19e35191240f32-le64.cache-3
7f81d05d1000-7f81d05d4000 r--s 00000000 08:05 524681                     /var/cache/fontconfig/c57959a16110560c8d0fcea73374aeeb-le64.cache-3
7f81d05d4000-7f81d05d9000 r--s 00000000 08:05 524680                     /var/cache/fontconfig/3047814df9a2f067bd2d96a2b9c36e5a-le64.cache-3
7f81d05d9000-7f81d05dc000 r--s 00000000 08:05 524679                     /var/cache/fontconfig/e49e89034d371f0f9de17aab02136486-le64.cache-3
7f81d05e7000-7f81d05f0000 r-xp 00000000 08:05 3597931                    /usr/lib/x86_64-linux-gnu/libXcursor.so.1.0.2
7f81d05f0000-7f81d07f0000 ---p 00009000 08:05 3597931                    /usr/lib/x86_64-linux-gnu/libXcursor.so.1.0.2
7f81d07f0000-7f81d07f1000 rw-p 00009000 08:05 3597931                    /usr/lib/x86_64-linux-gnu/libXcursor.so.1.0.2
7f81d07f9000-7f81d07fa000 rw-s 00005000 00:05 1847                       /dev/ati/card0
7f81d07fa000-7f81d07fc000 rw-s 00002000 00:05 1847                       /dev/ati/card0
7f81d07fc000-7f81d0807000 r--s 00093000 08:05 1942205                    /home/plato/Downloads/slick.jar
7f81d0807000-7f81d080b000 r--s 00027000 08:05 2089386                    /home/plato/lwjgl-2.8.3/jar/lwjgl_util.jar
7f81d080b000-7f81d0812000 r--s 000fb000 08:05 3457045                    /usr/lib/jvm/java-6-openjdk-common/jre/lib/resources.jar
7f81d0812000-7f81d0814000 r--s 00000000 08:05 524678                     /var/cache/fontconfig/4b14b093aebc79c320de5e86ae1d3314-le64.cache-3
7f81d0814000-7f81d0824000 r--s 00000000 08:05 524606                     /var/cache/fontconfig/d52a8644073d54c13679302ca1180695-le64.cache-3
7f81d0824000-7f81d082b000 r--s 00000000 08:05 524677                     /var/cache/fontconfig/3f7329c5293ffd510edef78f73874cfd-le64.cache-3
7f81d082b000-7f81d082e000 ---p 00000000 00:00 0 
7f81d082e000-7f81d092c000 rw-p 00000000 00:00 0 
7f81d092c000-7f81d09c5000 r-xp 00000000 08:05 3597483                    /usr/lib/x86_64-linux-gnu/libfreetype.so.6.8.1
7f81d09c5000-7f81d0bc4000 ---p 00099000 08:05 3597483                    /usr/lib/x86_64-linux-gnu/libfreetype.so.6.8.1
7f81d0bc4000-7f81d0bca000 r--p 00098000 08:05 3597483                    /usr/lib/x86_64-linux-gnu/libfreetype.so.6.8.1
7f81d0bca000-7f81d0bcb000 rw-p 0009e000 08:05 3597483                    /usr/lib/x86_64-linux-gnu/libfreetype.so.6.8.1
7f81d0bcb000-7f81d0c05000 r-xp 00000000 08:05 3811453                    /usr/lib/jvm/java-6-openjdk-amd64/jre/lib/amd64/libfontmanager.so
7f81d0c05000-7f81d0e04000 ---p 0003a000 08:05 3811453                    /usr/lib/jvm/java-6-openjdk-amd64/jre/lib/amd64/libfontmanager.so
7f81d0e04000-7f81d0e06000 rw-p 00039000 08:05 3811453                    /usr/lib/jvm/java-6-openjdk-amd64/jre/lib/amd64/libfontmanager.so
7f81d0e06000-7f81d0e07000 rw-p 00000000 00:00 0 
7f81d0e07000-7f81d0e0c000 r-xp 00000000 08:05 3597207                    /usr/lib/x86_64-linux-gnu/libXdmcp.so.6.0.0
7f81d0e0c000-7f81d100b000 ---p 00005000 08:05 3597207                    /usr/lib/x86_64-linux-gnu/libXdmcp.so.6.0.0
7f81d100b000-7f81d100c000 rw-p 00004000 08:05 3597207                    /usr/lib/x86_64-linux-gnu/libXdmcp.so.6.0.0
7f81d100c000-7f81d100e000 r-xp 00000000 08:05 3597205                    /usr/lib/x86_64-linux-gnu/libXau.so.6.0.0
7f81d100e000-7f81d120e000 ---p 00002000 08:05 3597205                    /usr/lib/x86_64-linux-gnu/libXau.so.6.0.0
7f81d120e000-7f81d120f000 rw-p 00002000 08:05 3597205                    /usr/lib/x86_64-linux-gnu/libXau.so.6.0.0
7f81d120f000-7f81d122e000 r-xp 00000000 08:05 3597447                    /usr/lib/x86_64-linux-gnu/libxcb.so.1.1.0
7f81d122e000-7f81d142d000 ---p 0001f000 08:05 3597447                    /usr/lib/x86_64-linux-gnu/libxcb.so.1.1.0
7f81d142d000-7f81d142e000 r--p 0001e000 08:05 3597447                    /usr/lib/x86_64-linux-gnu/libxcb.so.1.1.0
7f81d142e000-7f81d142f000 rw-p 0001f000 08:05 3597447                    /usr/lib/x86_64-linux-gnu/libxcb.so.1.1.0
7f81d142f000-7f81d143e000 r-xp 00000000 08:05 3597444                    /usr/lib/x86_64-linux-gnu/libXi.so.6.1.0
7f81d143e000-7f81d163d000 ---p 0000f000 08:05 3597444                    /usr/lib/x86_64-linux-gnu/libXi.so.6.1.0
7f81d163d000-7f81d163e000 rw-p 0000e000 08:05 3597444                    /usr/lib/x86_64-linux-gnu/libXi.so.6.1.0
7f81d163e000-7f81d1643000 r-xp 00000000 08:05 3598962                    /usr/lib/x86_64-linux-gnu/libXtst.so.6.1.0
7f81d1643000-7f81d1843000 ---p 00005000 08:05 3598962                    /usr/lib/x86_64-linux-gnu/libXtst.so.6.1.0
7f81d1843000-7f81d1844000 rw-p 00005000 08:05 3598962                    /usr/lib/x86_64-linux-gnu/libXtst.so.6.1.0
7f81d1844000-7f81d184e000 r-xp 00000000 08:05 3598944                    /usr/lib/x86_64-linux-gnu/libXrender.so.1.3.0
7f81d184e000-7f81d1a4d000 ---p 0000a000 08:05 3598944                    /usr/lib/x86_64-linux-gnu/libXrender.so.1.3.0
7f81d1a4d000-7f81d1a4e000 rw-p 00009000 08:05 3598944                    /usr/lib/x86_64-linux-gnu/libXrender.so.1.3.0
7f81d1a4e000-7f81d1b87000 r-xp 00000000 08:05 3597441                    /usr/lib/x86_64-linux-gnu/libX11.so.6.3.0
7f81d1b87000-7f81d1d87000 ---p 00139000 08:05 3597441                    /usr/lib/x86_64-linux-gnu/libX11.so.6.3.0
7f81d1d87000-7f81d1d8d000 rw-p 00139000 08:05 3597441                    /usr/lib/x86_64-linux-gnu/libX11.so.6.3.0
7f81d1d8d000-7f81d1d9f000 r-xp 00000000 08:05 3597735                    /usr/lib/x86_64-linux-gnu/libXext.so.6.4.0
7f81d1d9f000-7f81d1f9f000 ---p 00012000 08:05 3597735                    /usr/lib/x86_64-linux-gnu/libXext.so.6.4.0
7f81d1f9f000-7f81d1fa0000 rw-p 00012000 08:05 3597735                    /usr/lib/x86_64-linux-gnu/libXext.so.6.4.0
7f81d1fa0000-7f81d1fed000 r-xp 00000000 08:05 3817527                    /usr/lib/jvm/java-6-openjdk-amd64/jre/lib/amd64/xawt/libmawt.so
7f81d1fed000-7f81d21ec000 ---p 0004d000 08:05 3817527                    /usr/lib/jvm/java-6-openjdk-amd64/jre/lib/amd64/xawt/libmawt.so
7f81d21ec000-7f81d21ef000 rw-p 0004c000 08:05 3817527                    /usr/lib/jvm/java-6-openjdk-amd64/jre/lib/amd64/xawt/libmawt.so
7f81d21ef000-7f81d21f1000 rw-p 00000000 00:00 0 
7f81d21f1000-7f81d229c000 r-xp 00000000 08:05 3811464                    /usr/lib/jvm/java-6-openjdk-amd64/jre/lib/amd64/libawt.so
7f81d229c000-7f81d249b000 ---p 000ab000 08:05 3811464                    /usr/lib/jvm/java-6-openjdk-amd64/jre/lib/amd64/libawt.so
7f81d249b000-7f81d24a7000 rw-p 000aa000 08:05 3811464                    /usr/lib/jvm/java-6-openjdk-amd64/jre/lib/amd64/libawt.so
7f81d24a7000-7f81d24cb000 rw-p 00000000 00:00 0 
7f81d24cb000-7f81d24ce000 r--s 0007d000 08:05 3457063                    /usr/lib/jvm/java-6-openjdk-common/jre/lib/jsse.jar
7f81d24ce000-7f81d24da000 r--s 000d8000 08:05 2089384                    /home/plato/lwjgl-2.8.3/jar/lwjgl.jar
7f81d24da000-7f81d24dc000 r--s 00001000 08:05 3457049                    /usr/lib/jvm/java-6-openjdk-common/jre/lib/ext/dnsns.jar
7f81d24dc000-7f81d24df000 r--s 00031000 08:05 3457047                    /usr/lib/jvm/java-6-openjdk-common/jre/lib/ext/sunjce_provider.jar
7f81d24df000-7f81d24e2000 r--s 00077000 08:05 3457050                    /usr/lib/jvm/java-6-openjdk-common/jre/lib/ext/localedata.jar
7f81d24e2000-7f81d24e6000 r--s 00038000 08:05 3457051                    /usr/lib/jvm/java-6-openjdk-common/jre/lib/ext/sunpkcs11.jar
7f81d24e6000-7f81d24e8000 r--s 0000f000 08:05 3457048                    /usr/lib/jvm/java-6-openjdk-common/jre/lib/ext/pulse-java.jar
7f81d24e8000-7f81d24e9000 r--s 00007000 08:05 3393499                    /usr/share/java/java-atk-wrapper.jar
7f81d24e9000-7f81d24ea000 ---p 00000000 00:00 0 
7f81d24ea000-7f81d25ea000 rw-p 00000000 00:00 0 
7f81d25ea000-7f81d25ed000 ---p 00000000 00:00 0 
7f81d25ed000-7f81d26eb000 rw-p 00000000 00:00 0 
7f81d26eb000-7f81d26ee000 ---p 00000000 00:00 0 
7f81d26ee000-7f81d27ec000 rw-p 00000000 00:00 0 
7f81d27ec000-7f81d27ef000 ---p 00000000 00:00 0 
7f81d27ef000-7f81d28ed000 rw-p 00000000 00:00 0 
7f81d28ed000-7f81d28f0000 ---p 00000000 00:00 0 
7f81d28f0000-7f81d29ee000 rw-p 00000000 00:00 0 
7f81d29ee000-7f81d2b65000 r--p 00000000 08:05 3342755                    /usr/lib/locale/locale-archive
7f81d2b65000-7f81d2b68000 ---p 00000000 00:00 0 
7f81d2b68000-7f81d2c66000 rw-p 00000000 00:00 0 
7f81d2c66000-7f81d2c69000 ---p 00000000 00:00 0 
7f81d2c69000-7f81d2d67000 rw-p 00000000 00:00 0 
7f81d2d67000-7f81d2d68000 ---p 00000000 00:00 0 
7f81d2d68000-7f81d33a0000 rw-p 00000000 00:00 0 
7f81d33a0000-7f81d3530000 r--s 037ba000 08:05 3622889                    /usr/lib/jvm/java-6-openjdk-amd64/jre/lib/rt.jar
7f81d3530000-7f81d3558000 rw-p 00000000 00:00 0 
7f81d3558000-7f81d3559000 ---p 00000000 00:00 0 
7f81d3559000-7f81d3659000 rw-p 00000000 00:00 0 
7f81d3659000-7f81d365a000 ---p 00000000 00:00 0 
7f81d365a000-7f81d375a000 rw-p 00000000 00:00 0 
7f81d375a000-7f81d375b000 ---p 00000000 00:00 0 
7f81d375b000-7f81d385b000 rw-p 00000000 00:00 0 
7f81d385b000-7f81d385c000 ---p 00000000 00:00 0 
7f81d385c000-7f81d3967000 rw-p 00000000 00:00 0 
7f81d3967000-7f81d39af000 rw-p 00000000 00:00 0 
7f81d39af000-7f81d39c4000 rw-p 00000000 00:00 0 
7f81d39c4000-7f81d3afa000 rw-p 00000000 00:00 0 
7f81d3afa000-7f81d3b05000 rw-p 00000000 00:00 0 
7f81d3b05000-7f81d3b4d000 rw-p 00000000 00:00 0 
7f81d3b4d000-7f81d3b62000 rw-p 00000000 00:00 0 
7f81d3b62000-7f81d3c97000 rw-p 00000000 00:00 0 
7f81d3c97000-7f81d3ca2000 rw-p 00000000 00:00 0 
7f81d3ca2000-7f81d3d3d000 rw-p 00000000 00:00 0 
7f81d3d3d000-7f81d3d3e000 rw-p 00000000 00:00 0 
7f81d3d3e000-7f81d3fae000 rwxp 00000000 00:00 0 
7f81d3fae000-7f81d6d3e000 rw-p 00000000 00:00 0 
7f81d6d3e000-7f81d6d45000 r-xp 00000000 08:05 3811443                    /usr/lib/jvm/java-6-openjdk-amd64/jre/lib/amd64/libzip.so
7f81d6d45000-7f81d6f44000 ---p 00007000 08:05 3811443                    /usr/lib/jvm/java-6-openjdk-amd64/jre/lib/amd64/libzip.so
7f81d6f44000-7f81d6f45000 rw-p 00006000 08:05 3811443                    /usr/lib/jvm/java-6-openjdk-amd64/jre/lib/amd64/libzip.so
7f81d6f45000-7f81d6f50000 r-xp 00000000 08:05 5194066                    /lib/x86_64-linux-gnu/libnss_files-2.13.so
7f81d6f50000-7f81d714f000 ---p 0000b000 08:05 5194066                    /lib/x86_64-linux-gnu/libnss_files-2.13.so
7f81d714f000-7f81d7150000 r--p 0000a000 08:05 5194066                    /lib/x86_64-linux-gnu/libnss_files-2.13.so
7f81d7150000-7f81d7151000 rw-p 0000b000 08:05 5194066                    /lib/x86_64-linux-gnu/libnss_files-2.13.so
7f81d7151000-7f81d715b000 r-xp 00000000 08:05 5193832                    /lib/x86_64-linux-gnu/libnss_nis-2.13.so
7f81d715b000-7f81d735a000 ---p 0000a000 08:05 5193832                    /lib/x86_64-linux-gnu/libnss_nis-2.13.so
7f81d735a000-7f81d735b000 r--p 00009000 08:05 5193832                    /lib/x86_64-linux-gnu/libnss_nis-2.13.so
7f81d735b000-7f81d735c000 rw-p 0000a000 08:05 5193832                    /lib/x86_64-linux-gnu/libnss_nis-2.13.so
7f81d735c000-7f81d7363000 r-xp 00000000 08:05 5194060                    /lib/x86_64-linux-gnu/libnss_compat-2.13.so
7f81d7363000-7f81d7562000 ---p 00007000 08:05 5194060                    /lib/x86_64-linux-gnu/libnss_compat-2.13.so
7f81d7562000-7f81d7563000 r--p 00006000 08:05 5194060                    /lib/x86_64-linux-gnu/libnss_compat-2.13.so
7f81d7563000-7f81d7564000 rw-p 00007000 08:05 5194060                    /lib/x86_64-linux-gnu/libnss_compat-2.13.so
7f81d7564000-7f81d7579000 r-xp 00000000 08:05 5194056                    /lib/x86_64-linux-gnu/libnsl-2.13.so
7f81d7579000-7f81d7778000 ---p 00015000 08:05 5194056                    /lib/x86_64-linux-gnu/libnsl-2.13.so
7f81d7778000-7f81d7779000 r--p 00014000 08:05 5194056                    /lib/x86_64-linux-gnu/libnsl-2.13.so
7f81d7779000-7f81d777a000 rw-p 00015000 08:05 5194056                    /lib/x86_64-linux-gnu/libnsl-2.13.so
7f81d777a000-7f81d777c000 rw-p 00000000 00:00 0 
7f81d777c000-7f81d77a9000 r-xp 00000000 08:05 3811445                    /usr/lib/jvm/java-6-openjdk-amd64/jre/lib/amd64/libjava.so
7f81d77a9000-7f81d79a8000 ---p 0002d000 08:05 3811445                    /usr/lib/jvm/java-6-openjdk-amd64/jre/lib/amd64/libjava.so
7f81d79a8000-7f81d79ac000 rw-p 0002c000 08:05 3811445                    /usr/lib/jvm/java-6-openjdk-amd64/jre/lib/amd64/libjava.so
7f81d79ac000-7f81d79ba000 r-xp 00000000 08:05 3811450                    /usr/lib/jvm/java-6-openjdk-amd64/jre/lib/amd64/libverify.so
7f81d79ba000-7f81d7bb9000 ---p 0000e000 08:05 3811450                    /usr/lib/jvm/java-6-openjdk-amd64/jre/lib/amd64/libverify.so
7f81d7bb9000-7f81d7bbb000 rw-p 0000d000 08:05 3811450                    /usr/lib/jvm/java-6-openjdk-amd64/jre/lib/amd64/libverify.so
7f81d7bbb000-7f81d7bc2000 r-xp 00000000 08:05 5194063                    /lib/x86_64-linux-gnu/librt-2.13.so
7f81d7bc2000-7f81d7dc1000 ---p 00007000 08:05 5194063                    /lib/x86_64-linux-gnu/librt-2.13.so
7f81d7dc1000-7f81d7dc2000 r--p 00006000 08:05 5194063                    /lib/x86_64-linux-gnu/librt-2.13.so
7f81d7dc2000-7f81d7dc3000 rw-p 00007000 08:05 5194063                    /lib/x86_64-linux-gnu/librt-2.13.so
7f81d7dc3000-7f81d7dd8000 r-xp 00000000 08:05 5193796                    /lib/x86_64-linux-gnu/libgcc_s.so.1
7f81d7dd8000-7f81d7fd8000 ---p 00015000 08:05 5193796                    /lib/x86_64-linux-gnu/libgcc_s.so.1
7f81d7fd8000-7f81d7fd9000 rw-p 00015000 08:05 5193796                    /lib/x86_64-linux-gnu/libgcc_s.so.1
7f81d7fd9000-7f81d805a000 r-xp 00000000 08:05 5193831                    /lib/x86_64-linux-gnu/libm-2.13.so
7f81d805a000-7f81d8259000 ---p 00081000 08:05 5193831                    /lib/x86_64-linux-gnu/libm-2.13.so
7f81d8259000-7f81d825a000 r--p 00080000 08:05 5193831                    /lib/x86_64-linux-gnu/libm-2.13.so
7f81d825a000-7f81d825b000 rw-p 00081000 08:05 5193831                    /lib/x86_64-linux-gnu/libm-2.13.so
7f81d825b000-7f81d8340000 r-xp 00000000 08:05 3599050                    /usr/lib/x86_64-linux-gnu/libstdc++.so.6.0.16
7f81d8340000-7f81d8540000 ---p 000e5000 08:05 3599050                    /usr/lib/x86_64-linux-gnu/libstdc++.so.6.0.16
7f81d8540000-7f81d8548000 r--p 000e5000 08:05 3599050                    /usr/lib/x86_64-linux-gnu/libstdc++.so.6.0.16
7f81d8548000-7f81d854a000 rw-p 000ed000 08:05 3599050                    /usr/lib/x86_64-linux-gnu/libstdc++.so.6.0.16
7f81d854a000-7f81d855f000 rw-p 00000000 00:00 0 
7f81d855f000-7f81d8e62000 r-xp 00000000 08:05 3811439                    /usr/lib/jvm/java-6-openjdk-amd64/jre/lib/amd64/server/libjvm.so
7f81d8e62000-7f81d9062000 ---p 00903000 08:05 3811439                    /usr/lib/jvm/java-6-openjdk-amd64/jre/lib/amd64/server/libjvm.so
7f81d9062000-7f81d90fd000 rw-p 00903000 08:05 3811439                    /usr/lib/jvm/java-6-openjdk-amd64/jre/lib/amd64/server/libjvm.so
7f81d90fd000-7f81d9126000 rw-p 00000000 00:00 0 
7f81d9126000-7f81d92a3000 r-xp 00000000 08:05 5194051                    /lib/x86_64-linux-gnu/libc-2.13.so
7f81d92a3000-7f81d94a3000 ---p 0017d000 08:05 5194051                    /lib/x86_64-linux-gnu/libc-2.13.so
7f81d94a3000-7f81d94a7000 r--p 0017d000 08:05 5194051                    /lib/x86_64-linux-gnu/libc-2.13.so
7f81d94a7000-7f81d94a8000 rw-p 00181000 08:05 5194051                    /lib/x86_64-linux-gnu/libc-2.13.so
7f81d94a8000-7f81d94ad000 rw-p 00000000 00:00 0 
7f81d94ad000-7f81d94af000 r-xp 00000000 08:05 5194062                    /lib/x86_64-linux-gnu/libdl-2.13.so
7f81d94af000-7f81d96af000 ---p 00002000 08:05 5194062                    /lib/x86_64-linux-gnu/libdl-2.13.so
7f81d96af000-7f81d96b0000 r--p 00002000 08:05 5194062                    /lib/x86_64-linux-gnu/libdl-2.13.so
7f81d96b0000-7f81d96b1000 rw-p 00003000 08:05 5194062                    /lib/x86_64-linux-gnu/libdl-2.13.so
7f81d96b1000-7f81d96b5000 r-xp 00000000 08:05 3817478                    /usr/lib/jvm/java-6-openjdk-amd64/jre/lib/amd64/jli/libjli.so
7f81d96b5000-7f81d98b4000 ---p 00004000 08:05 3817478                    /usr/lib/jvm/java-6-openjdk-amd64/jre/lib/amd64/jli/libjli.so
7f81d98b4000-7f81d98b5000 rw-p 00003000 08:05 3817478                    /usr/lib/jvm/java-6-openjdk-amd64/jre/lib/amd64/jli/libjli.so
7f81d98b5000-7f81d98cc000 r-xp 00000000 08:05 5194069                    /lib/x86_64-linux-gnu/libpthread-2.13.so
7f81d98cc000-7f81d9acb000 ---p 00017000 08:05 5194069                    /lib/x86_64-linux-gnu/libpthread-2.13.so
7f81d9acb000-7f81d9acc000 r--p 00016000 08:05 5194069                    /lib/x86_64-linux-gnu/libpthread-2.13.so
7f81d9acc000-7f81d9acd000 rw-p 00017000 08:05 5194069                    /lib/x86_64-linux-gnu/libpthread-2.13.so
7f81d9acd000-7f81d9ad1000 rw-p 00000000 00:00 0 
7f81d9ad1000-7f81d9ae7000 r-xp 00000000 08:05 3597430                    /usr/lib/x86_64-linux-gnu/libz.so.1.2.6
7f81d9ae7000-7f81d9ce6000 ---p 00016000 08:05 3597430                    /usr/lib/x86_64-linux-gnu/libz.so.1.2.6
7f81d9ce6000-7f81d9ce7000 rw-p 00015000 08:05 3597430                    /usr/lib/x86_64-linux-gnu/libz.so.1.2.6
7f81d9ce7000-7f81d9d06000 r-xp 00000000 08:05 5193965                    /lib/x86_64-linux-gnu/ld-2.13.so
7f81d9d06000-7f81d9d07000 r--s 00000000 08:05 524683                     /var/cache/fontconfig/4794a0821666d79190d59a36cb4f44b5-le64.cache-3
7f81d9d07000-7f81d9d08000 r--s 00000000 08:05 524403                     /var/cache/fontconfig/62f91419b9ebdb6975e7e41ab6412357-le64.cache-3
7f81d9d08000-7f81d9d0b000 r--s 00000000 08:05 524670                     /var/cache/fontconfig/e13b20fdb08344e0e664864cc2ede53d-le64.cache-3
7f81d9d0b000-7f81d9d0c000 r--s 00000000 08:05 524683                     /var/cache/fontconfig/4794a0821666d79190d59a36cb4f44b5-le64.cache-3
7f81d9d0c000-7f81d9d0f000 r--s 00000000 08:05 524681                     /var/cache/fontconfig/c57959a16110560c8d0fcea73374aeeb-le64.cache-3
7f81d9d0f000-7f81d9d14000 r--s 00000000 08:05 524680                     /var/cache/fontconfig/3047814df9a2f067bd2d96a2b9c36e5a-le64.cache-3
7f81d9d14000-7f81d9d24000 r--s 00000000 08:05 524606                     /var/cache/fontconfig/d52a8644073d54c13679302ca1180695-le64.cache-3
7f81d9d24000-7f81d9d2e000 rw-p 00000000 00:00 0 
7f81d9d2e000-7f81d9de4000 rw-p 00000000 00:00 0 
7f81d9de4000-7f81d9de7000 ---p 00000000 00:00 0 
7f81d9de7000-7f81d9eea000 rw-p 00000000 00:00 0 
7f81d9eea000-7f81d9eed000 r--s 00000000 08:05 524679                     /var/cache/fontconfig/e49e89034d371f0f9de17aab02136486-le64.cache-3
7f81d9eed000-7f81d9eef000 r--s 00000000 08:05 524678                     /var/cache/fontconfig/4b14b093aebc79c320de5e86ae1d3314-le64.cache-3
7f81d9eef000-7f81d9ef6000 r--s 00000000 08:05 524677                     /var/cache/fontconfig/3f7329c5293ffd510edef78f73874cfd-le64.cache-3
7f81d9ef6000-7f81d9ef7000 r--s 00000000 08:05 524403                     /var/cache/fontconfig/62f91419b9ebdb6975e7e41ab6412357-le64.cache-3
7f81d9ef7000-7f81d9efa000 r--s 00000000 08:05 524670                     /var/cache/fontconfig/e13b20fdb08344e0e664864cc2ede53d-le64.cache-3
7f81d9efa000-7f81d9f02000 rw-s 00000000 00:11 23168                      /tmp/hsperfdata_plato/6464 (deleted)
7f81d9f02000-7f81d9f03000 rw-p 00000000 00:00 0 
7f81d9f03000-7f81d9f04000 ---p 00000000 00:00 0 
7f81d9f04000-7f81d9f06000 rw-p 00000000 00:00 0 
7f81d9f06000-7f81d9f07000 r--p 0001f000 08:05 5193965                    /lib/x86_64-linux-gnu/ld-2.13.so
7f81d9f07000-7f81d9f08000 rw-p 00020000 08:05 5193965                    /lib/x86_64-linux-gnu/ld-2.13.so
7f81d9f08000-7f81d9f09000 rw-p 00000000 00:00 0 
7fff05ea6000-7fff05ec7000 rw-p 00000000 00:00 0                          [stack]
7fff05f1f000-7fff05f20000 r-xp 00000000 00:00 0                          [vdso]
ffffffffff600000-ffffffffff601000 r-xp 00000000 00:00 0                  [vsyscall]

VM Arguments:
jvm_args: -Djava.library.path=/home/plato/lwjgl-2.8.3/native/linux:/home/plato/lwjgl-2.8.3/native/linux -Dfile.encoding=UTF-8 
java_command: core.Engine
Launcher Type: SUN_STANDARD

Environment Variables:
PATH=/usr/local/bin:/usr/bin:/bin:/usr/local/games:/usr/games
USERNAME=plato
LD_LIBRARY_PATH=/usr/lib/jvm/java-6-openjdk-amd64/jre/lib/amd64/server:/usr/lib/jvm/java-6-openjdk-amd64/jre/lib/amd64:/usr/lib/jvm/java-6-openjdk-amd64/jre/../lib/amd64
SHELL=/bin/bash
DISPLAY=:0

Signal Handlers:
SIGSEGV: [libjvm.so+0x781f30], sa_mask[0]=0x7ffbfeff, sa_flags=0x10000004
SIGBUS: [libjvm.so+0x781f30], sa_mask[0]=0x7ffbfeff, sa_flags=0x10000004
SIGFPE: [libjvm.so+0x646b60], sa_mask[0]=0x7ffbfeff, sa_flags=0x10000004
SIGPIPE: [libjvm.so+0x646b60], sa_mask[0]=0x7ffbfeff, sa_flags=0x10000004
SIGXFSZ: [libjvm.so+0x646b60], sa_mask[0]=0x7ffbfeff, sa_flags=0x10000004
SIGILL: [libjvm.so+0x646b60], sa_mask[0]=0x7ffbfeff, sa_flags=0x10000004
SIGUSR1: SIG_DFL, sa_mask[0]=0x00000000, sa_flags=0x00000000
SIGUSR2: [libjvm.so+0x646cf0], sa_mask[0]=0x00000004, sa_flags=0x10000004
SIGHUP: [libjvm.so+0x6496a0], sa_mask[0]=0x7ffbfeff, sa_flags=0x10000004
SIGINT: [libjvm.so+0x6496a0], sa_mask[0]=0x7ffbfeff, sa_flags=0x10000004
SIGTERM: [libjvm.so+0x6496a0], sa_mask[0]=0x7ffbfeff, sa_flags=0x10000004
SIGQUIT: [libjvm.so+0x6496a0], sa_mask[0]=0x7ffbfeff, sa_flags=0x10000004


---------------  S Y S T E M  ---------------

OS:wheezy/sid

uname:Linux 3.2.0-2-amd64 #1 SMP Sun Apr 15 16:47:38 UTC 2012 x86_64
libc:glibc 2.13 NPTL 2.13 
rlimit: STACK 8192k, CORE 0k, NPROC 31118, NOFILE 4096, AS infinity
load average:0.12 0.04 0.05

/proc/meminfo:
MemTotal:        4061164 kB
MemFree:         2764856 kB
Buffers:           22700 kB
Cached:           435972 kB
SwapCached:            0 kB
Active:           693436 kB
Inactive:         341712 kB
Active(anon):     577052 kB
Inactive(anon):     2700 kB
Active(file):     116384 kB
Inactive(file):   339012 kB
Unevictable:           0 kB
Mlocked:               0 kB
SwapTotal:       4188156 kB
SwapFree:        4188156 kB
Dirty:               124 kB
Writeback:             0 kB
AnonPages:        576256 kB
Mapped:           219276 kB
Shmem:              3276 kB
Slab:              45152 kB
SReclaimable:      20228 kB
SUnreclaim:        24924 kB
KernelStack:        2824 kB
PageTables:        20712 kB
NFS_Unstable:          0 kB
Bounce:                0 kB
WritebackTmp:          0 kB
CommitLimit:     6218736 kB
Committed_AS:    1575580 kB
VmallocTotal:   34359738367 kB
VmallocUsed:      299204 kB
VmallocChunk:   34359434907 kB
HardwareCorrupted:     0 kB
AnonHugePages:         0 kB
HugePages_Total:       0
HugePages_Free:        0
HugePages_Rsvd:        0
HugePages_Surp:        0
Hugepagesize:       2048 kB
DirectMap4k:       95872 kB
DirectMap2M:     3049472 kB
DirectMap1G:     1048576 kB


CPU:total 4 (4 cores per cpu, 1 threads per core) family 16 model 4 stepping 3, cmov, cx8, fxsr, mmx, sse, sse2, sse3, popcnt, mmxext, 3dnowpref, lzcnt, sse4a

Memory: 4k page, physical 4061164k(2764856k free), swap 4188156k(4188156k free)

vm_info: OpenJDK 64-Bit Server VM (20.0-b12) for linux-amd64 JRE (1.6.0_24-b24), built on Feb 27 2012 00:20:15 by "doko" with gcc 4.6.2

time: Wed May  9 21:49:11 2012
elapsed time: 37 seconds

