#
# A fatal error has been detected by the Java Runtime Environment:
#
#  SIGSEGV (0xb) at pc=0x00007f21dc426f58, pid=6613, tid=139783544776448
#
# JRE version: 6.0_24-b24
# Java VM: OpenJDK 64-Bit Server VM (20.0-b12 mixed mode linux-amd64 compressed oops)
# Derivative: IcedTea6 1.11.1
# Distribution: Debian GNU/Linux unstable (sid), package 6b24-1.11.1-3
# Problematic frame:
# C  [libX11.so.6+0x3cf58]  XQueryExtension+0x28
#
# If you would like to submit a bug report, please include
# instructions how to reproduce the bug and visit:
#   http://icedtea.classpath.org/bugzilla
#

---------------  T H R E A D  ---------------

Current thread is native thread

siginfo:si_signo=SIGSEGV: si_errno=0, si_code=1 (SEGV_MAPERR), si_addr=0xffffffffd00474d8

Registers:
RAX=0x0000000001ad75d0, RBX=0xffffffffd0046b70, RCX=0x00007fffcebcc088, RDX=0x00007fffcebcc084
RSP=0x00007fffcebcc020, RBP=0x00007f21d60eb952, RSI=0x00007f21d60eb952, RDI=0xffffffffd0046b70
R8 =0x00007fffcebcc08c, R9 =0x0000000000000000, R10=0x00007f21e3e46768, R11=0x00007f21e3af90d0
R12=0x00007fffcebcc084, R13=0x00007f21d60eb952, R14=0x0000000001ad75d0, R15=0x0000000000000000
RIP=0x00007f21dc426f58, EFLAGS=0x0000000000010202, CSGSFS=0x0000000000000033, ERR=0x0000000000000005
  TRAPNO=0x000000000000000e

Top of Stack: (sp=0x00007fffcebcc020)
0x00007fffcebcc020:   0000000000000020 0000000000000000
0x00007fffcebcc030:   00007f21e3ad05c8 00007f21e4884000
0x00007fffcebcc040:   00007f21e3ad05c8 ffffffffd0046b70
0x00007fffcebcc050:   00007f21d60eb952 0000000000000000
0x00007fffcebcc060:   00007f21d60eb952 0000000001ad75d0
0x00007fffcebcc070:   0000000000000000 00007f21dc41a905
0x00007fffcebcc080:   00007f21d004de60 00007f21d6224540
0x00007fffcebcc090:   00007f21d6224540 ffffffffd0046b70
0x00007fffcebcc0a0:   00007f21d0044d90 00007f21dc737b8b
0x00007fffcebcc0b0:   0101010101010101 00000011e3ad05c8
0x00007fffcebcc0c0:   00007fffcebcc140 0000000000000000
0x00007fffcebcc0d0:   00007fffcebcc140 ffffffffd0046b70
0x00007fffcebcc0e0:   00007f21e48a3048 00007f21d004de60
0x00007fffcebcc0f0:   00007f21d623dd70 00007f21d6092129
0x00007fffcebcc100:   0000000000000000 000000000000002b
0x00007fffcebcc110:   00007fffcebcc140 0000000000000000
0x00007fffcebcc120:   00007f21e48a3048 00007f21d004de60
0x00007fffcebcc130:   000000000000001b 00007f21d6088b42
0x00007fffcebcc140:   00007fffcebcc340 00007f21d60eb8c1
0x00007fffcebcc150:   00007fffcebcc340 00007f21e469123c
0x00007fffcebcc160:   00007f21e48a41c8 00007f21e48a4758
0x00007fffcebcc170:   00007f21e4885508 0000000001ade550
0x00007fffcebcc180:   0000000001adea30 0000000001adef30
0x00007fffcebcc190:   0000000001ae3c30 00007f21d811cfe0
0x00007fffcebcc1a0:   00007f21d811d4c0 00007f21e48a17f8
0x00007fffcebcc1b0:   00007f21d0040510 00007f21d003fd30
0x00007fffcebcc1c0:   00007f21d0036650 00007f21d0036af0
0x00007fffcebcc1d0:   00007f21d806d290 00007f21d806f7a0
0x00007fffcebcc1e0:   00007f21d806fc40 00007f21d806cb90
0x00007fffcebcc1f0:   0000000001ada570 0000000001adab50
0x00007fffcebcc200:   0000000001ad9eb0 0000000001ad55f0
0x00007fffcebcc210:   0000000001ad5b60 0000000001ad6570 

Instructions: (pc=0x00007f21dc426f58)
0x00007f21dc426f38:   24 d8 48 89 fb 4c 89 64 24 e0 4c 89 6c 24 e8 49
0x00007f21dc426f48:   89 d4 4c 89 74 24 f0 4c 89 7c 24 f8 48 83 ec 58
0x00007f21dc426f58:   48 8b 87 68 09 00 00 49 89 f5 48 89 cd 4d 89 c6
0x00007f21dc426f68:   48 85 c0 74 02 ff 10 4c 8b bb b0 00 00 00 49 8d 

Register to memory mapping:

RAX=0x0000000001ad75d0 is an unknown value
RBX=0xffffffffd0046b70 is an unknown value
RCX=0x00007fffcebcc088 is an unknown value
RDX=0x00007fffcebcc084 is an unknown value
RSP=0x00007fffcebcc020 is an unknown value
RBP=0x00007f21d60eb952: <offset 0x96952> in /usr/lib/x86_64-linux-gnu/libGL.so.1 at 0x00007f21d6055000
RSI=0x00007f21d60eb952: <offset 0x96952> in /usr/lib/x86_64-linux-gnu/libGL.so.1 at 0x00007f21d6055000
RDI=0xffffffffd0046b70 is an unknown value
R8 =0x00007fffcebcc08c is an unknown value
R9 =0x0000000000000000 is an unknown value
R10=0x00007f21e3e46768: <offset 0x384768> in /lib/x86_64-linux-gnu/libc.so.6 at 0x00007f21e3ac2000
R11=0x00007f21e3af90d0: __cxa_finalize+0 in /lib/x86_64-linux-gnu/libc.so.6 at 0x00007f21e3ac2000
R12=0x00007fffcebcc084 is an unknown value
R13=0x00007f21d60eb952: <offset 0x96952> in /usr/lib/x86_64-linux-gnu/libGL.so.1 at 0x00007f21d6055000
R14=0x0000000001ad75d0 is an unknown value
R15=0x0000000000000000 is an unknown value


Stack: [0x00007fffceacd000,0x00007fffcebcd000],  sp=0x00007fffcebcc020,  free space=1020k
Native frames: (J=compiled Java code, j=interpreted, Vv=VM code, C=native code)
C  [libX11.so.6+0x3cf58]  XQueryExtension+0x28


---------------  P R O C E S S  ---------------

VM state:at safepoint (shutting down)

VM Mutex/Monitor currently owned by a thread:  ([mutex/lock_event])
[0x0000000001adc920] Threads_lock - owner thread: 0x0000000001b47000

Heap
 PSYoungGen      total 18496K, used 8033K [0x00000000eb560000, 0x00000000eca00000, 0x0000000100000000)
  eden space 15872K, 50% used [0x00000000eb560000,0x00000000ebd385f8,0x00000000ec4e0000)
  from space 2624K, 0% used [0x00000000ec770000,0x00000000ec770000,0x00000000eca00000)
  to   space 2624K, 0% used [0x00000000ec4e0000,0x00000000ec4e0000,0x00000000ec770000)
 PSOldGen        total 42368K, used 0K [0x00000000c2000000, 0x00000000c4960000, 0x00000000eb560000)
  object space 42368K, 0% used [0x00000000c2000000,0x00000000c2000000,0x00000000c4960000)
 PSPermGen       total 21248K, used 10015K [0x00000000b7a00000, 0x00000000b8ec0000, 0x00000000c2000000)
  object space 21248K, 47% used [0x00000000b7a00000,0x00000000b83c7e10,0x00000000b8ec0000)

Code Cache  [0x00007f21de6da000, 0x00007f21de94a000, 0x00007f21e16da000)
 total_blobs=555 nmethods=100 adapters=410 free_code_cache=49629376 largest_free_block=13184

Dynamic libraries:
00400000-00408000 r-xp 00000000 08:05 3622879                            /usr/lib/jvm/java-6-openjdk-amd64/jre/bin/java
00608000-00609000 rw-p 00008000 08:05 3622879                            /usr/lib/jvm/java-6-openjdk-amd64/jre/bin/java
01ad5000-01da7000 rw-p 00000000 00:00 0                                  [heap]
b7a00000-b8ec0000 rw-p 00000000 00:00 0 
b8ec0000-c2000000 rw-p 00000000 00:00 0 
c2000000-c4960000 rw-p 00000000 00:00 0 
c4960000-eb560000 rw-p 00000000 00:00 0 
eb560000-eca00000 rw-p 00000000 00:00 0 
eca00000-100000000 rw-p 00000000 00:00 0 
7f21cdd39000-7f21cfc8d000 r-xp 00000000 08:05 3719191                    /usr/lib/x86_64-linux-gnu/dri/fglrx_dri.so
7f21cfc8d000-7f21cfd8c000 ---p 01f54000 08:05 3719191                    /usr/lib/x86_64-linux-gnu/dri/fglrx_dri.so
7f21cfd8c000-7f21cfeda000 rwxp 01f53000 08:05 3719191                    /usr/lib/x86_64-linux-gnu/dri/fglrx_dri.so
7f21cfeda000-7f21d0000000 rwxp 00000000 00:00 0 
7f21d0000000-7f21d0ed8000 rw-p 00000000 00:00 0 
7f21d0ed8000-7f21d4000000 ---p 00000000 00:00 0 
7f21d525a000-7f21d52a2000 rw-p 00000000 00:00 0 
7f21d52a2000-7f21d59a2000 rw-s 00006000 00:05 1847                       /dev/ati/card0
7f21d59a2000-7f21d5ba2000 rw-p 00000000 00:00 0 
7f21d5ba2000-7f21d5ba4000 r-xp 00000000 08:05 3598954                    /usr/lib/x86_64-linux-gnu/libXinerama.so.1.0.0
7f21d5ba4000-7f21d5da3000 ---p 00002000 08:05 3598954                    /usr/lib/x86_64-linux-gnu/libXinerama.so.1.0.0
7f21d5da3000-7f21d5da4000 rw-p 00001000 08:05 3598954                    /usr/lib/x86_64-linux-gnu/libXinerama.so.1.0.0
7f21d5da4000-7f21d5ddf000 r-xp 00000000 08:05 3597428                    /usr/lib/x86_64-linux-gnu/libatiadlxx.so
7f21d5ddf000-7f21d5ede000 ---p 0003b000 08:05 3597428                    /usr/lib/x86_64-linux-gnu/libatiadlxx.so
7f21d5ede000-7f21d5ee8000 rw-p 0003a000 08:05 3597428                    /usr/lib/x86_64-linux-gnu/libatiadlxx.so
7f21d5ee8000-7f21d5ef8000 rw-p 00000000 00:00 0 
7f21d5f12000-7f21d5f32000 rw-s fe9e0000 00:05 1847                       /dev/ati/card0
7f21d5f32000-7f21d5f39000 r-xp 00000000 08:05 3597940                    /usr/lib/x86_64-linux-gnu/libatiuki.so.1.0
7f21d5f39000-7f21d6039000 ---p 00007000 08:05 3597940                    /usr/lib/x86_64-linux-gnu/libatiuki.so.1.0
7f21d6039000-7f21d603a000 rw-p 00007000 08:05 3597940                    /usr/lib/x86_64-linux-gnu/libatiuki.so.1.0
7f21d603a000-7f21d603b000 rw-p 00000000 00:00 0 
7f21d6055000-7f21d6118000 r-xp 00000000 08:05 3719192                    /usr/lib/x86_64-linux-gnu/fglrx/fglrx-libGL.so.1.2
7f21d6118000-7f21d6217000 ---p 000c3000 08:05 3719192                    /usr/lib/x86_64-linux-gnu/fglrx/fglrx-libGL.so.1.2
7f21d6217000-7f21d623e000 rwxp 000c2000 08:05 3719192                    /usr/lib/x86_64-linux-gnu/fglrx/fglrx-libGL.so.1.2
7f21d623e000-7f21d625e000 rwxp 00000000 00:00 0 
7f21d625e000-7f21d6261000 ---p 00000000 00:00 0 
7f21d6261000-7f21d635f000 rw-p 00000000 00:00 0 
7f21d635f000-7f21d6364000 r-xp 00000000 08:05 3598966                    /usr/lib/x86_64-linux-gnu/libXxf86vm.so.1.0.0
7f21d6364000-7f21d6563000 ---p 00005000 08:05 3598966                    /usr/lib/x86_64-linux-gnu/libXxf86vm.so.1.0.0
7f21d6563000-7f21d6564000 rw-p 00004000 08:05 3598966                    /usr/lib/x86_64-linux-gnu/libXxf86vm.so.1.0.0
7f21d6564000-7f21d656c000 r-xp 00000000 08:05 3598958                    /usr/lib/x86_64-linux-gnu/libXrandr.so.2.2.0
7f21d656c000-7f21d676b000 ---p 00008000 08:05 3598958                    /usr/lib/x86_64-linux-gnu/libXrandr.so.2.2.0
7f21d676b000-7f21d676c000 rw-p 00007000 08:05 3598958                    /usr/lib/x86_64-linux-gnu/libXrandr.so.2.2.0
7f21d676c000-7f21d67d3000 r-xp 00000000 08:05 2089394                    /home/plato/lwjgl-2.8.3/native/linux/liblwjgl64.so
7f21d67d3000-7f21d69d3000 ---p 00067000 08:05 2089394                    /home/plato/lwjgl-2.8.3/native/linux/liblwjgl64.so
7f21d69d3000-7f21d69d5000 r--p 00067000 08:05 2089394                    /home/plato/lwjgl-2.8.3/native/linux/liblwjgl64.so
7f21d69d5000-7f21d69d6000 rw-p 00069000 08:05 2089394                    /home/plato/lwjgl-2.8.3/native/linux/liblwjgl64.so
7f21d69d6000-7f21d69d7000 r-xp 00000000 08:05 3811454                    /usr/lib/jvm/java-6-openjdk-amd64/jre/lib/amd64/libjawt.so
7f21d69d7000-7f21d6bd6000 ---p 00001000 08:05 3811454                    /usr/lib/jvm/java-6-openjdk-amd64/jre/lib/amd64/libjawt.so
7f21d6bd6000-7f21d6bd7000 rw-p 00000000 08:05 3811454                    /usr/lib/jvm/java-6-openjdk-amd64/jre/lib/amd64/libjawt.so
7f21d6bd7000-7f21d6bda000 ---p 00000000 00:00 0 
7f21d6bda000-7f21d6cd8000 rw-p 00000000 00:00 0 
7f21d6cd8000-7f21d6cdd000 r-xp 00000000 08:05 3598942                    /usr/lib/x86_64-linux-gnu/libXfixes.so.3.1.0
7f21d6cdd000-7f21d6edd000 ---p 00005000 08:05 3598942                    /usr/lib/x86_64-linux-gnu/libXfixes.so.3.1.0
7f21d6edd000-7f21d6ede000 rw-p 00005000 08:05 3598942                    /usr/lib/x86_64-linux-gnu/libXfixes.so.3.1.0
7f21d6ede000-7f21d6ee7000 r-xp 00000000 08:05 3597931                    /usr/lib/x86_64-linux-gnu/libXcursor.so.1.0.2
7f21d6ee7000-7f21d70e7000 ---p 00009000 08:05 3597931                    /usr/lib/x86_64-linux-gnu/libXcursor.so.1.0.2
7f21d70e7000-7f21d70e8000 rw-p 00009000 08:05 3597931                    /usr/lib/x86_64-linux-gnu/libXcursor.so.1.0.2
7f21d70e8000-7f21d7181000 r-xp 00000000 08:05 3597483                    /usr/lib/x86_64-linux-gnu/libfreetype.so.6.8.1
7f21d7181000-7f21d7380000 ---p 00099000 08:05 3597483                    /usr/lib/x86_64-linux-gnu/libfreetype.so.6.8.1
7f21d7380000-7f21d7386000 r--p 00098000 08:05 3597483                    /usr/lib/x86_64-linux-gnu/libfreetype.so.6.8.1
7f21d7386000-7f21d7387000 rw-p 0009e000 08:05 3597483                    /usr/lib/x86_64-linux-gnu/libfreetype.so.6.8.1
7f21d7387000-7f21d73c1000 r-xp 00000000 08:05 3811453                    /usr/lib/jvm/java-6-openjdk-amd64/jre/lib/amd64/libfontmanager.so
7f21d73c1000-7f21d75c0000 ---p 0003a000 08:05 3811453                    /usr/lib/jvm/java-6-openjdk-amd64/jre/lib/amd64/libfontmanager.so
7f21d75c0000-7f21d75c2000 rw-p 00039000 08:05 3811453                    /usr/lib/jvm/java-6-openjdk-amd64/jre/lib/amd64/libfontmanager.so
7f21d75c2000-7f21d75c3000 rw-p 00000000 00:00 0 
7f21d75c3000-7f21d75c8000 r-xp 00000000 08:05 3597207                    /usr/lib/x86_64-linux-gnu/libXdmcp.so.6.0.0
7f21d75c8000-7f21d77c7000 ---p 00005000 08:05 3597207                    /usr/lib/x86_64-linux-gnu/libXdmcp.so.6.0.0
7f21d77c7000-7f21d77c8000 rw-p 00004000 08:05 3597207                    /usr/lib/x86_64-linux-gnu/libXdmcp.so.6.0.0
7f21d77c8000-7f21d77ca000 r-xp 00000000 08:05 3597205                    /usr/lib/x86_64-linux-gnu/libXau.so.6.0.0
7f21d77ca000-7f21d79ca000 ---p 00002000 08:05 3597205                    /usr/lib/x86_64-linux-gnu/libXau.so.6.0.0
7f21d79ca000-7f21d79cb000 rw-p 00002000 08:05 3597205                    /usr/lib/x86_64-linux-gnu/libXau.so.6.0.0
7f21d79cb000-7f21d79ea000 r-xp 00000000 08:05 3597447                    /usr/lib/x86_64-linux-gnu/libxcb.so.1.1.0
7f21d79ea000-7f21d7be9000 ---p 0001f000 08:05 3597447                    /usr/lib/x86_64-linux-gnu/libxcb.so.1.1.0
7f21d7be9000-7f21d7bea000 r--p 0001e000 08:05 3597447                    /usr/lib/x86_64-linux-gnu/libxcb.so.1.1.0
7f21d7bea000-7f21d7beb000 rw-p 0001f000 08:05 3597447                    /usr/lib/x86_64-linux-gnu/libxcb.so.1.1.0
7f21d7beb000-7f21d7bfa000 r-xp 00000000 08:05 3597444                    /usr/lib/x86_64-linux-gnu/libXi.so.6.1.0
7f21d7bfa000-7f21d7df9000 ---p 0000f000 08:05 3597444                    /usr/lib/x86_64-linux-gnu/libXi.so.6.1.0
7f21d7df9000-7f21d7dfa000 rw-p 0000e000 08:05 3597444                    /usr/lib/x86_64-linux-gnu/libXi.so.6.1.0
7f21d7dfa000-7f21d7dff000 r-xp 00000000 08:05 3598962                    /usr/lib/x86_64-linux-gnu/libXtst.so.6.1.0
7f21d7dff000-7f21d7fff000 ---p 00005000 08:05 3598962                    /usr/lib/x86_64-linux-gnu/libXtst.so.6.1.0
7f21d7fff000-7f21d8000000 rw-p 00005000 08:05 3598962                    /usr/lib/x86_64-linux-gnu/libXtst.so.6.1.0
7f21d8000000-7f21d86f8000 rw-p 00000000 00:00 0 
7f21d86f8000-7f21dc000000 ---p 00000000 00:00 0 
7f21dc016000-7f21dc017000 rw-s 00005000 00:05 1847                       /dev/ati/card0
7f21dc017000-7f21dc019000 rw-s 00002000 00:05 1847                       /dev/ati/card0
7f21dc019000-7f21dc024000 r--s 00093000 08:05 1942205                    /home/plato/Downloads/slick.jar
7f21dc024000-7f21dc02b000 r--s 000fb000 08:05 3457045                    /usr/lib/jvm/java-6-openjdk-common/jre/lib/resources.jar
7f21dc02b000-7f21dc02c000 r--s 00000000 08:05 524688                     /var/cache/fontconfig/c05880de57d1f5e948fdfacc138775d9-le64.cache-3
7f21dc02c000-7f21dc035000 r--s 00000000 08:05 524687                     /var/cache/fontconfig/945677eb7aeaf62f1d50efc3fb3ec7d8-le64.cache-3
7f21dc035000-7f21dc03a000 r--s 00000000 08:05 524685                     /var/cache/fontconfig/6eb3985aa4124903f6ff08ba781cd364-le64.cache-3
7f21dc03a000-7f21dc043000 r--s 00000000 08:05 524684                     /var/cache/fontconfig/6d41288fd70b0be22e8c3a91e032eec0-le64.cache-3
7f21dc043000-7f21dc071000 r--s 00000000 08:05 524682                     /var/cache/fontconfig/365b55f210c0a22e9a19e35191240f32-le64.cache-3
7f21dc071000-7f21dc074000 r--s 00000000 08:05 524681                     /var/cache/fontconfig/c57959a16110560c8d0fcea73374aeeb-le64.cache-3
7f21dc074000-7f21dc079000 r--s 00000000 08:05 524680                     /var/cache/fontconfig/3047814df9a2f067bd2d96a2b9c36e5a-le64.cache-3
7f21dc079000-7f21dc07c000 r--s 00000000 08:05 524679                     /var/cache/fontconfig/e49e89034d371f0f9de17aab02136486-le64.cache-3
7f21dc07c000-7f21dc07e000 r--s 00000000 08:05 524678                     /var/cache/fontconfig/4b14b093aebc79c320de5e86ae1d3314-le64.cache-3
7f21dc07e000-7f21dc08e000 r--s 00000000 08:05 524606                     /var/cache/fontconfig/d52a8644073d54c13679302ca1180695-le64.cache-3
7f21dc08e000-7f21dc095000 r--s 00000000 08:05 524677                     /var/cache/fontconfig/3f7329c5293ffd510edef78f73874cfd-le64.cache-3
7f21dc095000-7f21dc096000 r--s 00000000 08:05 524403                     /var/cache/fontconfig/62f91419b9ebdb6975e7e41ab6412357-le64.cache-3
7f21dc096000-7f21dc099000 r--s 00000000 08:05 524670                     /var/cache/fontconfig/e13b20fdb08344e0e664864cc2ede53d-le64.cache-3
7f21dc099000-7f21dc09a000 r--s 00000000 08:05 524688                     /var/cache/fontconfig/c05880de57d1f5e948fdfacc138775d9-le64.cache-3
7f21dc09a000-7f21dc0a3000 r--s 00000000 08:05 524687                     /var/cache/fontconfig/945677eb7aeaf62f1d50efc3fb3ec7d8-le64.cache-3
7f21dc0a3000-7f21dc0a8000 r--s 00000000 08:05 524685                     /var/cache/fontconfig/6eb3985aa4124903f6ff08ba781cd364-le64.cache-3
7f21dc0a8000-7f21dc0b1000 r--s 00000000 08:05 524684                     /var/cache/fontconfig/6d41288fd70b0be22e8c3a91e032eec0-le64.cache-3
7f21dc0b1000-7f21dc0df000 r--s 00000000 08:05 524682                     /var/cache/fontconfig/365b55f210c0a22e9a19e35191240f32-le64.cache-3
7f21dc0df000-7f21dc0e2000 ---p 00000000 00:00 0 
7f21dc0e2000-7f21dc1e0000 rw-p 00000000 00:00 0 
7f21dc1e0000-7f21dc1ea000 r-xp 00000000 08:05 3598944                    /usr/lib/x86_64-linux-gnu/libXrender.so.1.3.0
7f21dc1ea000-7f21dc3e9000 ---p 0000a000 08:05 3598944                    /usr/lib/x86_64-linux-gnu/libXrender.so.1.3.0
7f21dc3e9000-7f21dc3ea000 rw-p 00009000 08:05 3598944                    /usr/lib/x86_64-linux-gnu/libXrender.so.1.3.0
7f21dc3ea000-7f21dc523000 r-xp 00000000 08:05 3597441                    /usr/lib/x86_64-linux-gnu/libX11.so.6.3.0
7f21dc523000-7f21dc723000 ---p 00139000 08:05 3597441                    /usr/lib/x86_64-linux-gnu/libX11.so.6.3.0
7f21dc723000-7f21dc729000 rw-p 00139000 08:05 3597441                    /usr/lib/x86_64-linux-gnu/libX11.so.6.3.0
7f21dc729000-7f21dc73b000 r-xp 00000000 08:05 3597735                    /usr/lib/x86_64-linux-gnu/libXext.so.6.4.0
7f21dc73b000-7f21dc93b000 ---p 00012000 08:05 3597735                    /usr/lib/x86_64-linux-gnu/libXext.so.6.4.0
7f21dc93b000-7f21dc93c000 rw-p 00012000 08:05 3597735                    /usr/lib/x86_64-linux-gnu/libXext.so.6.4.0
7f21dc93c000-7f21dc989000 r-xp 00000000 08:05 3817527                    /usr/lib/jvm/java-6-openjdk-amd64/jre/lib/amd64/xawt/libmawt.so
7f21dc989000-7f21dcb88000 ---p 0004d000 08:05 3817527                    /usr/lib/jvm/java-6-openjdk-amd64/jre/lib/amd64/xawt/libmawt.so
7f21dcb88000-7f21dcb8b000 rw-p 0004c000 08:05 3817527                    /usr/lib/jvm/java-6-openjdk-amd64/jre/lib/amd64/xawt/libmawt.so
7f21dcb8b000-7f21dcb8d000 rw-p 00000000 00:00 0 
7f21dcb8d000-7f21dcc38000 r-xp 00000000 08:05 3811464                    /usr/lib/jvm/java-6-openjdk-amd64/jre/lib/amd64/libawt.so
7f21dcc38000-7f21dce37000 ---p 000ab000 08:05 3811464                    /usr/lib/jvm/java-6-openjdk-amd64/jre/lib/amd64/libawt.so
7f21dce37000-7f21dce43000 rw-p 000aa000 08:05 3811464                    /usr/lib/jvm/java-6-openjdk-amd64/jre/lib/amd64/libawt.so
7f21dce43000-7f21dce67000 rw-p 00000000 00:00 0 
7f21dce67000-7f21dce6a000 r--s 0007d000 08:05 3457063                    /usr/lib/jvm/java-6-openjdk-common/jre/lib/jsse.jar
7f21dce6a000-7f21dce76000 r--s 000d8000 08:05 2089384                    /home/plato/lwjgl-2.8.3/jar/lwjgl.jar
7f21dce76000-7f21dce78000 r--s 00001000 08:05 3457049                    /usr/lib/jvm/java-6-openjdk-common/jre/lib/ext/dnsns.jar
7f21dce78000-7f21dce7b000 r--s 00031000 08:05 3457047                    /usr/lib/jvm/java-6-openjdk-common/jre/lib/ext/sunjce_provider.jar
7f21dce7b000-7f21dce7e000 r--s 00077000 08:05 3457050                    /usr/lib/jvm/java-6-openjdk-common/jre/lib/ext/localedata.jar
7f21dce7e000-7f21dce82000 r--s 00038000 08:05 3457051                    /usr/lib/jvm/java-6-openjdk-common/jre/lib/ext/sunpkcs11.jar
7f21dce82000-7f21dce84000 r--s 0000f000 08:05 3457048                    /usr/lib/jvm/java-6-openjdk-common/jre/lib/ext/pulse-java.jar
7f21dce84000-7f21dce85000 r--s 00007000 08:05 3393499                    /usr/share/java/java-atk-wrapper.jar
7f21dce85000-7f21dce86000 ---p 00000000 00:00 0 
7f21dce86000-7f21dcf86000 rw-p 00000000 00:00 0 
7f21dcf86000-7f21dcf89000 ---p 00000000 00:00 0 
7f21dcf89000-7f21dd087000 rw-p 00000000 00:00 0 
7f21dd087000-7f21dd08a000 ---p 00000000 00:00 0 
7f21dd08a000-7f21dd188000 rw-p 00000000 00:00 0 
7f21dd188000-7f21dd18b000 ---p 00000000 00:00 0 
7f21dd18b000-7f21dd289000 rw-p 00000000 00:00 0 
7f21dd289000-7f21dd28c000 ---p 00000000 00:00 0 
7f21dd28c000-7f21dd38a000 rw-p 00000000 00:00 0 
7f21dd38a000-7f21dd501000 r--p 00000000 08:05 3342755                    /usr/lib/locale/locale-archive
7f21dd501000-7f21dd504000 ---p 00000000 00:00 0 
7f21dd504000-7f21dd602000 rw-p 00000000 00:00 0 
7f21dd602000-7f21dd605000 ---p 00000000 00:00 0 
7f21dd605000-7f21dd703000 rw-p 00000000 00:00 0 
7f21dd703000-7f21dd704000 ---p 00000000 00:00 0 
7f21dd704000-7f21ddd3c000 rw-p 00000000 00:00 0 
7f21ddd3c000-7f21ddecc000 r--s 037ba000 08:05 3622889                    /usr/lib/jvm/java-6-openjdk-amd64/jre/lib/rt.jar
7f21ddecc000-7f21ddef4000 rw-p 00000000 00:00 0 
7f21ddef4000-7f21ddef5000 ---p 00000000 00:00 0 
7f21ddef5000-7f21ddff5000 rw-p 00000000 00:00 0 
7f21ddff5000-7f21ddff6000 ---p 00000000 00:00 0 
7f21ddff6000-7f21de0f6000 rw-p 00000000 00:00 0 
7f21de0f6000-7f21de0f7000 ---p 00000000 00:00 0 
7f21de0f7000-7f21de1f7000 rw-p 00000000 00:00 0 
7f21de1f7000-7f21de1f8000 ---p 00000000 00:00 0 
7f21de1f8000-7f21de303000 rw-p 00000000 00:00 0 
7f21de303000-7f21de34b000 rw-p 00000000 00:00 0 
7f21de34b000-7f21de360000 rw-p 00000000 00:00 0 
7f21de360000-7f21de496000 rw-p 00000000 00:00 0 
7f21de496000-7f21de4a1000 rw-p 00000000 00:00 0 
7f21de4a1000-7f21de4e9000 rw-p 00000000 00:00 0 
7f21de4e9000-7f21de4fe000 rw-p 00000000 00:00 0 
7f21de4fe000-7f21de633000 rw-p 00000000 00:00 0 
7f21de633000-7f21de63e000 rw-p 00000000 00:00 0 
7f21de63e000-7f21de6d9000 rw-p 00000000 00:00 0 
7f21de6d9000-7f21de6da000 rw-p 00000000 00:00 0 
7f21de6da000-7f21de94a000 rwxp 00000000 00:00 0 
7f21de94a000-7f21e16da000 rw-p 00000000 00:00 0 
7f21e16da000-7f21e16e1000 r-xp 00000000 08:05 3811443                    /usr/lib/jvm/java-6-openjdk-amd64/jre/lib/amd64/libzip.so
7f21e16e1000-7f21e18e0000 ---p 00007000 08:05 3811443                    /usr/lib/jvm/java-6-openjdk-amd64/jre/lib/amd64/libzip.so
7f21e18e0000-7f21e18e1000 rw-p 00006000 08:05 3811443                    /usr/lib/jvm/java-6-openjdk-amd64/jre/lib/amd64/libzip.so
7f21e18e1000-7f21e18ec000 r-xp 00000000 08:05 5194066                    /lib/x86_64-linux-gnu/libnss_files-2.13.so
7f21e18ec000-7f21e1aeb000 ---p 0000b000 08:05 5194066                    /lib/x86_64-linux-gnu/libnss_files-2.13.so
7f21e1aeb000-7f21e1aec000 r--p 0000a000 08:05 5194066                    /lib/x86_64-linux-gnu/libnss_files-2.13.so
7f21e1aec000-7f21e1aed000 rw-p 0000b000 08:05 5194066                    /lib/x86_64-linux-gnu/libnss_files-2.13.so
7f21e1aed000-7f21e1af7000 r-xp 00000000 08:05 5193832                    /lib/x86_64-linux-gnu/libnss_nis-2.13.so
7f21e1af7000-7f21e1cf6000 ---p 0000a000 08:05 5193832                    /lib/x86_64-linux-gnu/libnss_nis-2.13.so
7f21e1cf6000-7f21e1cf7000 r--p 00009000 08:05 5193832                    /lib/x86_64-linux-gnu/libnss_nis-2.13.so
7f21e1cf7000-7f21e1cf8000 rw-p 0000a000 08:05 5193832                    /lib/x86_64-linux-gnu/libnss_nis-2.13.so
7f21e1cf8000-7f21e1cff000 r-xp 00000000 08:05 5194060                    /lib/x86_64-linux-gnu/libnss_compat-2.13.so
7f21e1cff000-7f21e1efe000 ---p 00007000 08:05 5194060                    /lib/x86_64-linux-gnu/libnss_compat-2.13.so
7f21e1efe000-7f21e1eff000 r--p 00006000 08:05 5194060                    /lib/x86_64-linux-gnu/libnss_compat-2.13.so
7f21e1eff000-7f21e1f00000 rw-p 00007000 08:05 5194060                    /lib/x86_64-linux-gnu/libnss_compat-2.13.so
7f21e1f00000-7f21e1f15000 r-xp 00000000 08:05 5194056                    /lib/x86_64-linux-gnu/libnsl-2.13.so
7f21e1f15000-7f21e2114000 ---p 00015000 08:05 5194056                    /lib/x86_64-linux-gnu/libnsl-2.13.so
7f21e2114000-7f21e2115000 r--p 00014000 08:05 5194056                    /lib/x86_64-linux-gnu/libnsl-2.13.so
7f21e2115000-7f21e2116000 rw-p 00015000 08:05 5194056                    /lib/x86_64-linux-gnu/libnsl-2.13.so
7f21e2116000-7f21e2118000 rw-p 00000000 00:00 0 
7f21e2118000-7f21e2145000 r-xp 00000000 08:05 3811445                    /usr/lib/jvm/java-6-openjdk-amd64/jre/lib/amd64/libjava.so
7f21e2145000-7f21e2344000 ---p 0002d000 08:05 3811445                    /usr/lib/jvm/java-6-openjdk-amd64/jre/lib/amd64/libjava.so
7f21e2344000-7f21e2348000 rw-p 0002c000 08:05 3811445                    /usr/lib/jvm/java-6-openjdk-amd64/jre/lib/amd64/libjava.so
7f21e2348000-7f21e2356000 r-xp 00000000 08:05 3811450                    /usr/lib/jvm/java-6-openjdk-amd64/jre/lib/amd64/libverify.so
7f21e2356000-7f21e2555000 ---p 0000e000 08:05 3811450                    /usr/lib/jvm/java-6-openjdk-amd64/jre/lib/amd64/libverify.so
7f21e2555000-7f21e2557000 rw-p 0000d000 08:05 3811450                    /usr/lib/jvm/java-6-openjdk-amd64/jre/lib/amd64/libverify.so
7f21e2557000-7f21e255e000 r-xp 00000000 08:05 5194063                    /lib/x86_64-linux-gnu/librt-2.13.so
7f21e255e000-7f21e275d000 ---p 00007000 08:05 5194063                    /lib/x86_64-linux-gnu/librt-2.13.so
7f21e275d000-7f21e275e000 r--p 00006000 08:05 5194063                    /lib/x86_64-linux-gnu/librt-2.13.so
7f21e275e000-7f21e275f000 rw-p 00007000 08:05 5194063                    /lib/x86_64-linux-gnu/librt-2.13.so
7f21e275f000-7f21e2774000 r-xp 00000000 08:05 5193796                    /lib/x86_64-linux-gnu/libgcc_s.so.1
7f21e2774000-7f21e2974000 ---p 00015000 08:05 5193796                    /lib/x86_64-linux-gnu/libgcc_s.so.1
7f21e2974000-7f21e2975000 rw-p 00015000 08:05 5193796                    /lib/x86_64-linux-gnu/libgcc_s.so.1
7f21e2975000-7f21e29f6000 r-xp 00000000 08:05 5193831                    /lib/x86_64-linux-gnu/libm-2.13.so
7f21e29f6000-7f21e2bf5000 ---p 00081000 08:05 5193831                    /lib/x86_64-linux-gnu/libm-2.13.so
7f21e2bf5000-7f21e2bf6000 r--p 00080000 08:05 5193831                    /lib/x86_64-linux-gnu/libm-2.13.so
7f21e2bf6000-7f21e2bf7000 rw-p 00081000 08:05 5193831                    /lib/x86_64-linux-gnu/libm-2.13.so
7f21e2bf7000-7f21e2cdc000 r-xp 00000000 08:05 3599050                    /usr/lib/x86_64-linux-gnu/libstdc++.so.6.0.16
7f21e2cdc000-7f21e2edc000 ---p 000e5000 08:05 3599050                    /usr/lib/x86_64-linux-gnu/libstdc++.so.6.0.16
7f21e2edc000-7f21e2ee4000 r--p 000e5000 08:05 3599050                    /usr/lib/x86_64-linux-gnu/libstdc++.so.6.0.16
7f21e2ee4000-7f21e2ee6000 rw-p 000ed000 08:05 3599050                    /usr/lib/x86_64-linux-gnu/libstdc++.so.6.0.16
7f21e2ee6000-7f21e2efb000 rw-p 00000000 00:00 0 
7f21e2efb000-7f21e37fe000 r-xp 00000000 08:05 3811439                    /usr/lib/jvm/java-6-openjdk-amd64/jre/lib/amd64/server/libjvm.so
7f21e37fe000-7f21e39fe000 ---p 00903000 08:05 3811439                    /usr/lib/jvm/java-6-openjdk-amd64/jre/lib/amd64/server/libjvm.so
7f21e39fe000-7f21e3a99000 rw-p 00903000 08:05 3811439                    /usr/lib/jvm/java-6-openjdk-amd64/jre/lib/amd64/server/libjvm.so
7f21e3a99000-7f21e3ac2000 rw-p 00000000 00:00 0 
7f21e3ac2000-7f21e3c3f000 r-xp 00000000 08:05 5194051                    /lib/x86_64-linux-gnu/libc-2.13.so
7f21e3c3f000-7f21e3e3f000 ---p 0017d000 08:05 5194051                    /lib/x86_64-linux-gnu/libc-2.13.so
7f21e3e3f000-7f21e3e43000 r--p 0017d000 08:05 5194051                    /lib/x86_64-linux-gnu/libc-2.13.so
7f21e3e43000-7f21e3e44000 rw-p 00181000 08:05 5194051                    /lib/x86_64-linux-gnu/libc-2.13.so
7f21e3e44000-7f21e3e49000 rw-p 00000000 00:00 0 
7f21e3e49000-7f21e3e4b000 r-xp 00000000 08:05 5194062                    /lib/x86_64-linux-gnu/libdl-2.13.so
7f21e3e4b000-7f21e404b000 ---p 00002000 08:05 5194062                    /lib/x86_64-linux-gnu/libdl-2.13.so
7f21e404b000-7f21e404c000 r--p 00002000 08:05 5194062                    /lib/x86_64-linux-gnu/libdl-2.13.so
7f21e404c000-7f21e404d000 rw-p 00003000 08:05 5194062                    /lib/x86_64-linux-gnu/libdl-2.13.so
7f21e404d000-7f21e4051000 r-xp 00000000 08:05 3817478                    /usr/lib/jvm/java-6-openjdk-amd64/jre/lib/amd64/jli/libjli.so
7f21e4051000-7f21e4250000 ---p 00004000 08:05 3817478                    /usr/lib/jvm/java-6-openjdk-amd64/jre/lib/amd64/jli/libjli.so
7f21e4250000-7f21e4251000 rw-p 00003000 08:05 3817478                    /usr/lib/jvm/java-6-openjdk-amd64/jre/lib/amd64/jli/libjli.so
7f21e4251000-7f21e4268000 r-xp 00000000 08:05 5194069                    /lib/x86_64-linux-gnu/libpthread-2.13.so
7f21e4268000-7f21e4467000 ---p 00017000 08:05 5194069                    /lib/x86_64-linux-gnu/libpthread-2.13.so
7f21e4467000-7f21e4468000 r--p 00016000 08:05 5194069                    /lib/x86_64-linux-gnu/libpthread-2.13.so
7f21e4468000-7f21e4469000 rw-p 00017000 08:05 5194069                    /lib/x86_64-linux-gnu/libpthread-2.13.so
7f21e4469000-7f21e446d000 rw-p 00000000 00:00 0 
7f21e446d000-7f21e4483000 r-xp 00000000 08:05 3597430                    /usr/lib/x86_64-linux-gnu/libz.so.1.2.6
7f21e4483000-7f21e4682000 ---p 00016000 08:05 3597430                    /usr/lib/x86_64-linux-gnu/libz.so.1.2.6
7f21e4682000-7f21e4683000 rw-p 00015000 08:05 3597430                    /usr/lib/x86_64-linux-gnu/libz.so.1.2.6
7f21e4683000-7f21e46a2000 r-xp 00000000 08:05 5193965                    /lib/x86_64-linux-gnu/ld-2.13.so
7f21e46a2000-7f21e46a6000 r--s 00027000 08:05 2089386                    /home/plato/lwjgl-2.8.3/jar/lwjgl_util.jar
7f21e46a6000-7f21e46a7000 r--s 00000000 08:05 524683                     /var/cache/fontconfig/4794a0821666d79190d59a36cb4f44b5-le64.cache-3
7f21e46a7000-7f21e46a8000 r--s 00000000 08:05 524683                     /var/cache/fontconfig/4794a0821666d79190d59a36cb4f44b5-le64.cache-3
7f21e46a8000-7f21e46ab000 r--s 00000000 08:05 524681                     /var/cache/fontconfig/c57959a16110560c8d0fcea73374aeeb-le64.cache-3
7f21e46ab000-7f21e46b0000 r--s 00000000 08:05 524680                     /var/cache/fontconfig/3047814df9a2f067bd2d96a2b9c36e5a-le64.cache-3
7f21e46b0000-7f21e46c0000 r--s 00000000 08:05 524606                     /var/cache/fontconfig/d52a8644073d54c13679302ca1180695-le64.cache-3
7f21e46c0000-7f21e46ca000 rw-p 00000000 00:00 0 
7f21e46ca000-7f21e4780000 rw-p 00000000 00:00 0 
7f21e4780000-7f21e4783000 ---p 00000000 00:00 0 
7f21e4783000-7f21e4886000 rw-p 00000000 00:00 0 
7f21e4886000-7f21e4889000 r--s 00000000 08:05 524679                     /var/cache/fontconfig/e49e89034d371f0f9de17aab02136486-le64.cache-3
7f21e4889000-7f21e488b000 r--s 00000000 08:05 524678                     /var/cache/fontconfig/4b14b093aebc79c320de5e86ae1d3314-le64.cache-3
7f21e488b000-7f21e4892000 r--s 00000000 08:05 524677                     /var/cache/fontconfig/3f7329c5293ffd510edef78f73874cfd-le64.cache-3
7f21e4892000-7f21e4893000 r--s 00000000 08:05 524403                     /var/cache/fontconfig/62f91419b9ebdb6975e7e41ab6412357-le64.cache-3
7f21e4893000-7f21e4896000 r--s 00000000 08:05 524670                     /var/cache/fontconfig/e13b20fdb08344e0e664864cc2ede53d-le64.cache-3
7f21e4896000-7f21e489e000 rw-s 00000000 00:11 24926                      /tmp/hsperfdata_plato/6613 (deleted)
7f21e489e000-7f21e489f000 rw-p 00000000 00:00 0 
7f21e489f000-7f21e48a0000 ---p 00000000 00:00 0 
7f21e48a0000-7f21e48a2000 rw-p 00000000 00:00 0 
7f21e48a2000-7f21e48a3000 r--p 0001f000 08:05 5193965                    /lib/x86_64-linux-gnu/ld-2.13.so
7f21e48a3000-7f21e48a4000 rw-p 00020000 08:05 5193965                    /lib/x86_64-linux-gnu/ld-2.13.so
7f21e48a4000-7f21e48a5000 rw-p 00000000 00:00 0 
7fffcebac000-7fffcebcd000 rw-p 00000000 00:00 0                          [stack]
7fffcebff000-7fffcec00000 r-xp 00000000 00:00 0                          [vdso]
ffffffffff600000-ffffffffff601000 r-xp 00000000 00:00 0                  [vsyscall]

VM Arguments:
jvm_args: -Djava.library.path=/home/plato/lwjgl-2.8.3/native/linux:/home/plato/lwjgl-2.8.3/native/linux -Dfile.encoding=UTF-8 
java_command: core.Engine
Launcher Type: SUN_STANDARD

Environment Variables:
PATH=/usr/local/bin:/usr/bin:/bin:/usr/local/games:/usr/games
USERNAME=plato
LD_LIBRARY_PATH=/usr/lib/jvm/java-6-openjdk-amd64/jre/lib/amd64/server:/usr/lib/jvm/java-6-openjdk-amd64/jre/lib/amd64:/usr/lib/jvm/java-6-openjdk-amd64/jre/../lib/amd64
SHELL=/bin/bash
DISPLAY=:0

Signal Handlers:
SIGSEGV: [libjvm.so+0x781f30], sa_mask[0]=0x7ffbfeff, sa_flags=0x10000004
SIGBUS: [libjvm.so+0x781f30], sa_mask[0]=0x7ffbfeff, sa_flags=0x10000004
SIGFPE: [libjvm.so+0x646b60], sa_mask[0]=0x7ffbfeff, sa_flags=0x10000004
SIGPIPE: [libjvm.so+0x646b60], sa_mask[0]=0x7ffbfeff, sa_flags=0x10000004
SIGXFSZ: [libjvm.so+0x646b60], sa_mask[0]=0x7ffbfeff, sa_flags=0x10000004
SIGILL: [libjvm.so+0x646b60], sa_mask[0]=0x7ffbfeff, sa_flags=0x10000004
SIGUSR1: SIG_DFL, sa_mask[0]=0x00000000, sa_flags=0x00000000
SIGUSR2: [libjvm.so+0x646cf0], sa_mask[0]=0x00000004, sa_flags=0x10000004
SIGHUP: [libjvm.so+0x6496a0], sa_mask[0]=0x7ffbfeff, sa_flags=0x10000004
SIGINT: [libjvm.so+0x6496a0], sa_mask[0]=0x7ffbfeff, sa_flags=0x10000004
SIGTERM: [libjvm.so+0x6496a0], sa_mask[0]=0x7ffbfeff, sa_flags=0x10000004
SIGQUIT: [libjvm.so+0x6496a0], sa_mask[0]=0x7ffbfeff, sa_flags=0x10000004


---------------  S Y S T E M  ---------------

OS:wheezy/sid

uname:Linux 3.2.0-2-amd64 #1 SMP Sun Apr 15 16:47:38 UTC 2012 x86_64
libc:glibc 2.13 NPTL 2.13 
rlimit: STACK 8192k, CORE 0k, NPROC 31118, NOFILE 4096, AS infinity
load average:0.01 0.04 0.05

/proc/meminfo:
MemTotal:        4061164 kB
MemFree:         2782356 kB
Buffers:           22788 kB
Cached:           436100 kB
SwapCached:            0 kB
Active:           673788 kB
Inactive:         341708 kB
Active(anon):     557184 kB
Inactive(anon):     2700 kB
Active(file):     116604 kB
Inactive(file):   339008 kB
Unevictable:           0 kB
Mlocked:               0 kB
SwapTotal:       4188156 kB
SwapFree:        4188156 kB
Dirty:                 0 kB
Writeback:             0 kB
AnonPages:        556408 kB
Mapped:           219740 kB
Shmem:              3276 kB
Slab:              45144 kB
SReclaimable:      20252 kB
SUnreclaim:        24892 kB
KernelStack:        2776 kB
PageTables:        20920 kB
NFS_Unstable:          0 kB
Bounce:                0 kB
WritebackTmp:          0 kB
CommitLimit:     6218736 kB
Committed_AS:    1564972 kB
VmallocTotal:   34359738367 kB
VmallocUsed:      299204 kB
VmallocChunk:   34359434907 kB
HardwareCorrupted:     0 kB
AnonHugePages:         0 kB
HugePages_Total:       0
HugePages_Free:        0
HugePages_Rsvd:        0
HugePages_Surp:        0
Hugepagesize:       2048 kB
DirectMap4k:       95872 kB
DirectMap2M:     3049472 kB
DirectMap1G:     1048576 kB


CPU:total 4 (4 cores per cpu, 1 threads per core) family 16 model 4 stepping 3, cmov, cx8, fxsr, mmx, sse, sse2, sse3, popcnt, mmxext, 3dnowpref, lzcnt, sse4a

Memory: 4k page, physical 4061164k(2782356k free), swap 4188156k(4188156k free)

vm_info: OpenJDK 64-Bit Server VM (20.0-b12) for linux-amd64 JRE (1.6.0_24-b24), built on Feb 27 2012 00:20:15 by "doko" with gcc 4.6.2

time: Wed May  9 21:52:38 2012
elapsed time: 69 seconds

