#
# A fatal error has been detected by the Java Runtime Environment:
#
#  SIGSEGV (0xb) at pc=0x00007fa8735bff58, pid=8535, tid=140361674688256
#
# JRE version: 6.0_24-b24
# Java VM: OpenJDK 64-Bit Server VM (20.0-b12 mixed mode linux-amd64 compressed oops)
# Derivative: IcedTea6 1.11.1
# Distribution: Debian GNU/Linux unstable (sid), package 6b24-1.11.1-3
# Problematic frame:
# C  [libX11.so.6+0x3cf58]  XQueryExtension+0x28
#
# If you would like to submit a bug report, please include
# instructions how to reproduce the bug and visit:
#   http://icedtea.classpath.org/bugzilla
#

---------------  T H R E A D  ---------------

Current thread is native thread

siginfo:si_signo=SIGSEGV: si_errno=0, si_code=1 (SEGV_MAPERR), si_addr=0x00000000742503e8

Registers:
RAX=0x00000000006f35d0, RBX=0x000000007424fa80, RCX=0x00007fffeb1dba98, RDX=0x00007fffeb1dba94
RSP=0x00007fffeb1dba30, RBP=0x00007fa8713d3952, RSI=0x00007fa8713d3952, RDI=0x000000007424fa80
R8 =0x00007fffeb1dba9c, R9 =0x0000000000000000, R10=0x00007fa87f1ec768, R11=0x00007fa87ee9f0d0
R12=0x00007fffeb1dba94, R13=0x00007fa8713d3952, R14=0x00000000006f35d0, R15=0x0000000000000000
RIP=0x00007fa8735bff58, EFLAGS=0x0000000000010206, CSGSFS=0x0000000000000033, ERR=0x0000000000000004
  TRAPNO=0x000000000000000e

Top of Stack: (sp=0x00007fffeb1dba30)
0x00007fffeb1dba30:   0000000000000020 0000000000000000
0x00007fffeb1dba40:   00007fa87ee765c8 00007fa87fc2a000
0x00007fffeb1dba50:   00007fa87ee765c8 000000007424fa80
0x00007fffeb1dba60:   00007fa8713d3952 0000000000000000
0x00007fffeb1dba70:   00007fa8713d3952 00000000006f35d0
0x00007fffeb1dba80:   0000000000000000 00007fa8735b3905
0x00007fffeb1dba90:   00007fa874240b50 00007fa87150c540
0x00007fffeb1dbaa0:   00007fa87150c540 000000007424fa80
0x00007fffeb1dbab0:   00007fa8741e2930 00007fa8738d0b8b
0x00007fffeb1dbac0:   0101010101010101 000000117ee765c8
0x00007fffeb1dbad0:   00007fffeb1dbb50 0000000000000000
0x00007fffeb1dbae0:   00007fffeb1dbb50 000000007424fa80
0x00007fffeb1dbaf0:   00007fa87fc49048 00007fa874240b50
0x00007fffeb1dbb00:   00007fa871525d70 00007fa87137a129
0x00007fffeb1dbb10:   0000000000000000 000000000000002b
0x00007fffeb1dbb20:   00007fffeb1dbb50 0000000000000000
0x00007fffeb1dbb30:   00007fa87fc49048 00007fa874240b50
0x00007fffeb1dbb40:   000000000000001b 00007fa871370b42
0x00007fffeb1dbb50:   00007fffeb1dbd50 00007fa8713d38c1
0x00007fffeb1dbb60:   00007fffeb1dbd50 00007fa87fa3723c
0x00007fffeb1dbb70:   00007fa87fc4a1c8 00007fa87fc4a758
0x00007fffeb1dbb80:   00007fa87fc2b508 00000000006fa550
0x00007fffeb1dbb90:   00000000006faa30 00000000006faf30
0x00007fffeb1dbba0:   00000000006ffc30 00007fa8741a64e0
0x00007fffeb1dbbb0:   00007fa8741a69c0 00007fa87fc477f8
0x00007fffeb1dbbc0:   00007fa87423b6e0 00007fa87423b210
0x00007fffeb1dbbd0:   00007fa874233740 00007fa874233be0
0x00007fffeb1dbbe0:   00007fa8740f0400 00007fa8740fa5d0
0x00007fffeb1dbbf0:   00007fa8740faa70 00007fa8740efee0
0x00007fffeb1dbc00:   00000000006f6570 00000000006f6b50
0x00007fffeb1dbc10:   00000000006f5eb0 00000000006f15f0
0x00007fffeb1dbc20:   00000000006f1b60 00000000006f2570 

Instructions: (pc=0x00007fa8735bff58)
0x00007fa8735bff38:   24 d8 48 89 fb 4c 89 64 24 e0 4c 89 6c 24 e8 49
0x00007fa8735bff48:   89 d4 4c 89 74 24 f0 4c 89 7c 24 f8 48 83 ec 58
0x00007fa8735bff58:   48 8b 87 68 09 00 00 49 89 f5 48 89 cd 4d 89 c6
0x00007fa8735bff68:   48 85 c0 74 02 ff 10 4c 8b bb b0 00 00 00 49 8d 

Register to memory mapping:

RAX=0x00000000006f35d0 is an unknown value
RBX=0x000000007424fa80 is an unknown value
RCX=0x00007fffeb1dba98 is an unknown value
RDX=0x00007fffeb1dba94 is an unknown value
RSP=0x00007fffeb1dba30 is an unknown value
RBP=0x00007fa8713d3952: <offset 0x96952> in /usr/lib/x86_64-linux-gnu/libGL.so.1 at 0x00007fa87133d000
RSI=0x00007fa8713d3952: <offset 0x96952> in /usr/lib/x86_64-linux-gnu/libGL.so.1 at 0x00007fa87133d000
RDI=0x000000007424fa80 is an unknown value
R8 =0x00007fffeb1dba9c is an unknown value
R9 =0x0000000000000000 is an unknown value
R10=0x00007fa87f1ec768: <offset 0x384768> in /lib/x86_64-linux-gnu/libc.so.6 at 0x00007fa87ee68000
R11=0x00007fa87ee9f0d0: __cxa_finalize+0 in /lib/x86_64-linux-gnu/libc.so.6 at 0x00007fa87ee68000
R12=0x00007fffeb1dba94 is an unknown value
R13=0x00007fa8713d3952: <offset 0x96952> in /usr/lib/x86_64-linux-gnu/libGL.so.1 at 0x00007fa87133d000
R14=0x00000000006f35d0 is an unknown value
R15=0x0000000000000000 is an unknown value


Stack: [0x00007fffeb0dd000,0x00007fffeb1dd000],  sp=0x00007fffeb1dba30,  free space=1018k
Native frames: (J=compiled Java code, j=interpreted, Vv=VM code, C=native code)
C  [libX11.so.6+0x3cf58]  XQueryExtension+0x28


---------------  P R O C E S S  ---------------

VM state:at safepoint (shutting down)

VM Mutex/Monitor currently owned by a thread:  ([mutex/lock_event])
[0x00000000006f8920] Threads_lock - owner thread: 0x00007fa874056000

Heap
 PSYoungGen      total 18496K, used 8964K [0x00000000eb560000, 0x00000000eca00000, 0x0000000100000000)
  eden space 15872K, 56% used [0x00000000eb560000,0x00000000ebe213a8,0x00000000ec4e0000)
  from space 2624K, 0% used [0x00000000ec770000,0x00000000ec770000,0x00000000eca00000)
  to   space 2624K, 0% used [0x00000000ec4e0000,0x00000000ec4e0000,0x00000000ec770000)
 PSOldGen        total 42368K, used 0K [0x00000000c2000000, 0x00000000c4960000, 0x00000000eb560000)
  object space 42368K, 0% used [0x00000000c2000000,0x00000000c2000000,0x00000000c4960000)
 PSPermGen       total 21248K, used 10016K [0x00000000b7a00000, 0x00000000b8ec0000, 0x00000000c2000000)
  object space 21248K, 47% used [0x00000000b7a00000,0x00000000b83c8108,0x00000000b8ec0000)

Code Cache  [0x00007fa879a80000, 0x00007fa879cf0000, 0x00007fa87ca80000)
 total_blobs=568 nmethods=113 adapters=410 free_code_cache=49601216 largest_free_block=20480

Dynamic libraries:
00400000-00408000 r-xp 00000000 08:05 3622879                            /usr/lib/jvm/java-6-openjdk-amd64/jre/bin/java
00608000-00609000 rw-p 00008000 08:05 3622879                            /usr/lib/jvm/java-6-openjdk-amd64/jre/bin/java
006f1000-00aa0000 rw-p 00000000 00:00 0                                  [heap]
b7a00000-b8ec0000 rw-p 00000000 00:00 0 
b8ec0000-c2000000 rw-p 00000000 00:00 0 
c2000000-c4960000 rw-p 00000000 00:00 0 
c4960000-eb560000 rw-p 00000000 00:00 0 
eb560000-eca00000 rw-p 00000000 00:00 0 
eca00000-100000000 rw-p 00000000 00:00 0 
7fa86e34f000-7fa86e397000 rw-p 00000000 00:00 0 
7fa86e397000-7fa86ea97000 rw-s 00006000 00:05 1847                       /dev/ati/card0
7fa86ea97000-7fa86ec17000 rw-p 00000000 00:00 0 
7fa86ec17000-7fa86ec19000 r-xp 00000000 08:05 3598954                    /usr/lib/x86_64-linux-gnu/libXinerama.so.1.0.0
7fa86ec19000-7fa86ee18000 ---p 00002000 08:05 3598954                    /usr/lib/x86_64-linux-gnu/libXinerama.so.1.0.0
7fa86ee18000-7fa86ee19000 rw-p 00001000 08:05 3598954                    /usr/lib/x86_64-linux-gnu/libXinerama.so.1.0.0
7fa86ee19000-7fa86ee54000 r-xp 00000000 08:05 3597428                    /usr/lib/x86_64-linux-gnu/libatiadlxx.so
7fa86ee54000-7fa86ef53000 ---p 0003b000 08:05 3597428                    /usr/lib/x86_64-linux-gnu/libatiadlxx.so
7fa86ef53000-7fa86ef5d000 rw-p 0003a000 08:05 3597428                    /usr/lib/x86_64-linux-gnu/libatiadlxx.so
7fa86ef5d000-7fa86ef6d000 rw-p 00000000 00:00 0 
7fa86ef6d000-7fa86ef74000 r-xp 00000000 08:05 3597940                    /usr/lib/x86_64-linux-gnu/libatiuki.so.1.0
7fa86ef74000-7fa86f074000 ---p 00007000 08:05 3597940                    /usr/lib/x86_64-linux-gnu/libatiuki.so.1.0
7fa86f074000-7fa86f075000 rw-p 00007000 08:05 3597940                    /usr/lib/x86_64-linux-gnu/libatiuki.so.1.0
7fa86f075000-7fa86f076000 rw-p 00000000 00:00 0 
7fa86f076000-7fa870fca000 r-xp 00000000 08:05 3719191                    /usr/lib/x86_64-linux-gnu/dri/fglrx_dri.so
7fa870fca000-7fa8710c9000 ---p 01f54000 08:05 3719191                    /usr/lib/x86_64-linux-gnu/dri/fglrx_dri.so
7fa8710c9000-7fa871217000 rwxp 01f53000 08:05 3719191                    /usr/lib/x86_64-linux-gnu/dri/fglrx_dri.so
7fa871217000-7fa87133d000 rwxp 00000000 00:00 0 
7fa87133d000-7fa871400000 r-xp 00000000 08:05 3719192                    /usr/lib/x86_64-linux-gnu/fglrx/fglrx-libGL.so.1.2
7fa871400000-7fa8714ff000 ---p 000c3000 08:05 3719192                    /usr/lib/x86_64-linux-gnu/fglrx/fglrx-libGL.so.1.2
7fa8714ff000-7fa871526000 rwxp 000c2000 08:05 3719192                    /usr/lib/x86_64-linux-gnu/fglrx/fglrx-libGL.so.1.2
7fa871526000-7fa871546000 rwxp 00000000 00:00 0 
7fa871546000-7fa871549000 ---p 00000000 00:00 0 
7fa871549000-7fa871647000 rw-p 00000000 00:00 0 
7fa871647000-7fa87164c000 r-xp 00000000 08:05 3598966                    /usr/lib/x86_64-linux-gnu/libXxf86vm.so.1.0.0
7fa87164c000-7fa87184b000 ---p 00005000 08:05 3598966                    /usr/lib/x86_64-linux-gnu/libXxf86vm.so.1.0.0
7fa87184b000-7fa87184c000 rw-p 00004000 08:05 3598966                    /usr/lib/x86_64-linux-gnu/libXxf86vm.so.1.0.0
7fa87184c000-7fa871854000 r-xp 00000000 08:05 3598958                    /usr/lib/x86_64-linux-gnu/libXrandr.so.2.2.0
7fa871854000-7fa871a53000 ---p 00008000 08:05 3598958                    /usr/lib/x86_64-linux-gnu/libXrandr.so.2.2.0
7fa871a53000-7fa871a54000 rw-p 00007000 08:05 3598958                    /usr/lib/x86_64-linux-gnu/libXrandr.so.2.2.0
7fa871a54000-7fa871abb000 r-xp 00000000 08:05 2089394                    /home/plato/lwjgl-2.8.3/native/linux/liblwjgl64.so
7fa871abb000-7fa871cbb000 ---p 00067000 08:05 2089394                    /home/plato/lwjgl-2.8.3/native/linux/liblwjgl64.so
7fa871cbb000-7fa871cbd000 r--p 00067000 08:05 2089394                    /home/plato/lwjgl-2.8.3/native/linux/liblwjgl64.so
7fa871cbd000-7fa871cbe000 rw-p 00069000 08:05 2089394                    /home/plato/lwjgl-2.8.3/native/linux/liblwjgl64.so
7fa871cbe000-7fa871cbf000 r-xp 00000000 08:05 3811454                    /usr/lib/jvm/java-6-openjdk-amd64/jre/lib/amd64/libjawt.so
7fa871cbf000-7fa871ebe000 ---p 00001000 08:05 3811454                    /usr/lib/jvm/java-6-openjdk-amd64/jre/lib/amd64/libjawt.so
7fa871ebe000-7fa871ebf000 rw-p 00000000 08:05 3811454                    /usr/lib/jvm/java-6-openjdk-amd64/jre/lib/amd64/libjawt.so
7fa871ebf000-7fa871ec4000 r-xp 00000000 08:05 3598942                    /usr/lib/x86_64-linux-gnu/libXfixes.so.3.1.0
7fa871ec4000-7fa8720c4000 ---p 00005000 08:05 3598942                    /usr/lib/x86_64-linux-gnu/libXfixes.so.3.1.0
7fa8720c4000-7fa8720c5000 rw-p 00005000 08:05 3598942                    /usr/lib/x86_64-linux-gnu/libXfixes.so.3.1.0
7fa8720c5000-7fa8720c6000 r--s 00000000 08:05 524688                     /var/cache/fontconfig/c05880de57d1f5e948fdfacc138775d9-le64.cache-3
7fa8720c6000-7fa8720cf000 r--s 00000000 08:05 524687                     /var/cache/fontconfig/945677eb7aeaf62f1d50efc3fb3ec7d8-le64.cache-3
7fa8720cf000-7fa8720d4000 r--s 00000000 08:05 524685                     /var/cache/fontconfig/6eb3985aa4124903f6ff08ba781cd364-le64.cache-3
7fa8720d4000-7fa8720dd000 r--s 00000000 08:05 524684                     /var/cache/fontconfig/6d41288fd70b0be22e8c3a91e032eec0-le64.cache-3
7fa8720dd000-7fa87210b000 r--s 00000000 08:05 524682                     /var/cache/fontconfig/365b55f210c0a22e9a19e35191240f32-le64.cache-3
7fa87212c000-7fa8721ac000 rw-p 00000000 00:00 0 
7fa8721ac000-7fa8721cc000 rw-s fe9e0000 00:05 1847                       /dev/ati/card0
7fa8721cc000-7fa8721cf000 ---p 00000000 00:00 0 
7fa8721cf000-7fa8722cd000 rw-p 00000000 00:00 0 
7fa8722cd000-7fa8722ce000 r--s 00000000 08:05 524688                     /var/cache/fontconfig/c05880de57d1f5e948fdfacc138775d9-le64.cache-3
7fa8722ce000-7fa8722d7000 r--s 00000000 08:05 524687                     /var/cache/fontconfig/945677eb7aeaf62f1d50efc3fb3ec7d8-le64.cache-3
7fa8722d7000-7fa8722dc000 r--s 00000000 08:05 524685                     /var/cache/fontconfig/6eb3985aa4124903f6ff08ba781cd364-le64.cache-3
7fa8722dc000-7fa8722e5000 r--s 00000000 08:05 524684                     /var/cache/fontconfig/6d41288fd70b0be22e8c3a91e032eec0-le64.cache-3
7fa8722e5000-7fa872313000 r--s 00000000 08:05 524682                     /var/cache/fontconfig/365b55f210c0a22e9a19e35191240f32-le64.cache-3
7fa872313000-7fa872316000 r--s 00000000 08:05 524681                     /var/cache/fontconfig/c57959a16110560c8d0fcea73374aeeb-le64.cache-3
7fa872316000-7fa87231b000 r--s 00000000 08:05 524680                     /var/cache/fontconfig/3047814df9a2f067bd2d96a2b9c36e5a-le64.cache-3
7fa872325000-7fa87232e000 r-xp 00000000 08:05 3597931                    /usr/lib/x86_64-linux-gnu/libXcursor.so.1.0.2
7fa87232e000-7fa87252e000 ---p 00009000 08:05 3597931                    /usr/lib/x86_64-linux-gnu/libXcursor.so.1.0.2
7fa87252e000-7fa87252f000 rw-p 00009000 08:05 3597931                    /usr/lib/x86_64-linux-gnu/libXcursor.so.1.0.2
7fa872538000-7fa87253a000 rw-s 00002000 00:05 1847                       /dev/ati/card0
7fa87253a000-7fa872545000 r--s 00093000 08:05 1942205                    /home/plato/Downloads/slick.jar
7fa872545000-7fa872549000 r--s 00027000 08:05 2089386                    /home/plato/lwjgl-2.8.3/jar/lwjgl_util.jar
7fa872549000-7fa872550000 r--s 000fb000 08:05 3457045                    /usr/lib/jvm/java-6-openjdk-common/jre/lib/resources.jar
7fa872550000-7fa872553000 r--s 00000000 08:05 524679                     /var/cache/fontconfig/e49e89034d371f0f9de17aab02136486-le64.cache-3
7fa872553000-7fa872563000 r--s 00000000 08:05 524606                     /var/cache/fontconfig/d52a8644073d54c13679302ca1180695-le64.cache-3
7fa872563000-7fa87256a000 r--s 00000000 08:05 524677                     /var/cache/fontconfig/3f7329c5293ffd510edef78f73874cfd-le64.cache-3
7fa87256a000-7fa87256d000 ---p 00000000 00:00 0 
7fa87256d000-7fa87266b000 rw-p 00000000 00:00 0 
7fa87266b000-7fa872704000 r-xp 00000000 08:05 3597483                    /usr/lib/x86_64-linux-gnu/libfreetype.so.6.8.1
7fa872704000-7fa872903000 ---p 00099000 08:05 3597483                    /usr/lib/x86_64-linux-gnu/libfreetype.so.6.8.1
7fa872903000-7fa872909000 r--p 00098000 08:05 3597483                    /usr/lib/x86_64-linux-gnu/libfreetype.so.6.8.1
7fa872909000-7fa87290a000 rw-p 0009e000 08:05 3597483                    /usr/lib/x86_64-linux-gnu/libfreetype.so.6.8.1
7fa87290a000-7fa872944000 r-xp 00000000 08:05 3811453                    /usr/lib/jvm/java-6-openjdk-amd64/jre/lib/amd64/libfontmanager.so
7fa872944000-7fa872b43000 ---p 0003a000 08:05 3811453                    /usr/lib/jvm/java-6-openjdk-amd64/jre/lib/amd64/libfontmanager.so
7fa872b43000-7fa872b45000 rw-p 00039000 08:05 3811453                    /usr/lib/jvm/java-6-openjdk-amd64/jre/lib/amd64/libfontmanager.so
7fa872b45000-7fa872b46000 rw-p 00000000 00:00 0 
7fa872b46000-7fa872b4b000 r-xp 00000000 08:05 3597207                    /usr/lib/x86_64-linux-gnu/libXdmcp.so.6.0.0
7fa872b4b000-7fa872d4a000 ---p 00005000 08:05 3597207                    /usr/lib/x86_64-linux-gnu/libXdmcp.so.6.0.0
7fa872d4a000-7fa872d4b000 rw-p 00004000 08:05 3597207                    /usr/lib/x86_64-linux-gnu/libXdmcp.so.6.0.0
7fa872d4b000-7fa872d4d000 r-xp 00000000 08:05 3597205                    /usr/lib/x86_64-linux-gnu/libXau.so.6.0.0
7fa872d4d000-7fa872f4d000 ---p 00002000 08:05 3597205                    /usr/lib/x86_64-linux-gnu/libXau.so.6.0.0
7fa872f4d000-7fa872f4e000 rw-p 00002000 08:05 3597205                    /usr/lib/x86_64-linux-gnu/libXau.so.6.0.0
7fa872f4e000-7fa872f6d000 r-xp 00000000 08:05 3597447                    /usr/lib/x86_64-linux-gnu/libxcb.so.1.1.0
7fa872f6d000-7fa87316c000 ---p 0001f000 08:05 3597447                    /usr/lib/x86_64-linux-gnu/libxcb.so.1.1.0
7fa87316c000-7fa87316d000 r--p 0001e000 08:05 3597447                    /usr/lib/x86_64-linux-gnu/libxcb.so.1.1.0
7fa87316d000-7fa87316e000 rw-p 0001f000 08:05 3597447                    /usr/lib/x86_64-linux-gnu/libxcb.so.1.1.0
7fa87316e000-7fa87317d000 r-xp 00000000 08:05 3597444                    /usr/lib/x86_64-linux-gnu/libXi.so.6.1.0
7fa87317d000-7fa87337c000 ---p 0000f000 08:05 3597444                    /usr/lib/x86_64-linux-gnu/libXi.so.6.1.0
7fa87337c000-7fa87337d000 rw-p 0000e000 08:05 3597444                    /usr/lib/x86_64-linux-gnu/libXi.so.6.1.0
7fa87337d000-7fa873382000 r-xp 00000000 08:05 3598962                    /usr/lib/x86_64-linux-gnu/libXtst.so.6.1.0
7fa873382000-7fa873582000 ---p 00005000 08:05 3598962                    /usr/lib/x86_64-linux-gnu/libXtst.so.6.1.0
7fa873582000-7fa873583000 rw-p 00005000 08:05 3598962                    /usr/lib/x86_64-linux-gnu/libXtst.so.6.1.0
7fa873583000-7fa8736bc000 r-xp 00000000 08:05 3597441                    /usr/lib/x86_64-linux-gnu/libX11.so.6.3.0
7fa8736bc000-7fa8738bc000 ---p 00139000 08:05 3597441                    /usr/lib/x86_64-linux-gnu/libX11.so.6.3.0
7fa8738bc000-7fa8738c2000 rw-p 00139000 08:05 3597441                    /usr/lib/x86_64-linux-gnu/libX11.so.6.3.0
7fa8738c2000-7fa8738d4000 r-xp 00000000 08:05 3597735                    /usr/lib/x86_64-linux-gnu/libXext.so.6.4.0
7fa8738d4000-7fa873ad4000 ---p 00012000 08:05 3597735                    /usr/lib/x86_64-linux-gnu/libXext.so.6.4.0
7fa873ad4000-7fa873ad5000 rw-p 00012000 08:05 3597735                    /usr/lib/x86_64-linux-gnu/libXext.so.6.4.0
7fa873ad5000-7fa873b22000 r-xp 00000000 08:05 3817527                    /usr/lib/jvm/java-6-openjdk-amd64/jre/lib/amd64/xawt/libmawt.so
7fa873b22000-7fa873d21000 ---p 0004d000 08:05 3817527                    /usr/lib/jvm/java-6-openjdk-amd64/jre/lib/amd64/xawt/libmawt.so
7fa873d21000-7fa873d24000 rw-p 0004c000 08:05 3817527                    /usr/lib/jvm/java-6-openjdk-amd64/jre/lib/amd64/xawt/libmawt.so
7fa873d24000-7fa873d26000 rw-p 00000000 00:00 0 
7fa873d26000-7fa873dd1000 r-xp 00000000 08:05 3811464                    /usr/lib/jvm/java-6-openjdk-amd64/jre/lib/amd64/libawt.so
7fa873dd1000-7fa873fd0000 ---p 000ab000 08:05 3811464                    /usr/lib/jvm/java-6-openjdk-amd64/jre/lib/amd64/libawt.so
7fa873fd0000-7fa873fdc000 rw-p 000aa000 08:05 3811464                    /usr/lib/jvm/java-6-openjdk-amd64/jre/lib/amd64/libawt.so
7fa873fdc000-7fa874000000 rw-p 00000000 00:00 0 
7fa874000000-7fa8750c7000 rw-p 00000000 00:00 0 
7fa8750c7000-7fa878000000 ---p 00000000 00:00 0 
7fa878000000-7fa878001000 rw-s 00005000 00:05 1847                       /dev/ati/card0
7fa878001000-7fa878003000 r--s 00000000 08:05 524678                     /var/cache/fontconfig/4b14b093aebc79c320de5e86ae1d3314-le64.cache-3
7fa878003000-7fa87800d000 r-xp 00000000 08:05 3598944                    /usr/lib/x86_64-linux-gnu/libXrender.so.1.3.0
7fa87800d000-7fa87820c000 ---p 0000a000 08:05 3598944                    /usr/lib/x86_64-linux-gnu/libXrender.so.1.3.0
7fa87820c000-7fa87820d000 rw-p 00009000 08:05 3598944                    /usr/lib/x86_64-linux-gnu/libXrender.so.1.3.0
7fa87820d000-7fa878210000 r--s 0007d000 08:05 3457063                    /usr/lib/jvm/java-6-openjdk-common/jre/lib/jsse.jar
7fa878210000-7fa87821c000 r--s 000d8000 08:05 2089384                    /home/plato/lwjgl-2.8.3/jar/lwjgl.jar
7fa87821c000-7fa87821e000 r--s 00001000 08:05 3457049                    /usr/lib/jvm/java-6-openjdk-common/jre/lib/ext/dnsns.jar
7fa87821e000-7fa878221000 r--s 00031000 08:05 3457047                    /usr/lib/jvm/java-6-openjdk-common/jre/lib/ext/sunjce_provider.jar
7fa878221000-7fa878224000 r--s 00077000 08:05 3457050                    /usr/lib/jvm/java-6-openjdk-common/jre/lib/ext/localedata.jar
7fa878224000-7fa878228000 r--s 00038000 08:05 3457051                    /usr/lib/jvm/java-6-openjdk-common/jre/lib/ext/sunpkcs11.jar
7fa878228000-7fa87822a000 r--s 0000f000 08:05 3457048                    /usr/lib/jvm/java-6-openjdk-common/jre/lib/ext/pulse-java.jar
7fa87822a000-7fa87822b000 r--s 00007000 08:05 3393499                    /usr/share/java/java-atk-wrapper.jar
7fa87822b000-7fa87822c000 ---p 00000000 00:00 0 
7fa87822c000-7fa87832c000 rw-p 00000000 00:00 0 
7fa87832c000-7fa87832f000 ---p 00000000 00:00 0 
7fa87832f000-7fa87842d000 rw-p 00000000 00:00 0 
7fa87842d000-7fa878430000 ---p 00000000 00:00 0 
7fa878430000-7fa87852e000 rw-p 00000000 00:00 0 
7fa87852e000-7fa878531000 ---p 00000000 00:00 0 
7fa878531000-7fa87862f000 rw-p 00000000 00:00 0 
7fa87862f000-7fa878632000 ---p 00000000 00:00 0 
7fa878632000-7fa878730000 rw-p 00000000 00:00 0 
7fa878730000-7fa8788a7000 r--p 00000000 08:05 3342755                    /usr/lib/locale/locale-archive
7fa8788a7000-7fa8788aa000 ---p 00000000 00:00 0 
7fa8788aa000-7fa8789a8000 rw-p 00000000 00:00 0 
7fa8789a8000-7fa8789ab000 ---p 00000000 00:00 0 
7fa8789ab000-7fa878aa9000 rw-p 00000000 00:00 0 
7fa878aa9000-7fa878aaa000 ---p 00000000 00:00 0 
7fa878aaa000-7fa8790e2000 rw-p 00000000 00:00 0 
7fa8790e2000-7fa879272000 r--s 037ba000 08:05 3622889                    /usr/lib/jvm/java-6-openjdk-amd64/jre/lib/rt.jar
7fa879272000-7fa87929a000 rw-p 00000000 00:00 0 
7fa87929a000-7fa87929b000 ---p 00000000 00:00 0 
7fa87929b000-7fa87939b000 rw-p 00000000 00:00 0 
7fa87939b000-7fa87939c000 ---p 00000000 00:00 0 
7fa87939c000-7fa87949c000 rw-p 00000000 00:00 0 
7fa87949c000-7fa87949d000 ---p 00000000 00:00 0 
7fa87949d000-7fa87959d000 rw-p 00000000 00:00 0 
7fa87959d000-7fa87959e000 ---p 00000000 00:00 0 
7fa87959e000-7fa8796a9000 rw-p 00000000 00:00 0 
7fa8796a9000-7fa8796f1000 rw-p 00000000 00:00 0 
7fa8796f1000-7fa879706000 rw-p 00000000 00:00 0 
7fa879706000-7fa87983c000 rw-p 00000000 00:00 0 
7fa87983c000-7fa879847000 rw-p 00000000 00:00 0 
7fa879847000-7fa87988f000 rw-p 00000000 00:00 0 
7fa87988f000-7fa8798a4000 rw-p 00000000 00:00 0 
7fa8798a4000-7fa8799d9000 rw-p 00000000 00:00 0 
7fa8799d9000-7fa8799e4000 rw-p 00000000 00:00 0 
7fa8799e4000-7fa879a7f000 rw-p 00000000 00:00 0 
7fa879a7f000-7fa879a80000 rw-p 00000000 00:00 0 
7fa879a80000-7fa879cf0000 rwxp 00000000 00:00 0 
7fa879cf0000-7fa87ca80000 rw-p 00000000 00:00 0 
7fa87ca80000-7fa87ca87000 r-xp 00000000 08:05 3811443                    /usr/lib/jvm/java-6-openjdk-amd64/jre/lib/amd64/libzip.so
7fa87ca87000-7fa87cc86000 ---p 00007000 08:05 3811443                    /usr/lib/jvm/java-6-openjdk-amd64/jre/lib/amd64/libzip.so
7fa87cc86000-7fa87cc87000 rw-p 00006000 08:05 3811443                    /usr/lib/jvm/java-6-openjdk-amd64/jre/lib/amd64/libzip.so
7fa87cc87000-7fa87cc92000 r-xp 00000000 08:05 5194066                    /lib/x86_64-linux-gnu/libnss_files-2.13.so
7fa87cc92000-7fa87ce91000 ---p 0000b000 08:05 5194066                    /lib/x86_64-linux-gnu/libnss_files-2.13.so
7fa87ce91000-7fa87ce92000 r--p 0000a000 08:05 5194066                    /lib/x86_64-linux-gnu/libnss_files-2.13.so
7fa87ce92000-7fa87ce93000 rw-p 0000b000 08:05 5194066                    /lib/x86_64-linux-gnu/libnss_files-2.13.so
7fa87ce93000-7fa87ce9d000 r-xp 00000000 08:05 5193832                    /lib/x86_64-linux-gnu/libnss_nis-2.13.so
7fa87ce9d000-7fa87d09c000 ---p 0000a000 08:05 5193832                    /lib/x86_64-linux-gnu/libnss_nis-2.13.so
7fa87d09c000-7fa87d09d000 r--p 00009000 08:05 5193832                    /lib/x86_64-linux-gnu/libnss_nis-2.13.so
7fa87d09d000-7fa87d09e000 rw-p 0000a000 08:05 5193832                    /lib/x86_64-linux-gnu/libnss_nis-2.13.so
7fa87d09e000-7fa87d0a5000 r-xp 00000000 08:05 5194060                    /lib/x86_64-linux-gnu/libnss_compat-2.13.so
7fa87d0a5000-7fa87d2a4000 ---p 00007000 08:05 5194060                    /lib/x86_64-linux-gnu/libnss_compat-2.13.so
7fa87d2a4000-7fa87d2a5000 r--p 00006000 08:05 5194060                    /lib/x86_64-linux-gnu/libnss_compat-2.13.so
7fa87d2a5000-7fa87d2a6000 rw-p 00007000 08:05 5194060                    /lib/x86_64-linux-gnu/libnss_compat-2.13.so
7fa87d2a6000-7fa87d2bb000 r-xp 00000000 08:05 5194056                    /lib/x86_64-linux-gnu/libnsl-2.13.so
7fa87d2bb000-7fa87d4ba000 ---p 00015000 08:05 5194056                    /lib/x86_64-linux-gnu/libnsl-2.13.so
7fa87d4ba000-7fa87d4bb000 r--p 00014000 08:05 5194056                    /lib/x86_64-linux-gnu/libnsl-2.13.so
7fa87d4bb000-7fa87d4bc000 rw-p 00015000 08:05 5194056                    /lib/x86_64-linux-gnu/libnsl-2.13.so
7fa87d4bc000-7fa87d4be000 rw-p 00000000 00:00 0 
7fa87d4be000-7fa87d4eb000 r-xp 00000000 08:05 3811445                    /usr/lib/jvm/java-6-openjdk-amd64/jre/lib/amd64/libjava.so
7fa87d4eb000-7fa87d6ea000 ---p 0002d000 08:05 3811445                    /usr/lib/jvm/java-6-openjdk-amd64/jre/lib/amd64/libjava.so
7fa87d6ea000-7fa87d6ee000 rw-p 0002c000 08:05 3811445                    /usr/lib/jvm/java-6-openjdk-amd64/jre/lib/amd64/libjava.so
7fa87d6ee000-7fa87d6fc000 r-xp 00000000 08:05 3811450                    /usr/lib/jvm/java-6-openjdk-amd64/jre/lib/amd64/libverify.so
7fa87d6fc000-7fa87d8fb000 ---p 0000e000 08:05 3811450                    /usr/lib/jvm/java-6-openjdk-amd64/jre/lib/amd64/libverify.so
7fa87d8fb000-7fa87d8fd000 rw-p 0000d000 08:05 3811450                    /usr/lib/jvm/java-6-openjdk-amd64/jre/lib/amd64/libverify.so
7fa87d8fd000-7fa87d904000 r-xp 00000000 08:05 5194063                    /lib/x86_64-linux-gnu/librt-2.13.so
7fa87d904000-7fa87db03000 ---p 00007000 08:05 5194063                    /lib/x86_64-linux-gnu/librt-2.13.so
7fa87db03000-7fa87db04000 r--p 00006000 08:05 5194063                    /lib/x86_64-linux-gnu/librt-2.13.so
7fa87db04000-7fa87db05000 rw-p 00007000 08:05 5194063                    /lib/x86_64-linux-gnu/librt-2.13.so
7fa87db05000-7fa87db1a000 r-xp 00000000 08:05 5193796                    /lib/x86_64-linux-gnu/libgcc_s.so.1
7fa87db1a000-7fa87dd1a000 ---p 00015000 08:05 5193796                    /lib/x86_64-linux-gnu/libgcc_s.so.1
7fa87dd1a000-7fa87dd1b000 rw-p 00015000 08:05 5193796                    /lib/x86_64-linux-gnu/libgcc_s.so.1
7fa87dd1b000-7fa87dd9c000 r-xp 00000000 08:05 5193831                    /lib/x86_64-linux-gnu/libm-2.13.so
7fa87dd9c000-7fa87df9b000 ---p 00081000 08:05 5193831                    /lib/x86_64-linux-gnu/libm-2.13.so
7fa87df9b000-7fa87df9c000 r--p 00080000 08:05 5193831                    /lib/x86_64-linux-gnu/libm-2.13.so
7fa87df9c000-7fa87df9d000 rw-p 00081000 08:05 5193831                    /lib/x86_64-linux-gnu/libm-2.13.so
7fa87df9d000-7fa87e082000 r-xp 00000000 08:05 3599050                    /usr/lib/x86_64-linux-gnu/libstdc++.so.6.0.16
7fa87e082000-7fa87e282000 ---p 000e5000 08:05 3599050                    /usr/lib/x86_64-linux-gnu/libstdc++.so.6.0.16
7fa87e282000-7fa87e28a000 r--p 000e5000 08:05 3599050                    /usr/lib/x86_64-linux-gnu/libstdc++.so.6.0.16
7fa87e28a000-7fa87e28c000 rw-p 000ed000 08:05 3599050                    /usr/lib/x86_64-linux-gnu/libstdc++.so.6.0.16
7fa87e28c000-7fa87e2a1000 rw-p 00000000 00:00 0 
7fa87e2a1000-7fa87eba4000 r-xp 00000000 08:05 3811439                    /usr/lib/jvm/java-6-openjdk-amd64/jre/lib/amd64/server/libjvm.so
7fa87eba4000-7fa87eda4000 ---p 00903000 08:05 3811439                    /usr/lib/jvm/java-6-openjdk-amd64/jre/lib/amd64/server/libjvm.so
7fa87eda4000-7fa87ee3f000 rw-p 00903000 08:05 3811439                    /usr/lib/jvm/java-6-openjdk-amd64/jre/lib/amd64/server/libjvm.so
7fa87ee3f000-7fa87ee68000 rw-p 00000000 00:00 0 
7fa87ee68000-7fa87efe5000 r-xp 00000000 08:05 5194051                    /lib/x86_64-linux-gnu/libc-2.13.so
7fa87efe5000-7fa87f1e5000 ---p 0017d000 08:05 5194051                    /lib/x86_64-linux-gnu/libc-2.13.so
7fa87f1e5000-7fa87f1e9000 r--p 0017d000 08:05 5194051                    /lib/x86_64-linux-gnu/libc-2.13.so
7fa87f1e9000-7fa87f1ea000 rw-p 00181000 08:05 5194051                    /lib/x86_64-linux-gnu/libc-2.13.so
7fa87f1ea000-7fa87f1ef000 rw-p 00000000 00:00 0 
7fa87f1ef000-7fa87f1f1000 r-xp 00000000 08:05 5194062                    /lib/x86_64-linux-gnu/libdl-2.13.so
7fa87f1f1000-7fa87f3f1000 ---p 00002000 08:05 5194062                    /lib/x86_64-linux-gnu/libdl-2.13.so
7fa87f3f1000-7fa87f3f2000 r--p 00002000 08:05 5194062                    /lib/x86_64-linux-gnu/libdl-2.13.so
7fa87f3f2000-7fa87f3f3000 rw-p 00003000 08:05 5194062                    /lib/x86_64-linux-gnu/libdl-2.13.so
7fa87f3f3000-7fa87f3f7000 r-xp 00000000 08:05 3817478                    /usr/lib/jvm/java-6-openjdk-amd64/jre/lib/amd64/jli/libjli.so
7fa87f3f7000-7fa87f5f6000 ---p 00004000 08:05 3817478                    /usr/lib/jvm/java-6-openjdk-amd64/jre/lib/amd64/jli/libjli.so
7fa87f5f6000-7fa87f5f7000 rw-p 00003000 08:05 3817478                    /usr/lib/jvm/java-6-openjdk-amd64/jre/lib/amd64/jli/libjli.so
7fa87f5f7000-7fa87f60e000 r-xp 00000000 08:05 5194069                    /lib/x86_64-linux-gnu/libpthread-2.13.so
7fa87f60e000-7fa87f80d000 ---p 00017000 08:05 5194069                    /lib/x86_64-linux-gnu/libpthread-2.13.so
7fa87f80d000-7fa87f80e000 r--p 00016000 08:05 5194069                    /lib/x86_64-linux-gnu/libpthread-2.13.so
7fa87f80e000-7fa87f80f000 rw-p 00017000 08:05 5194069                    /lib/x86_64-linux-gnu/libpthread-2.13.so
7fa87f80f000-7fa87f813000 rw-p 00000000 00:00 0 
7fa87f813000-7fa87f829000 r-xp 00000000 08:05 3597430                    /usr/lib/x86_64-linux-gnu/libz.so.1.2.6
7fa87f829000-7fa87fa28000 ---p 00016000 08:05 3597430                    /usr/lib/x86_64-linux-gnu/libz.so.1.2.6
7fa87fa28000-7fa87fa29000 rw-p 00015000 08:05 3597430                    /usr/lib/x86_64-linux-gnu/libz.so.1.2.6
7fa87fa29000-7fa87fa48000 r-xp 00000000 08:05 5193965                    /lib/x86_64-linux-gnu/ld-2.13.so
7fa87fa48000-7fa87fa49000 r--s 00000000 08:05 524683                     /var/cache/fontconfig/4794a0821666d79190d59a36cb4f44b5-le64.cache-3
7fa87fa49000-7fa87fa4a000 r--s 00000000 08:05 524403                     /var/cache/fontconfig/62f91419b9ebdb6975e7e41ab6412357-le64.cache-3
7fa87fa4a000-7fa87fa4d000 r--s 00000000 08:05 524670                     /var/cache/fontconfig/e13b20fdb08344e0e664864cc2ede53d-le64.cache-3
7fa87fa4d000-7fa87fa4e000 r--s 00000000 08:05 524683                     /var/cache/fontconfig/4794a0821666d79190d59a36cb4f44b5-le64.cache-3
7fa87fa4e000-7fa87fa51000 r--s 00000000 08:05 524681                     /var/cache/fontconfig/c57959a16110560c8d0fcea73374aeeb-le64.cache-3
7fa87fa51000-7fa87fa56000 r--s 00000000 08:05 524680                     /var/cache/fontconfig/3047814df9a2f067bd2d96a2b9c36e5a-le64.cache-3
7fa87fa56000-7fa87fa66000 r--s 00000000 08:05 524606                     /var/cache/fontconfig/d52a8644073d54c13679302ca1180695-le64.cache-3
7fa87fa66000-7fa87fa70000 rw-p 00000000 00:00 0 
7fa87fa70000-7fa87fb26000 rw-p 00000000 00:00 0 
7fa87fb26000-7fa87fb29000 ---p 00000000 00:00 0 
7fa87fb29000-7fa87fc2c000 rw-p 00000000 00:00 0 
7fa87fc2c000-7fa87fc2f000 r--s 00000000 08:05 524679                     /var/cache/fontconfig/e49e89034d371f0f9de17aab02136486-le64.cache-3
7fa87fc2f000-7fa87fc31000 r--s 00000000 08:05 524678                     /var/cache/fontconfig/4b14b093aebc79c320de5e86ae1d3314-le64.cache-3
7fa87fc31000-7fa87fc38000 r--s 00000000 08:05 524677                     /var/cache/fontconfig/3f7329c5293ffd510edef78f73874cfd-le64.cache-3
7fa87fc38000-7fa87fc39000 r--s 00000000 08:05 524403                     /var/cache/fontconfig/62f91419b9ebdb6975e7e41ab6412357-le64.cache-3
7fa87fc39000-7fa87fc3c000 r--s 00000000 08:05 524670                     /var/cache/fontconfig/e13b20fdb08344e0e664864cc2ede53d-le64.cache-3
7fa87fc3c000-7fa87fc44000 rw-s 00000000 00:11 46694                      /tmp/hsperfdata_plato/8535 (deleted)
7fa87fc44000-7fa87fc45000 rw-p 00000000 00:00 0 
7fa87fc45000-7fa87fc46000 ---p 00000000 00:00 0 
7fa87fc46000-7fa87fc48000 rw-p 00000000 00:00 0 
7fa87fc48000-7fa87fc49000 r--p 0001f000 08:05 5193965                    /lib/x86_64-linux-gnu/ld-2.13.so
7fa87fc49000-7fa87fc4a000 rw-p 00020000 08:05 5193965                    /lib/x86_64-linux-gnu/ld-2.13.so
7fa87fc4a000-7fa87fc4b000 rw-p 00000000 00:00 0 
7fffeb1bc000-7fffeb1dd000 rw-p 00000000 00:00 0                          [stack]
7fffeb1e7000-7fffeb1e8000 r-xp 00000000 00:00 0                          [vdso]
ffffffffff600000-ffffffffff601000 r-xp 00000000 00:00 0                  [vsyscall]

VM Arguments:
jvm_args: -Djava.library.path=/home/plato/lwjgl-2.8.3/native/linux:/home/plato/lwjgl-2.8.3/native/linux -Dfile.encoding=UTF-8 
java_command: core.Engine
Launcher Type: SUN_STANDARD

Environment Variables:
PATH=/usr/local/bin:/usr/bin:/bin:/usr/local/games:/usr/games
USERNAME=plato
LD_LIBRARY_PATH=/usr/lib/jvm/java-6-openjdk-amd64/jre/lib/amd64/server:/usr/lib/jvm/java-6-openjdk-amd64/jre/lib/amd64:/usr/lib/jvm/java-6-openjdk-amd64/jre/../lib/amd64
SHELL=/bin/bash
DISPLAY=:0

Signal Handlers:
SIGSEGV: [libjvm.so+0x781f30], sa_mask[0]=0x7ffbfeff, sa_flags=0x10000004
SIGBUS: [libjvm.so+0x781f30], sa_mask[0]=0x7ffbfeff, sa_flags=0x10000004
SIGFPE: [libjvm.so+0x646b60], sa_mask[0]=0x7ffbfeff, sa_flags=0x10000004
SIGPIPE: [libjvm.so+0x646b60], sa_mask[0]=0x7ffbfeff, sa_flags=0x10000004
SIGXFSZ: [libjvm.so+0x646b60], sa_mask[0]=0x7ffbfeff, sa_flags=0x10000004
SIGILL: [libjvm.so+0x646b60], sa_mask[0]=0x7ffbfeff, sa_flags=0x10000004
SIGUSR1: SIG_DFL, sa_mask[0]=0x00000000, sa_flags=0x00000000
SIGUSR2: [libjvm.so+0x646cf0], sa_mask[0]=0x00000004, sa_flags=0x10000004
SIGHUP: [libjvm.so+0x6496a0], sa_mask[0]=0x7ffbfeff, sa_flags=0x10000004
SIGINT: [libjvm.so+0x6496a0], sa_mask[0]=0x7ffbfeff, sa_flags=0x10000004
SIGTERM: [libjvm.so+0x6496a0], sa_mask[0]=0x7ffbfeff, sa_flags=0x10000004
SIGQUIT: [libjvm.so+0x6496a0], sa_mask[0]=0x7ffbfeff, sa_flags=0x10000004


---------------  S Y S T E M  ---------------

OS:wheezy/sid

uname:Linux 3.2.0-2-amd64 #1 SMP Sun Apr 15 16:47:38 UTC 2012 x86_64
libc:glibc 2.13 NPTL 2.13 
rlimit: STACK 8192k, CORE 0k, NPROC 31118, NOFILE 4096, AS infinity
load average:0.11 0.09 0.07

/proc/meminfo:
MemTotal:        4061164 kB
MemFree:         2225724 kB
Buffers:           30764 kB
Cached:           598996 kB
SwapCached:            0 kB
Active:          1093940 kB
Inactive:         427412 kB
Active(anon):     892544 kB
Inactive(anon):     6244 kB
Active(file):     201396 kB
Inactive(file):   421168 kB
Unevictable:          16 kB
Mlocked:              16 kB
SwapTotal:       4188156 kB
SwapFree:        4188156 kB
Dirty:                52 kB
Writeback:             0 kB
AnonPages:        891536 kB
Mapped:           285376 kB
Shmem:              7196 kB
Slab:              56916 kB
SReclaimable:      28848 kB
SUnreclaim:        28068 kB
KernelStack:        3904 kB
PageTables:        31080 kB
NFS_Unstable:          0 kB
Bounce:                0 kB
WritebackTmp:          0 kB
CommitLimit:     6218736 kB
Committed_AS:    2671612 kB
VmallocTotal:   34359738367 kB
VmallocUsed:      301252 kB
VmallocChunk:   34359430812 kB
HardwareCorrupted:     0 kB
AnonHugePages:         0 kB
HugePages_Total:       0
HugePages_Free:        0
HugePages_Rsvd:        0
HugePages_Surp:        0
Hugepagesize:       2048 kB
DirectMap4k:       95872 kB
DirectMap2M:     3049472 kB
DirectMap1G:     1048576 kB


CPU:total 4 (4 cores per cpu, 1 threads per core) family 16 model 4 stepping 3, cmov, cx8, fxsr, mmx, sse, sse2, sse3, popcnt, mmxext, 3dnowpref, lzcnt, sse4a

Memory: 4k page, physical 4061164k(2225724k free), swap 4188156k(4188156k free)

vm_info: OpenJDK 64-Bit Server VM (20.0-b12) for linux-amd64 JRE (1.6.0_24-b24), built on Feb 27 2012 00:20:15 by "doko" with gcc 4.6.2

time: Wed May  9 22:52:40 2012
elapsed time: 131 seconds

